ARM GAS  C:\Users\vanil\AppData\Local\Temp\cc2nsrZo.s 			page 1


   1              		.syntax unified
   2              		.cpu cortex-m0
   3              		.fpu softvfp
   4              		.eabi_attribute 20, 1
   5              		.eabi_attribute 21, 1
   6              		.eabi_attribute 23, 3
   7              		.eabi_attribute 24, 1
   8              		.eabi_attribute 25, 1
   9              		.eabi_attribute 26, 1
  10              		.eabi_attribute 30, 1
  11              		.eabi_attribute 34, 0
  12              		.eabi_attribute 18, 4
  13              		.thumb
  14              		.syntax unified
  15              		.file	"cyfitter_cfg.c"
  16              		.text
  17              	.Ltext0:
  18              		.cfi_sections	.debug_frame
  19              		.section	.text.AnalogSetDefault,"ax",%progbits
  20              		.align	2
  21              		.code	16
  22              		.thumb_func
  23              		.type	AnalogSetDefault, %function
  24              	AnalogSetDefault:
  25              	.LFB6:
  26              		.file 1 "Generated_Source\\PSoC4\\cyfitter_cfg.c"
   1:Generated_Source\PSoC4/cyfitter_cfg.c **** 
   2:Generated_Source\PSoC4/cyfitter_cfg.c **** /*******************************************************************************
   3:Generated_Source\PSoC4/cyfitter_cfg.c **** * File Name: cyfitter_cfg.c
   4:Generated_Source\PSoC4/cyfitter_cfg.c **** * 
   5:Generated_Source\PSoC4/cyfitter_cfg.c **** * PSoC Creator  4.2
   6:Generated_Source\PSoC4/cyfitter_cfg.c **** *
   7:Generated_Source\PSoC4/cyfitter_cfg.c **** * Description:
   8:Generated_Source\PSoC4/cyfitter_cfg.c **** * This file contains device initialization code.
   9:Generated_Source\PSoC4/cyfitter_cfg.c **** * Except for the user defined sections in CyClockStartupError(), this file should not be modified.
  10:Generated_Source\PSoC4/cyfitter_cfg.c **** * This file is automatically generated by PSoC Creator.
  11:Generated_Source\PSoC4/cyfitter_cfg.c **** *
  12:Generated_Source\PSoC4/cyfitter_cfg.c **** ********************************************************************************
  13:Generated_Source\PSoC4/cyfitter_cfg.c **** * Copyright (c) 2007-2018 Cypress Semiconductor.  All rights reserved.
  14:Generated_Source\PSoC4/cyfitter_cfg.c **** * You may use this file only in accordance with the license, terms, conditions, 
  15:Generated_Source\PSoC4/cyfitter_cfg.c **** * disclaimers, and limitations in the end user license agreement accompanying 
  16:Generated_Source\PSoC4/cyfitter_cfg.c **** * the software package with which this file was provided.
  17:Generated_Source\PSoC4/cyfitter_cfg.c **** ********************************************************************************/
  18:Generated_Source\PSoC4/cyfitter_cfg.c **** 
  19:Generated_Source\PSoC4/cyfitter_cfg.c **** #include <string.h>
  20:Generated_Source\PSoC4/cyfitter_cfg.c **** #include "cytypes.h"
  21:Generated_Source\PSoC4/cyfitter_cfg.c **** #include "cydevice_trm.h"
  22:Generated_Source\PSoC4/cyfitter_cfg.c **** #include "cyfitter.h"
  23:Generated_Source\PSoC4/cyfitter_cfg.c **** #include "CyLib.h"
  24:Generated_Source\PSoC4/cyfitter_cfg.c **** #include "CyLFClk.h"
  25:Generated_Source\PSoC4/cyfitter_cfg.c **** #include "cyfitter_cfg.h"
  26:Generated_Source\PSoC4/cyfitter_cfg.c **** #include "cyapicallbacks.h"
  27:Generated_Source\PSoC4/cyfitter_cfg.c **** 
  28:Generated_Source\PSoC4/cyfitter_cfg.c **** 
  29:Generated_Source\PSoC4/cyfitter_cfg.c **** #if defined(__GNUC__) || defined(__ARMCC_VERSION)
  30:Generated_Source\PSoC4/cyfitter_cfg.c ****     #define CYPACKED 
  31:Generated_Source\PSoC4/cyfitter_cfg.c ****     #define CYPACKED_ATTR __attribute__ ((packed))
ARM GAS  C:\Users\vanil\AppData\Local\Temp\cc2nsrZo.s 			page 2


  32:Generated_Source\PSoC4/cyfitter_cfg.c ****     #define CYALIGNED __attribute__ ((aligned))
  33:Generated_Source\PSoC4/cyfitter_cfg.c ****     #define CY_CFG_UNUSED __attribute__ ((unused))
  34:Generated_Source\PSoC4/cyfitter_cfg.c ****     #ifndef CY_CFG_SECTION
  35:Generated_Source\PSoC4/cyfitter_cfg.c ****         #define CY_CFG_SECTION __attribute__ ((section(".psocinit")))
  36:Generated_Source\PSoC4/cyfitter_cfg.c ****     #endif
  37:Generated_Source\PSoC4/cyfitter_cfg.c ****     
  38:Generated_Source\PSoC4/cyfitter_cfg.c ****     #if defined(__ARMCC_VERSION)
  39:Generated_Source\PSoC4/cyfitter_cfg.c ****         #define CY_CFG_MEMORY_BARRIER() __memory_changed()
  40:Generated_Source\PSoC4/cyfitter_cfg.c ****     #else
  41:Generated_Source\PSoC4/cyfitter_cfg.c ****         #define CY_CFG_MEMORY_BARRIER() __sync_synchronize()
  42:Generated_Source\PSoC4/cyfitter_cfg.c ****     #endif
  43:Generated_Source\PSoC4/cyfitter_cfg.c ****     
  44:Generated_Source\PSoC4/cyfitter_cfg.c **** #elif defined(__ICCARM__)
  45:Generated_Source\PSoC4/cyfitter_cfg.c ****     #include <intrinsics.h>
  46:Generated_Source\PSoC4/cyfitter_cfg.c **** 
  47:Generated_Source\PSoC4/cyfitter_cfg.c ****     #define CYPACKED __packed
  48:Generated_Source\PSoC4/cyfitter_cfg.c ****     #define CYPACKED_ATTR 
  49:Generated_Source\PSoC4/cyfitter_cfg.c ****     #define CYALIGNED _Pragma("data_alignment=4")
  50:Generated_Source\PSoC4/cyfitter_cfg.c ****     #define CY_CFG_UNUSED _Pragma("diag_suppress=Pe177")
  51:Generated_Source\PSoC4/cyfitter_cfg.c ****     #define CY_CFG_SECTION _Pragma("location=\".psocinit\"")
  52:Generated_Source\PSoC4/cyfitter_cfg.c ****     
  53:Generated_Source\PSoC4/cyfitter_cfg.c ****     #define CY_CFG_MEMORY_BARRIER() __DMB()
  54:Generated_Source\PSoC4/cyfitter_cfg.c ****     
  55:Generated_Source\PSoC4/cyfitter_cfg.c **** #else
  56:Generated_Source\PSoC4/cyfitter_cfg.c ****     #error Unsupported toolchain
  57:Generated_Source\PSoC4/cyfitter_cfg.c **** #endif
  58:Generated_Source\PSoC4/cyfitter_cfg.c **** 
  59:Generated_Source\PSoC4/cyfitter_cfg.c **** #ifndef CYCODE
  60:Generated_Source\PSoC4/cyfitter_cfg.c ****     #define CYCODE
  61:Generated_Source\PSoC4/cyfitter_cfg.c **** #endif
  62:Generated_Source\PSoC4/cyfitter_cfg.c **** #ifndef CYDATA
  63:Generated_Source\PSoC4/cyfitter_cfg.c ****     #define CYDATA
  64:Generated_Source\PSoC4/cyfitter_cfg.c **** #endif
  65:Generated_Source\PSoC4/cyfitter_cfg.c **** #ifndef CYFAR
  66:Generated_Source\PSoC4/cyfitter_cfg.c ****     #define CYFAR
  67:Generated_Source\PSoC4/cyfitter_cfg.c **** #endif
  68:Generated_Source\PSoC4/cyfitter_cfg.c **** #ifndef CYXDATA
  69:Generated_Source\PSoC4/cyfitter_cfg.c ****     #define CYXDATA
  70:Generated_Source\PSoC4/cyfitter_cfg.c **** #endif
  71:Generated_Source\PSoC4/cyfitter_cfg.c **** 
  72:Generated_Source\PSoC4/cyfitter_cfg.c **** 
  73:Generated_Source\PSoC4/cyfitter_cfg.c **** CY_CFG_UNUSED
  74:Generated_Source\PSoC4/cyfitter_cfg.c **** static void CYMEMZERO(void *s, size_t n);
  75:Generated_Source\PSoC4/cyfitter_cfg.c **** CY_CFG_UNUSED
  76:Generated_Source\PSoC4/cyfitter_cfg.c **** static void CYMEMZERO(void *s, size_t n)
  77:Generated_Source\PSoC4/cyfitter_cfg.c **** {
  78:Generated_Source\PSoC4/cyfitter_cfg.c **** 	(void)memset(s, 0, n);
  79:Generated_Source\PSoC4/cyfitter_cfg.c **** }
  80:Generated_Source\PSoC4/cyfitter_cfg.c **** CY_CFG_UNUSED
  81:Generated_Source\PSoC4/cyfitter_cfg.c **** static void CYCONFIGCPY(void *dest, const void *src, size_t n);
  82:Generated_Source\PSoC4/cyfitter_cfg.c **** CY_CFG_UNUSED
  83:Generated_Source\PSoC4/cyfitter_cfg.c **** static void CYCONFIGCPY(void *dest, const void *src, size_t n)
  84:Generated_Source\PSoC4/cyfitter_cfg.c **** {
  85:Generated_Source\PSoC4/cyfitter_cfg.c **** 	(void)memcpy(dest, src, n);
  86:Generated_Source\PSoC4/cyfitter_cfg.c **** }
  87:Generated_Source\PSoC4/cyfitter_cfg.c **** CY_CFG_UNUSED
  88:Generated_Source\PSoC4/cyfitter_cfg.c **** static void CYCONFIGCPYCODE(void *dest, const void *src, size_t n);
ARM GAS  C:\Users\vanil\AppData\Local\Temp\cc2nsrZo.s 			page 3


  89:Generated_Source\PSoC4/cyfitter_cfg.c **** CY_CFG_UNUSED
  90:Generated_Source\PSoC4/cyfitter_cfg.c **** static void CYCONFIGCPYCODE(void *dest, const void *src, size_t n)
  91:Generated_Source\PSoC4/cyfitter_cfg.c **** {
  92:Generated_Source\PSoC4/cyfitter_cfg.c **** 	(void)memcpy(dest, src, n);
  93:Generated_Source\PSoC4/cyfitter_cfg.c **** }
  94:Generated_Source\PSoC4/cyfitter_cfg.c **** 
  95:Generated_Source\PSoC4/cyfitter_cfg.c **** 
  96:Generated_Source\PSoC4/cyfitter_cfg.c **** 
  97:Generated_Source\PSoC4/cyfitter_cfg.c **** 
  98:Generated_Source\PSoC4/cyfitter_cfg.c **** /* Clock startup error codes                                                   */
  99:Generated_Source\PSoC4/cyfitter_cfg.c **** #define CYCLOCKSTART_NO_ERROR    0u
 100:Generated_Source\PSoC4/cyfitter_cfg.c **** #define CYCLOCKSTART_XTAL_ERROR  1u
 101:Generated_Source\PSoC4/cyfitter_cfg.c **** #define CYCLOCKSTART_32KHZ_ERROR 2u
 102:Generated_Source\PSoC4/cyfitter_cfg.c **** #define CYCLOCKSTART_PLL_ERROR   3u
 103:Generated_Source\PSoC4/cyfitter_cfg.c **** #define CYCLOCKSTART_FLL_ERROR   4u
 104:Generated_Source\PSoC4/cyfitter_cfg.c **** #define CYCLOCKSTART_WCO_ERROR   5u
 105:Generated_Source\PSoC4/cyfitter_cfg.c **** 
 106:Generated_Source\PSoC4/cyfitter_cfg.c **** 
 107:Generated_Source\PSoC4/cyfitter_cfg.c **** #ifdef CY_NEED_CYCLOCKSTARTUPERROR
 108:Generated_Source\PSoC4/cyfitter_cfg.c **** /*******************************************************************************
 109:Generated_Source\PSoC4/cyfitter_cfg.c **** * Function Name: CyClockStartupError
 110:Generated_Source\PSoC4/cyfitter_cfg.c **** ********************************************************************************
 111:Generated_Source\PSoC4/cyfitter_cfg.c **** * Summary:
 112:Generated_Source\PSoC4/cyfitter_cfg.c **** *  If an error is encountered during clock configuration (crystal startup error,
 113:Generated_Source\PSoC4/cyfitter_cfg.c **** *  PLL lock error, etc.), the system will end up here.  Unless reimplemented by
 114:Generated_Source\PSoC4/cyfitter_cfg.c **** *  the customer, this function will stop in an infinite loop.
 115:Generated_Source\PSoC4/cyfitter_cfg.c **** *
 116:Generated_Source\PSoC4/cyfitter_cfg.c **** * Parameters:
 117:Generated_Source\PSoC4/cyfitter_cfg.c **** *   void
 118:Generated_Source\PSoC4/cyfitter_cfg.c **** *
 119:Generated_Source\PSoC4/cyfitter_cfg.c **** * Return:
 120:Generated_Source\PSoC4/cyfitter_cfg.c **** *   void
 121:Generated_Source\PSoC4/cyfitter_cfg.c **** *
 122:Generated_Source\PSoC4/cyfitter_cfg.c **** *******************************************************************************/
 123:Generated_Source\PSoC4/cyfitter_cfg.c **** CY_CFG_UNUSED
 124:Generated_Source\PSoC4/cyfitter_cfg.c **** static void CyClockStartupError(uint8 errorCode);
 125:Generated_Source\PSoC4/cyfitter_cfg.c **** CY_CFG_UNUSED
 126:Generated_Source\PSoC4/cyfitter_cfg.c **** static void CyClockStartupError(uint8 errorCode)
 127:Generated_Source\PSoC4/cyfitter_cfg.c **** {
 128:Generated_Source\PSoC4/cyfitter_cfg.c ****     /* To remove the compiler warning if errorCode not used.                */
 129:Generated_Source\PSoC4/cyfitter_cfg.c ****     errorCode = errorCode;
 130:Generated_Source\PSoC4/cyfitter_cfg.c **** 
 131:Generated_Source\PSoC4/cyfitter_cfg.c ****     /* If we have a clock startup error (bad MHz crystal, PLL lock, etc.),  */
 132:Generated_Source\PSoC4/cyfitter_cfg.c ****     /* we will end up here to allow the customer to implement something to  */
 133:Generated_Source\PSoC4/cyfitter_cfg.c ****     /* deal with the clock condition.                                       */
 134:Generated_Source\PSoC4/cyfitter_cfg.c **** 
 135:Generated_Source\PSoC4/cyfitter_cfg.c **** #ifdef CY_CFG_CLOCK_STARTUP_ERROR_CALLBACK
 136:Generated_Source\PSoC4/cyfitter_cfg.c ****     CY_CFG_Clock_Startup_ErrorCallback();
 137:Generated_Source\PSoC4/cyfitter_cfg.c **** #else
 138:Generated_Source\PSoC4/cyfitter_cfg.c ****     /*  If not using CY_CFG_CLOCK_STARTUP_ERROR_CALLBACK, place your clock startup code here. */
 139:Generated_Source\PSoC4/cyfitter_cfg.c ****     /* `#START CyClockStartupError` */
 140:Generated_Source\PSoC4/cyfitter_cfg.c **** 
 141:Generated_Source\PSoC4/cyfitter_cfg.c **** 
 142:Generated_Source\PSoC4/cyfitter_cfg.c **** 
 143:Generated_Source\PSoC4/cyfitter_cfg.c ****     /* `#END` */
 144:Generated_Source\PSoC4/cyfitter_cfg.c **** 
 145:Generated_Source\PSoC4/cyfitter_cfg.c ****     while(1) {}
ARM GAS  C:\Users\vanil\AppData\Local\Temp\cc2nsrZo.s 			page 4


 146:Generated_Source\PSoC4/cyfitter_cfg.c **** #endif /* CY_CFG_CLOCK_STARTUP_ERROR_CALLBACK */
 147:Generated_Source\PSoC4/cyfitter_cfg.c **** }
 148:Generated_Source\PSoC4/cyfitter_cfg.c **** #endif
 149:Generated_Source\PSoC4/cyfitter_cfg.c **** 
 150:Generated_Source\PSoC4/cyfitter_cfg.c **** 
 151:Generated_Source\PSoC4/cyfitter_cfg.c **** 
 152:Generated_Source\PSoC4/cyfitter_cfg.c **** /*******************************************************************************
 153:Generated_Source\PSoC4/cyfitter_cfg.c **** * Function Name: ClockSetup
 154:Generated_Source\PSoC4/cyfitter_cfg.c **** ********************************************************************************
 155:Generated_Source\PSoC4/cyfitter_cfg.c **** *
 156:Generated_Source\PSoC4/cyfitter_cfg.c **** * Summary:
 157:Generated_Source\PSoC4/cyfitter_cfg.c **** *   Performs the initialization of all of the clocks in the device based on the
 158:Generated_Source\PSoC4/cyfitter_cfg.c **** *   settings in the Clock tab of the DWR.  This includes enabling the requested
 159:Generated_Source\PSoC4/cyfitter_cfg.c **** *   clocks and setting the necessary dividers to produce the desired frequency. 
 160:Generated_Source\PSoC4/cyfitter_cfg.c **** *
 161:Generated_Source\PSoC4/cyfitter_cfg.c **** * Parameters:
 162:Generated_Source\PSoC4/cyfitter_cfg.c **** *   void
 163:Generated_Source\PSoC4/cyfitter_cfg.c **** *
 164:Generated_Source\PSoC4/cyfitter_cfg.c **** * Return:
 165:Generated_Source\PSoC4/cyfitter_cfg.c **** *   void
 166:Generated_Source\PSoC4/cyfitter_cfg.c **** *
 167:Generated_Source\PSoC4/cyfitter_cfg.c **** *******************************************************************************/
 168:Generated_Source\PSoC4/cyfitter_cfg.c **** static void ClockSetup(void);
 169:Generated_Source\PSoC4/cyfitter_cfg.c **** CY_CFG_SECTION
 170:Generated_Source\PSoC4/cyfitter_cfg.c **** static void ClockSetup(void)
 171:Generated_Source\PSoC4/cyfitter_cfg.c **** {
 172:Generated_Source\PSoC4/cyfitter_cfg.c **** 
 173:Generated_Source\PSoC4/cyfitter_cfg.c **** 	/* Set Flash Cycles based on max possible frequency in case a glitch occurs during ClockSetup(). *
 174:Generated_Source\PSoC4/cyfitter_cfg.c **** 	CY_SET_REG32((void CYXDATA *)(CYREG_CPUSS_FLASH_CTL), (0x0012u));
 175:Generated_Source\PSoC4/cyfitter_cfg.c **** 
 176:Generated_Source\PSoC4/cyfitter_cfg.c **** 	/* Start the WCO */
 177:Generated_Source\PSoC4/cyfitter_cfg.c **** 	CySysClkWcoStart();
 178:Generated_Source\PSoC4/cyfitter_cfg.c **** 	(void)CySysClkWcoSetPowerMode(CY_SYS_CLK_WCO_LPM);    /* Switch to the low power mode */
 179:Generated_Source\PSoC4/cyfitter_cfg.c **** 
 180:Generated_Source\PSoC4/cyfitter_cfg.c **** 	/* Setup and trim IMO based on desired frequency. */
 181:Generated_Source\PSoC4/cyfitter_cfg.c **** 	CySysClkWriteImoFreq(24u);
 182:Generated_Source\PSoC4/cyfitter_cfg.c **** 	/* CYDEV_CLK_ILO_CONFIG Starting address: CYDEV_CLK_ILO_CONFIG */
 183:Generated_Source\PSoC4/cyfitter_cfg.c **** 	CY_SET_REG32((void *)(CYREG_CLK_ILO_CONFIG), 0x80000006u);
 184:Generated_Source\PSoC4/cyfitter_cfg.c **** 
 185:Generated_Source\PSoC4/cyfitter_cfg.c **** 
 186:Generated_Source\PSoC4/cyfitter_cfg.c **** 	/* Enable fast start mode for XO */
 187:Generated_Source\PSoC4/cyfitter_cfg.c **** 	CY_SET_REG32((void*)CYREG_BLE_BLERD_BB_XO, CY_GET_REG32((void*)CYREG_BLE_BLERD_BB_XO) | (uint32)0x
 188:Generated_Source\PSoC4/cyfitter_cfg.c **** 	CY_SET_REG32((void *)(CYREG_BLE_BLERD_BB_XO_CAPTRIM), 0x00003E2Du);
 189:Generated_Source\PSoC4/cyfitter_cfg.c **** 	/*Set XTAL(ECO) divider*/
 190:Generated_Source\PSoC4/cyfitter_cfg.c **** 	CY_SET_REG32((void *)(CYREG_BLE_BLESS_XTAL_CLK_DIV_CONFIG), 0x00000000u);
 191:Generated_Source\PSoC4/cyfitter_cfg.c **** 	/* Disable Crystal Stable Interrupt before enabling ECO */
 192:Generated_Source\PSoC4/cyfitter_cfg.c **** 	CY_SET_REG32((void*)CYREG_BLE_BLESS_LL_DSM_CTRL, CY_GET_REG32((void*)CYREG_BLE_BLESS_LL_DSM_CTRL) 
 193:Generated_Source\PSoC4/cyfitter_cfg.c **** 	/* Start the ECO and do not check status since it is not needed for HFCLK */
 194:Generated_Source\PSoC4/cyfitter_cfg.c **** 	(void)CySysClkEcoStart(2000u);
 195:Generated_Source\PSoC4/cyfitter_cfg.c **** 	CyDelayUs(1500u); /* Wait to stabilize */
 196:Generated_Source\PSoC4/cyfitter_cfg.c **** 
 197:Generated_Source\PSoC4/cyfitter_cfg.c **** 	/* Setup phase aligned clocks */
 198:Generated_Source\PSoC4/cyfitter_cfg.c **** 
 199:Generated_Source\PSoC4/cyfitter_cfg.c **** 	/* CYDEV_CLK_IMO_CONFIG Starting address: CYDEV_CLK_IMO_CONFIG */
 200:Generated_Source\PSoC4/cyfitter_cfg.c **** 	CY_SET_REG32((void *)(CYREG_CLK_IMO_CONFIG), 0x80000000u);
 201:Generated_Source\PSoC4/cyfitter_cfg.c **** 
 202:Generated_Source\PSoC4/cyfitter_cfg.c **** 	/* CYDEV_CLK_SELECT Starting address: CYDEV_CLK_SELECT */
ARM GAS  C:\Users\vanil\AppData\Local\Temp\cc2nsrZo.s 			page 5


 203:Generated_Source\PSoC4/cyfitter_cfg.c **** 	CY_SET_REG32((void *)(CYREG_CLK_SELECT), 0x00000000u);
 204:Generated_Source\PSoC4/cyfitter_cfg.c **** 
 205:Generated_Source\PSoC4/cyfitter_cfg.c **** 	(void)CyIntSetVector(8u, &CySysWdtIsr);
 206:Generated_Source\PSoC4/cyfitter_cfg.c **** 	CyIntEnable(8u);
 207:Generated_Source\PSoC4/cyfitter_cfg.c **** 	CY_SET_REG32((void *)(CYREG_WDT_CONFIG), 0x00000000u);
 208:Generated_Source\PSoC4/cyfitter_cfg.c **** 	/* Set Flash Cycles based on newly configured 24.00MHz HFCLK. */
 209:Generated_Source\PSoC4/cyfitter_cfg.c **** 	CY_SET_REG32((void CYXDATA *)(CYREG_CPUSS_FLASH_CTL), (0x0011u));
 210:Generated_Source\PSoC4/cyfitter_cfg.c **** }
 211:Generated_Source\PSoC4/cyfitter_cfg.c **** 
 212:Generated_Source\PSoC4/cyfitter_cfg.c **** 
 213:Generated_Source\PSoC4/cyfitter_cfg.c **** /* Analog API Functions */
 214:Generated_Source\PSoC4/cyfitter_cfg.c **** 
 215:Generated_Source\PSoC4/cyfitter_cfg.c **** 
 216:Generated_Source\PSoC4/cyfitter_cfg.c **** /*******************************************************************************
 217:Generated_Source\PSoC4/cyfitter_cfg.c **** * Function Name: AnalogSetDefault
 218:Generated_Source\PSoC4/cyfitter_cfg.c **** ********************************************************************************
 219:Generated_Source\PSoC4/cyfitter_cfg.c **** *
 220:Generated_Source\PSoC4/cyfitter_cfg.c **** * Summary:
 221:Generated_Source\PSoC4/cyfitter_cfg.c **** *  Sets up the analog portions of the chip to default values based on chip
 222:Generated_Source\PSoC4/cyfitter_cfg.c **** *  configuration options from the project.
 223:Generated_Source\PSoC4/cyfitter_cfg.c **** *
 224:Generated_Source\PSoC4/cyfitter_cfg.c **** * Parameters:
 225:Generated_Source\PSoC4/cyfitter_cfg.c **** *  void
 226:Generated_Source\PSoC4/cyfitter_cfg.c **** *
 227:Generated_Source\PSoC4/cyfitter_cfg.c **** * Return:
 228:Generated_Source\PSoC4/cyfitter_cfg.c **** *  void
 229:Generated_Source\PSoC4/cyfitter_cfg.c **** *
 230:Generated_Source\PSoC4/cyfitter_cfg.c **** *******************************************************************************/
 231:Generated_Source\PSoC4/cyfitter_cfg.c **** static void AnalogSetDefault(void);
 232:Generated_Source\PSoC4/cyfitter_cfg.c **** static void AnalogSetDefault(void)
 233:Generated_Source\PSoC4/cyfitter_cfg.c **** {
  27              		.loc 1 233 0
  28              		.cfi_startproc
  29              		@ args = 0, pretend = 0, frame = 0
  30              		@ frame_needed = 0, uses_anonymous_args = 0
  31              		@ link register save eliminated.
 234:Generated_Source\PSoC4/cyfitter_cfg.c **** 	CY_SET_XTND_REG32((void CYFAR *)CYREG_CTBM0_DFT_CTRL, 0x00000003u);
  32              		.loc 1 234 0
  33 0000 0323     		movs	r3, #3
  34 0002 044A     		ldr	r2, .L2
  35 0004 1360     		str	r3, [r2]
 235:Generated_Source\PSoC4/cyfitter_cfg.c **** 	CY_SET_XTND_REG32((void CYFAR *)CYREG_CTBM1_DFT_CTRL, 0x00000003u);
  36              		.loc 1 235 0
  37 0006 044A     		ldr	r2, .L2+4
  38 0008 1360     		str	r3, [r2]
 236:Generated_Source\PSoC4/cyfitter_cfg.c **** 	CY_SET_XTND_REG32((void CYFAR *)CYREG_PASS_DSAB_DSAB_CTRL, 0x00000000u);
  39              		.loc 1 236 0
  40 000a 0022     		movs	r2, #0
  41 000c 034B     		ldr	r3, .L2+8
  42 000e 1A60     		str	r2, [r3]
 237:Generated_Source\PSoC4/cyfitter_cfg.c **** }
  43              		.loc 1 237 0
  44              		@ sp needed
  45 0010 7047     		bx	lr
  46              	.L3:
  47 0012 C046     		.align	2
  48              	.L2:
ARM GAS  C:\Users\vanil\AppData\Local\Temp\cc2nsrZo.s 			page 6


  49 0014 30003040 		.word	1076887600
  50 0018 30003140 		.word	1076953136
  51 001c 000E3F40 		.word	1077874176
  52              		.cfi_endproc
  53              	.LFE6:
  54              		.size	AnalogSetDefault, .-AnalogSetDefault
  55              		.section	.text.CYMEMZERO,"ax",%progbits
  56              		.align	2
  57              		.code	16
  58              		.thumb_func
  59              		.type	CYMEMZERO, %function
  60              	CYMEMZERO:
  61              	.LFB2:
  77:Generated_Source\PSoC4/cyfitter_cfg.c **** 	(void)memset(s, 0, n);
  62              		.loc 1 77 0
  63              		.cfi_startproc
  64              		@ args = 0, pretend = 0, frame = 0
  65              		@ frame_needed = 0, uses_anonymous_args = 0
  66              	.LVL0:
  67 0000 10B5     		push	{r4, lr}
  68              		.cfi_def_cfa_offset 8
  69              		.cfi_offset 4, -8
  70              		.cfi_offset 14, -4
  71 0002 0A00     		movs	r2, r1
  78:Generated_Source\PSoC4/cyfitter_cfg.c **** }
  72              		.loc 1 78 0
  73 0004 0021     		movs	r1, #0
  74              	.LVL1:
  75 0006 FFF7FEFF 		bl	memset
  76              	.LVL2:
  79:Generated_Source\PSoC4/cyfitter_cfg.c **** CY_CFG_UNUSED
  77              		.loc 1 79 0
  78              		@ sp needed
  79 000a 10BD     		pop	{r4, pc}
  80              		.cfi_endproc
  81              	.LFE2:
  82              		.size	CYMEMZERO, .-CYMEMZERO
  83              		.section	.psocinit,"ax",%progbits
  84              		.align	2
  85              		.code	16
  86              		.thumb_func
  87              		.type	ClockSetup, %function
  88              	ClockSetup:
  89              	.LFB5:
 171:Generated_Source\PSoC4/cyfitter_cfg.c **** 
  90              		.loc 1 171 0
  91              		.cfi_startproc
  92              		@ args = 0, pretend = 0, frame = 0
  93              		@ frame_needed = 0, uses_anonymous_args = 0
  94 0000 70B5     		push	{r4, r5, r6, lr}
  95              		.cfi_def_cfa_offset 16
  96              		.cfi_offset 4, -16
  97              		.cfi_offset 5, -12
  98              		.cfi_offset 6, -8
  99              		.cfi_offset 14, -4
 174:Generated_Source\PSoC4/cyfitter_cfg.c **** 
 100              		.loc 1 174 0
ARM GAS  C:\Users\vanil\AppData\Local\Temp\cc2nsrZo.s 			page 7


 101 0002 1B4D     		ldr	r5, .L6
 102 0004 1223     		movs	r3, #18
 103 0006 2B60     		str	r3, [r5]
 177:Generated_Source\PSoC4/cyfitter_cfg.c **** 	(void)CySysClkWcoSetPowerMode(CY_SYS_CLK_WCO_LPM);    /* Switch to the low power mode */
 104              		.loc 1 177 0
 105 0008 FFF7FEFF 		bl	CySysClkWcoStart
 106              	.LVL3:
 178:Generated_Source\PSoC4/cyfitter_cfg.c **** 
 107              		.loc 1 178 0
 108 000c 0120     		movs	r0, #1
 109 000e FFF7FEFF 		bl	CySysClkWcoSetPowerMode
 110              	.LVL4:
 181:Generated_Source\PSoC4/cyfitter_cfg.c **** 	/* CYDEV_CLK_ILO_CONFIG Starting address: CYDEV_CLK_ILO_CONFIG */
 111              		.loc 1 181 0
 112 0012 1820     		movs	r0, #24
 113 0014 FFF7FEFF 		bl	CySysClkWriteImoFreq
 114              	.LVL5:
 183:Generated_Source\PSoC4/cyfitter_cfg.c **** 
 115              		.loc 1 183 0
 116 0018 164A     		ldr	r2, .L6+4
 117 001a 174B     		ldr	r3, .L6+8
 118 001c 1A60     		str	r2, [r3]
 187:Generated_Source\PSoC4/cyfitter_cfg.c **** 	CY_SET_REG32((void *)(CYREG_BLE_BLERD_BB_XO_CAPTRIM), 0x00003E2Du);
 119              		.loc 1 187 0
 120 001e 174A     		ldr	r2, .L6+12
 121 0020 1168     		ldr	r1, [r2]
 122 0022 0223     		movs	r3, #2
 123 0024 0B43     		orrs	r3, r1
 124 0026 1360     		str	r3, [r2]
 188:Generated_Source\PSoC4/cyfitter_cfg.c **** 	/*Set XTAL(ECO) divider*/
 125              		.loc 1 188 0
 126 0028 154A     		ldr	r2, .L6+16
 127 002a 164B     		ldr	r3, .L6+20
 128 002c 1A60     		str	r2, [r3]
 190:Generated_Source\PSoC4/cyfitter_cfg.c **** 	/* Disable Crystal Stable Interrupt before enabling ECO */
 129              		.loc 1 190 0
 130 002e 0024     		movs	r4, #0
 131 0030 154B     		ldr	r3, .L6+24
 132 0032 1C60     		str	r4, [r3]
 192:Generated_Source\PSoC4/cyfitter_cfg.c **** 	/* Start the ECO and do not check status since it is not needed for HFCLK */
 133              		.loc 1 192 0
 134 0034 154A     		ldr	r2, .L6+28
 135 0036 1368     		ldr	r3, [r2]
 136 0038 0821     		movs	r1, #8
 137 003a 8B43     		bics	r3, r1
 138 003c 1360     		str	r3, [r2]
 194:Generated_Source\PSoC4/cyfitter_cfg.c **** 	CyDelayUs(1500u); /* Wait to stabilize */
 139              		.loc 1 194 0
 140 003e FA20     		movs	r0, #250
 141 0040 C000     		lsls	r0, r0, #3
 142 0042 FFF7FEFF 		bl	CySysClkEcoStart
 143              	.LVL6:
 195:Generated_Source\PSoC4/cyfitter_cfg.c **** 
 144              		.loc 1 195 0
 145 0046 1248     		ldr	r0, .L6+32
 146 0048 FFF7FEFF 		bl	CyDelayUs
 147              	.LVL7:
ARM GAS  C:\Users\vanil\AppData\Local\Temp\cc2nsrZo.s 			page 8


 200:Generated_Source\PSoC4/cyfitter_cfg.c **** 
 148              		.loc 1 200 0
 149 004c 8022     		movs	r2, #128
 150 004e 1206     		lsls	r2, r2, #24
 151 0050 104B     		ldr	r3, .L6+36
 152 0052 1A60     		str	r2, [r3]
 203:Generated_Source\PSoC4/cyfitter_cfg.c **** 
 153              		.loc 1 203 0
 154 0054 104B     		ldr	r3, .L6+40
 155 0056 1C60     		str	r4, [r3]
 205:Generated_Source\PSoC4/cyfitter_cfg.c **** 	CyIntEnable(8u);
 156              		.loc 1 205 0
 157 0058 1049     		ldr	r1, .L6+44
 158 005a 0820     		movs	r0, #8
 159 005c FFF7FEFF 		bl	CyIntSetVector
 160              	.LVL8:
 206:Generated_Source\PSoC4/cyfitter_cfg.c **** 	CY_SET_REG32((void *)(CYREG_WDT_CONFIG), 0x00000000u);
 161              		.loc 1 206 0
 162 0060 0820     		movs	r0, #8
 163 0062 FFF7FEFF 		bl	CyIntEnable
 164              	.LVL9:
 207:Generated_Source\PSoC4/cyfitter_cfg.c **** 	/* Set Flash Cycles based on newly configured 24.00MHz HFCLK. */
 165              		.loc 1 207 0
 166 0066 0E4B     		ldr	r3, .L6+48
 167 0068 1C60     		str	r4, [r3]
 209:Generated_Source\PSoC4/cyfitter_cfg.c **** }
 168              		.loc 1 209 0
 169 006a 1123     		movs	r3, #17
 170 006c 2B60     		str	r3, [r5]
 210:Generated_Source\PSoC4/cyfitter_cfg.c **** 
 171              		.loc 1 210 0
 172              		@ sp needed
 173 006e 70BD     		pop	{r4, r5, r6, pc}
 174              	.L7:
 175              		.align	2
 176              	.L6:
 177 0070 30001040 		.word	1074790448
 178 0074 06000080 		.word	-2147483642
 179 0078 04010B40 		.word	1074462980
 180 007c 78002E40 		.word	1076756600
 181 0080 2D3E0000 		.word	15917
 182 0084 7C002E40 		.word	1076756604
 183 0088 64F02E40 		.word	1076818020
 184 008c 6CF02E40 		.word	1076818028
 185 0090 DC050000 		.word	1500
 186 0094 08010B40 		.word	1074462984
 187 0098 00010B40 		.word	1074462976
 188 009c 00000000 		.word	CySysWdtIsr
 189 00a0 0C020B40 		.word	1074463244
 190              		.cfi_endproc
 191              	.LFE5:
 192              		.size	ClockSetup, .-ClockSetup
 193              		.align	2
 194              		.global	cyfitter_cfg
 195              		.code	16
 196              		.thumb_func
 197              		.type	cyfitter_cfg, %function
ARM GAS  C:\Users\vanil\AppData\Local\Temp\cc2nsrZo.s 			page 9


 198              	cyfitter_cfg:
 199              	.LFB7:
 238:Generated_Source\PSoC4/cyfitter_cfg.c **** 
 239:Generated_Source\PSoC4/cyfitter_cfg.c **** 
 240:Generated_Source\PSoC4/cyfitter_cfg.c **** 
 241:Generated_Source\PSoC4/cyfitter_cfg.c **** 
 242:Generated_Source\PSoC4/cyfitter_cfg.c **** /*******************************************************************************
 243:Generated_Source\PSoC4/cyfitter_cfg.c **** * Function Name: cyfitter_cfg
 244:Generated_Source\PSoC4/cyfitter_cfg.c **** ********************************************************************************
 245:Generated_Source\PSoC4/cyfitter_cfg.c **** * Summary:
 246:Generated_Source\PSoC4/cyfitter_cfg.c **** *  This function is called by the start-up code for the selected device. It
 247:Generated_Source\PSoC4/cyfitter_cfg.c **** *  performs all of the necessary device configuration based on the design
 248:Generated_Source\PSoC4/cyfitter_cfg.c **** *  settings.  This includes settings from the Design Wide Resources (DWR) such
 249:Generated_Source\PSoC4/cyfitter_cfg.c **** *  as Clocks and Pins as well as any component configuration that is necessary.
 250:Generated_Source\PSoC4/cyfitter_cfg.c **** *
 251:Generated_Source\PSoC4/cyfitter_cfg.c **** * Parameters:
 252:Generated_Source\PSoC4/cyfitter_cfg.c **** *   void
 253:Generated_Source\PSoC4/cyfitter_cfg.c **** *
 254:Generated_Source\PSoC4/cyfitter_cfg.c **** * Return:
 255:Generated_Source\PSoC4/cyfitter_cfg.c **** *   void
 256:Generated_Source\PSoC4/cyfitter_cfg.c **** *
 257:Generated_Source\PSoC4/cyfitter_cfg.c **** *******************************************************************************/
 258:Generated_Source\PSoC4/cyfitter_cfg.c **** CY_CFG_SECTION
 259:Generated_Source\PSoC4/cyfitter_cfg.c **** void cyfitter_cfg(void)
 260:Generated_Source\PSoC4/cyfitter_cfg.c **** {
 200              		.loc 1 260 0
 201              		.cfi_startproc
 202              		@ args = 0, pretend = 0, frame = 0
 203              		@ frame_needed = 0, uses_anonymous_args = 0
 204 00a4 10B5     		push	{r4, lr}
 205              		.cfi_def_cfa_offset 8
 206              		.cfi_offset 4, -8
 207              		.cfi_offset 14, -4
 261:Generated_Source\PSoC4/cyfitter_cfg.c **** 	/* Disable interrupts by default. Let user enable if/when they want. */
 262:Generated_Source\PSoC4/cyfitter_cfg.c **** 	CyGlobalIntDisable;
 208              		.loc 1 262 0
 209              		.syntax divided
 210              	@ 262 "Generated_Source\PSoC4\cyfitter_cfg.c" 1
 211 00a6 72B6     		CPSID   i
 212              	@ 0 "" 2
 263:Generated_Source\PSoC4/cyfitter_cfg.c **** 
 264:Generated_Source\PSoC4/cyfitter_cfg.c **** 	CY_SET_REG32((void *)(CYREG_BLE_BLESS_LL_DSM_CTRL), 0x00000000u);
 213              		.loc 1 264 0
 214              		.thumb
 215              		.syntax unified
 216 00a8 0022     		movs	r2, #0
 217 00aa 184B     		ldr	r3, .L11
 218 00ac 1A60     		str	r2, [r3]
 219              	.LVL10:
 220              	.LBB2:
 265:Generated_Source\PSoC4/cyfitter_cfg.c **** 
 266:Generated_Source\PSoC4/cyfitter_cfg.c **** 	{
 267:Generated_Source\PSoC4/cyfitter_cfg.c **** 
 268:Generated_Source\PSoC4/cyfitter_cfg.c **** 		CYPACKED typedef struct {
 269:Generated_Source\PSoC4/cyfitter_cfg.c **** 			void CYFAR *address;
 270:Generated_Source\PSoC4/cyfitter_cfg.c **** 			uint16 size;
 271:Generated_Source\PSoC4/cyfitter_cfg.c **** 		} CYPACKED_ATTR cfg_memset_t;
ARM GAS  C:\Users\vanil\AppData\Local\Temp\cc2nsrZo.s 			page 10


 272:Generated_Source\PSoC4/cyfitter_cfg.c **** 
 273:Generated_Source\PSoC4/cyfitter_cfg.c **** 		static const cfg_memset_t CYCODE cfg_memset_list[] = {
 274:Generated_Source\PSoC4/cyfitter_cfg.c **** 			/* address, size */
 275:Generated_Source\PSoC4/cyfitter_cfg.c **** 			{(void CYFAR *)(CYDEV_UDB_P0_U0_BASE), 1024u},
 276:Generated_Source\PSoC4/cyfitter_cfg.c **** 			{(void CYFAR *)(CYDEV_UDB_DSI0_BASE), 1024u},
 277:Generated_Source\PSoC4/cyfitter_cfg.c **** 		};
 278:Generated_Source\PSoC4/cyfitter_cfg.c **** 
 279:Generated_Source\PSoC4/cyfitter_cfg.c **** 		uint8 CYDATA i;
 280:Generated_Source\PSoC4/cyfitter_cfg.c **** 
 281:Generated_Source\PSoC4/cyfitter_cfg.c **** 		/* Zero out critical memory blocks before beginning configuration */
 282:Generated_Source\PSoC4/cyfitter_cfg.c **** 		for (i = 0u; i < (sizeof(cfg_memset_list)/sizeof(cfg_memset_list[0])); i++)
 221              		.loc 1 282 0
 222 00ae 0024     		movs	r4, #0
 223 00b0 0FE0     		b	.L9
 224              	.LVL11:
 225              	.L10:
 226              	.LBB3:
 283:Generated_Source\PSoC4/cyfitter_cfg.c **** 		{
 284:Generated_Source\PSoC4/cyfitter_cfg.c **** 			const cfg_memset_t CYCODE * CYDATA ms = &cfg_memset_list[i];
 285:Generated_Source\PSoC4/cyfitter_cfg.c **** 			CYMEMZERO(ms->address, (size_t)(uint32)(ms->size));
 227              		.loc 1 285 0 discriminator 3
 228 00b2 1748     		ldr	r0, .L11+4
 229 00b4 6200     		lsls	r2, r4, #1
 230 00b6 1319     		adds	r3, r2, r4
 231 00b8 5900     		lsls	r1, r3, #1
 232 00ba 0B00     		movs	r3, r1
 233 00bc 4118     		adds	r1, r0, r1
 234 00be 8988     		ldrh	r1, [r1, #4]
 235 00c0 1A5A     		ldrh	r2, [r3, r0]
 236 00c2 C318     		adds	r3, r0, r3
 237 00c4 5888     		ldrh	r0, [r3, #2]
 238 00c6 0004     		lsls	r0, r0, #16
 239 00c8 1043     		orrs	r0, r2
 240 00ca FFF7FEFF 		bl	CYMEMZERO
 241              	.LVL12:
 242              	.LBE3:
 282:Generated_Source\PSoC4/cyfitter_cfg.c **** 		{
 243              		.loc 1 282 0 discriminator 3
 244 00ce 0134     		adds	r4, r4, #1
 245              	.LVL13:
 246 00d0 E4B2     		uxtb	r4, r4
 247              	.LVL14:
 248              	.L9:
 282:Generated_Source\PSoC4/cyfitter_cfg.c **** 		{
 249              		.loc 1 282 0 is_stmt 0 discriminator 1
 250 00d2 012C     		cmp	r4, #1
 251 00d4 EDD9     		bls	.L10
 286:Generated_Source\PSoC4/cyfitter_cfg.c **** 		}
 287:Generated_Source\PSoC4/cyfitter_cfg.c **** 
 288:Generated_Source\PSoC4/cyfitter_cfg.c **** 		/* HSIOM Starting address: CYDEV_HSIOM_BASE */
 289:Generated_Source\PSoC4/cyfitter_cfg.c **** 		CY_SET_REG32((void *)(CYDEV_HSIOM_BASE), 0xEE000000u);
 252              		.loc 1 289 0 is_stmt 1
 253 00d6 EE22     		movs	r2, #238
 254 00d8 1206     		lsls	r2, r2, #24
 255 00da 0E4B     		ldr	r3, .L11+8
 256 00dc 1A60     		str	r2, [r3]
 290:Generated_Source\PSoC4/cyfitter_cfg.c **** 
ARM GAS  C:\Users\vanil\AppData\Local\Temp\cc2nsrZo.s 			page 11


 291:Generated_Source\PSoC4/cyfitter_cfg.c **** 		/* UDB_PA_0 Starting address: CYDEV_UDB_PA0_BASE */
 292:Generated_Source\PSoC4/cyfitter_cfg.c **** 		CY_SET_REG32((void *)(CYDEV_UDB_PA0_BASE), 0x00990000u);
 257              		.loc 1 292 0
 258 00de 9923     		movs	r3, #153
 259 00e0 1B04     		lsls	r3, r3, #16
 260 00e2 0D4A     		ldr	r2, .L11+12
 261 00e4 1360     		str	r3, [r2]
 293:Generated_Source\PSoC4/cyfitter_cfg.c **** 
 294:Generated_Source\PSoC4/cyfitter_cfg.c **** 		/* UDB_PA_3 Starting address: CYDEV_UDB_PA3_BASE */
 295:Generated_Source\PSoC4/cyfitter_cfg.c **** 		CY_SET_REG32((void *)(CYDEV_UDB_PA3_BASE), 0x00990000u);
 262              		.loc 1 295 0
 263 00e6 0D4A     		ldr	r2, .L11+16
 264 00e8 1360     		str	r3, [r2]
 296:Generated_Source\PSoC4/cyfitter_cfg.c **** 
 297:Generated_Source\PSoC4/cyfitter_cfg.c **** 		/* Enable digital routing */
 298:Generated_Source\PSoC4/cyfitter_cfg.c **** 		CY_SET_XTND_REG8((void *)CYREG_UDB_UDBIF_BANK_CTL, (uint8)(CY_GET_XTND_REG8((void *)CYREG_UDB_UDB
 265              		.loc 1 298 0
 266 00ea 0D4A     		ldr	r2, .L11+20
 267 00ec 1178     		ldrb	r1, [r2]
 268 00ee 0623     		movs	r3, #6
 269 00f0 0B43     		orrs	r3, r1
 270 00f2 DBB2     		uxtb	r3, r3
 271 00f4 1370     		strb	r3, [r2]
 272              	.LBE2:
 299:Generated_Source\PSoC4/cyfitter_cfg.c **** 	}
 300:Generated_Source\PSoC4/cyfitter_cfg.c **** 
 301:Generated_Source\PSoC4/cyfitter_cfg.c **** 	/* Perform second pass device configuration. These items must be configured in specific order afte
 302:Generated_Source\PSoC4/cyfitter_cfg.c **** 	/* IOPINS0_0 Starting address: CYDEV_GPIO_PRT0_BASE */
 303:Generated_Source\PSoC4/cyfitter_cfg.c **** 	CY_SET_REG32((void *)(CYREG_GPIO_PRT0_PC), 0x00D80000u);
 273              		.loc 1 303 0
 274 00f6 D823     		movs	r3, #216
 275 00f8 1B04     		lsls	r3, r3, #16
 276 00fa 0A4A     		ldr	r2, .L11+24
 277 00fc 1360     		str	r3, [r2]
 304:Generated_Source\PSoC4/cyfitter_cfg.c **** 
 305:Generated_Source\PSoC4/cyfitter_cfg.c **** 	/* IOPINS0_3 Starting address: CYDEV_GPIO_PRT3_BASE */
 306:Generated_Source\PSoC4/cyfitter_cfg.c **** 	CY_SET_REG32((void *)(CYREG_GPIO_PRT3_PC), 0x00D80000u);
 278              		.loc 1 306 0
 279 00fe 0A4A     		ldr	r2, .L11+28
 280 0100 1360     		str	r3, [r2]
 307:Generated_Source\PSoC4/cyfitter_cfg.c **** 
 308:Generated_Source\PSoC4/cyfitter_cfg.c **** 
 309:Generated_Source\PSoC4/cyfitter_cfg.c **** 	/* Setup clocks based on selections from Clock DWR */
 310:Generated_Source\PSoC4/cyfitter_cfg.c **** 	ClockSetup();
 281              		.loc 1 310 0
 282 0102 FFF77DFF 		bl	ClockSetup
 283              	.LVL15:
 311:Generated_Source\PSoC4/cyfitter_cfg.c **** 
 312:Generated_Source\PSoC4/cyfitter_cfg.c **** 	/* Perform basic analog initialization to defaults */
 313:Generated_Source\PSoC4/cyfitter_cfg.c **** 	AnalogSetDefault();
 284              		.loc 1 313 0
 285 0106 FFF7FEFF 		bl	AnalogSetDefault
 286              	.LVL16:
 314:Generated_Source\PSoC4/cyfitter_cfg.c **** 
 315:Generated_Source\PSoC4/cyfitter_cfg.c **** }
 287              		.loc 1 315 0
 288              		@ sp needed
ARM GAS  C:\Users\vanil\AppData\Local\Temp\cc2nsrZo.s 			page 12


 289              	.LVL17:
 290 010a 10BD     		pop	{r4, pc}
 291              	.L12:
 292              		.align	2
 293              	.L11:
 294 010c 6CF02E40 		.word	1076818028
 295 0110 00000000 		.word	.LANCHOR0
 296 0114 00000240 		.word	1073872896
 297 0118 00500F40 		.word	1074745344
 298 011c 30500F40 		.word	1074745392
 299 0120 00700F40 		.word	1074753536
 300 0124 08000440 		.word	1074003976
 301 0128 08030440 		.word	1074004744
 302              		.cfi_endproc
 303              	.LFE7:
 304              		.size	cyfitter_cfg, .-cyfitter_cfg
 305              		.section	.rodata
 306              		.align	2
 307              		.set	.LANCHOR0,. + 0
 308              		.type	cfg_memset_list.4893, %object
 309              		.size	cfg_memset_list.4893, 12
 310              	cfg_memset_list.4893:
 311 0000 00300F40 		.word	1074737152
 312 0004 0004     		.short	1024
 313 0006 00400F40 		.4byte	1074741248
 314 000a 0004     		.short	1024
 315              		.text
 316              	.Letext0:
 317              		.file 2 "d:\\programs\\psoccreator\\psoc creator\\4.2\\psoc creator\\import\\gnu\\arm\\5.4.1\\lib\
 318              		.file 3 "Generated_Source\\PSoC4\\cytypes.h"
 319              		.file 4 "Generated_Source\\PSoC4\\CyLFClk.h"
 320              		.file 5 "Generated_Source\\PSoC4\\CyLib.h"
 321              		.section	.debug_info,"",%progbits
 322              	.Ldebug_info0:
 323 0000 06030000 		.4byte	0x306
 324 0004 0400     		.2byte	0x4
 325 0006 00000000 		.4byte	.Ldebug_abbrev0
 326 000a 04       		.byte	0x4
 327 000b 01       		.uleb128 0x1
 328 000c 54010000 		.4byte	.LASF33
 329 0010 0C       		.byte	0xc
 330 0011 66020000 		.4byte	.LASF34
 331 0015 61000000 		.4byte	.LASF35
 332 0019 00000000 		.4byte	.Ldebug_ranges0+0
 333 001d 00000000 		.4byte	0
 334 0021 00000000 		.4byte	.Ldebug_line0
 335 0025 02       		.uleb128 0x2
 336 0026 04       		.byte	0x4
 337 0027 05       		.byte	0x5
 338 0028 696E7400 		.ascii	"int\000"
 339 002c 03       		.uleb128 0x3
 340 002d 06000000 		.4byte	.LASF12
 341 0031 02       		.byte	0x2
 342 0032 D8       		.byte	0xd8
 343 0033 37000000 		.4byte	0x37
 344 0037 04       		.uleb128 0x4
 345 0038 04       		.byte	0x4
ARM GAS  C:\Users\vanil\AppData\Local\Temp\cc2nsrZo.s 			page 13


 346 0039 07       		.byte	0x7
 347 003a 1B010000 		.4byte	.LASF0
 348 003e 04       		.uleb128 0x4
 349 003f 08       		.byte	0x8
 350 0040 05       		.byte	0x5
 351 0041 F8010000 		.4byte	.LASF1
 352 0045 04       		.uleb128 0x4
 353 0046 08       		.byte	0x8
 354 0047 04       		.byte	0x4
 355 0048 4E020000 		.4byte	.LASF2
 356 004c 04       		.uleb128 0x4
 357 004d 01       		.byte	0x1
 358 004e 06       		.byte	0x6
 359 004f 5A020000 		.4byte	.LASF3
 360 0053 04       		.uleb128 0x4
 361 0054 01       		.byte	0x1
 362 0055 08       		.byte	0x8
 363 0056 E5000000 		.4byte	.LASF4
 364 005a 04       		.uleb128 0x4
 365 005b 02       		.byte	0x2
 366 005c 05       		.byte	0x5
 367 005d 26020000 		.4byte	.LASF5
 368 0061 04       		.uleb128 0x4
 369 0062 02       		.byte	0x2
 370 0063 07       		.byte	0x7
 371 0064 48000000 		.4byte	.LASF6
 372 0068 04       		.uleb128 0x4
 373 0069 04       		.byte	0x4
 374 006a 05       		.byte	0x5
 375 006b 45020000 		.4byte	.LASF7
 376 006f 04       		.uleb128 0x4
 377 0070 04       		.byte	0x4
 378 0071 07       		.byte	0x7
 379 0072 B2000000 		.4byte	.LASF8
 380 0076 04       		.uleb128 0x4
 381 0077 08       		.byte	0x8
 382 0078 07       		.byte	0x7
 383 0079 3D010000 		.4byte	.LASF9
 384 007d 04       		.uleb128 0x4
 385 007e 04       		.byte	0x4
 386 007f 07       		.byte	0x7
 387 0080 EF010000 		.4byte	.LASF10
 388 0084 05       		.uleb128 0x5
 389 0085 04       		.byte	0x4
 390 0086 04       		.uleb128 0x4
 391 0087 01       		.byte	0x1
 392 0088 08       		.byte	0x8
 393 0089 10020000 		.4byte	.LASF11
 394 008d 06       		.uleb128 0x6
 395 008e C4000000 		.4byte	.LASF13
 396 0092 03       		.byte	0x3
 397 0093 E401     		.2byte	0x1e4
 398 0095 53000000 		.4byte	0x53
 399 0099 06       		.uleb128 0x6
 400 009a 0D010000 		.4byte	.LASF14
 401 009e 03       		.byte	0x3
 402 009f E501     		.2byte	0x1e5
ARM GAS  C:\Users\vanil\AppData\Local\Temp\cc2nsrZo.s 			page 14


 403 00a1 61000000 		.4byte	0x61
 404 00a5 06       		.uleb128 0x6
 405 00a6 14010000 		.4byte	.LASF15
 406 00aa 03       		.byte	0x3
 407 00ab E601     		.2byte	0x1e6
 408 00ad 6F000000 		.4byte	0x6f
 409 00b1 04       		.uleb128 0x4
 410 00b2 04       		.byte	0x4
 411 00b3 04       		.byte	0x4
 412 00b4 5B000000 		.4byte	.LASF16
 413 00b8 04       		.uleb128 0x4
 414 00b9 08       		.byte	0x8
 415 00ba 04       		.byte	0x4
 416 00bb FA000000 		.4byte	.LASF17
 417 00bf 06       		.uleb128 0x6
 418 00c0 AD000000 		.4byte	.LASF18
 419 00c4 03       		.byte	0x3
 420 00c5 8E02     		.2byte	0x28e
 421 00c7 CB000000 		.4byte	0xcb
 422 00cb 07       		.uleb128 0x7
 423 00cc 8D000000 		.4byte	0x8d
 424 00d0 06       		.uleb128 0x6
 425 00d1 00000000 		.4byte	.LASF19
 426 00d5 03       		.byte	0x3
 427 00d6 9002     		.2byte	0x290
 428 00d8 DC000000 		.4byte	0xdc
 429 00dc 07       		.uleb128 0x7
 430 00dd A5000000 		.4byte	0xa5
 431 00e1 08       		.uleb128 0x8
 432 00e2 0D000000 		.4byte	.LASF36
 433 00e6 01       		.byte	0x1
 434 00e7 E8       		.byte	0xe8
 435 00e8 00000000 		.4byte	.LFB6
 436 00ec 20000000 		.4byte	.LFE6-.LFB6
 437 00f0 01       		.uleb128 0x1
 438 00f1 9C       		.byte	0x9c
 439 00f2 09       		.uleb128 0x9
 440 00f3 DB000000 		.4byte	.LASF20
 441 00f7 01       		.byte	0x1
 442 00f8 4C       		.byte	0x4c
 443 00f9 00000000 		.4byte	.LFB2
 444 00fd 0C000000 		.4byte	.LFE2-.LFB2
 445 0101 01       		.uleb128 0x1
 446 0102 9C       		.byte	0x9c
 447 0103 3F010000 		.4byte	0x13f
 448 0107 0A       		.uleb128 0xa
 449 0108 7300     		.ascii	"s\000"
 450 010a 01       		.byte	0x1
 451 010b 4C       		.byte	0x4c
 452 010c 84000000 		.4byte	0x84
 453 0110 00000000 		.4byte	.LLST0
 454 0114 0A       		.uleb128 0xa
 455 0115 6E00     		.ascii	"n\000"
 456 0117 01       		.byte	0x1
 457 0118 4C       		.byte	0x4c
 458 0119 2C000000 		.4byte	0x2c
 459 011d 21000000 		.4byte	.LLST1
ARM GAS  C:\Users\vanil\AppData\Local\Temp\cc2nsrZo.s 			page 15


 460 0121 0B       		.uleb128 0xb
 461 0122 0A000000 		.4byte	.LVL2
 462 0126 B3020000 		.4byte	0x2b3
 463 012a 0C       		.uleb128 0xc
 464 012b 01       		.uleb128 0x1
 465 012c 50       		.byte	0x50
 466 012d 03       		.uleb128 0x3
 467 012e F3       		.byte	0xf3
 468 012f 01       		.uleb128 0x1
 469 0130 50       		.byte	0x50
 470 0131 0C       		.uleb128 0xc
 471 0132 01       		.uleb128 0x1
 472 0133 51       		.byte	0x51
 473 0134 01       		.uleb128 0x1
 474 0135 30       		.byte	0x30
 475 0136 0C       		.uleb128 0xc
 476 0137 01       		.uleb128 0x1
 477 0138 52       		.byte	0x52
 478 0139 03       		.uleb128 0x3
 479 013a F3       		.byte	0xf3
 480 013b 01       		.uleb128 0x1
 481 013c 51       		.byte	0x51
 482 013d 00       		.byte	0
 483 013e 00       		.byte	0
 484 013f 09       		.uleb128 0x9
 485 0140 3D000000 		.4byte	.LASF21
 486 0144 01       		.byte	0x1
 487 0145 AA       		.byte	0xaa
 488 0146 00000000 		.4byte	.LFB5
 489 014a A4000000 		.4byte	.LFE5-.LFB5
 490 014e 01       		.uleb128 0x1
 491 014f 9C       		.byte	0x9c
 492 0150 D0010000 		.4byte	0x1d0
 493 0154 0D       		.uleb128 0xd
 494 0155 0C000000 		.4byte	.LVL3
 495 0159 BC020000 		.4byte	0x2bc
 496 015d 0E       		.uleb128 0xe
 497 015e 12000000 		.4byte	.LVL4
 498 0162 C7020000 		.4byte	0x2c7
 499 0166 70010000 		.4byte	0x170
 500 016a 0C       		.uleb128 0xc
 501 016b 01       		.uleb128 0x1
 502 016c 50       		.byte	0x50
 503 016d 01       		.uleb128 0x1
 504 016e 31       		.byte	0x31
 505 016f 00       		.byte	0
 506 0170 0E       		.uleb128 0xe
 507 0171 18000000 		.4byte	.LVL5
 508 0175 D2020000 		.4byte	0x2d2
 509 0179 83010000 		.4byte	0x183
 510 017d 0C       		.uleb128 0xc
 511 017e 01       		.uleb128 0x1
 512 017f 50       		.byte	0x50
 513 0180 01       		.uleb128 0x1
 514 0181 48       		.byte	0x48
 515 0182 00       		.byte	0
 516 0183 0E       		.uleb128 0xe
ARM GAS  C:\Users\vanil\AppData\Local\Temp\cc2nsrZo.s 			page 16


 517 0184 46000000 		.4byte	.LVL6
 518 0188 DD020000 		.4byte	0x2dd
 519 018c 98010000 		.4byte	0x198
 520 0190 0C       		.uleb128 0xc
 521 0191 01       		.uleb128 0x1
 522 0192 50       		.byte	0x50
 523 0193 03       		.uleb128 0x3
 524 0194 0A       		.byte	0xa
 525 0195 D007     		.2byte	0x7d0
 526 0197 00       		.byte	0
 527 0198 0E       		.uleb128 0xe
 528 0199 4C000000 		.4byte	.LVL7
 529 019d E8020000 		.4byte	0x2e8
 530 01a1 AD010000 		.4byte	0x1ad
 531 01a5 0C       		.uleb128 0xc
 532 01a6 01       		.uleb128 0x1
 533 01a7 50       		.byte	0x50
 534 01a8 03       		.uleb128 0x3
 535 01a9 0A       		.byte	0xa
 536 01aa DC05     		.2byte	0x5dc
 537 01ac 00       		.byte	0
 538 01ad 0E       		.uleb128 0xe
 539 01ae 60000000 		.4byte	.LVL8
 540 01b2 F3020000 		.4byte	0x2f3
 541 01b6 C0010000 		.4byte	0x1c0
 542 01ba 0C       		.uleb128 0xc
 543 01bb 01       		.uleb128 0x1
 544 01bc 50       		.byte	0x50
 545 01bd 01       		.uleb128 0x1
 546 01be 38       		.byte	0x38
 547 01bf 00       		.byte	0
 548 01c0 0B       		.uleb128 0xb
 549 01c1 66000000 		.4byte	.LVL9
 550 01c5 FE020000 		.4byte	0x2fe
 551 01c9 0C       		.uleb128 0xc
 552 01ca 01       		.uleb128 0x1
 553 01cb 50       		.byte	0x50
 554 01cc 01       		.uleb128 0x1
 555 01cd 38       		.byte	0x38
 556 01ce 00       		.byte	0
 557 01cf 00       		.byte	0
 558 01d0 0F       		.uleb128 0xf
 559 01d1 28010000 		.4byte	.LASF37
 560 01d5 01       		.byte	0x1
 561 01d6 0301     		.2byte	0x103
 562 01d8 A4000000 		.4byte	.LFB7
 563 01dc 88000000 		.4byte	.LFE7-.LFB7
 564 01e0 01       		.uleb128 0x1
 565 01e1 9C       		.byte	0x9c
 566 01e2 B3020000 		.4byte	0x2b3
 567 01e6 10       		.uleb128 0x10
 568 01e7 AE000000 		.4byte	.LBB2
 569 01eb 48000000 		.4byte	.LBE2-.LBB2
 570 01ef A0020000 		.4byte	0x2a0
 571 01f3 11       		.uleb128 0x11
 572 01f4 06       		.byte	0x6
 573 01f5 01       		.byte	0x1
ARM GAS  C:\Users\vanil\AppData\Local\Temp\cc2nsrZo.s 			page 17


 574 01f6 0C01     		.2byte	0x10c
 575 01f8 17020000 		.4byte	0x217
 576 01fc 12       		.uleb128 0x12
 577 01fd 35010000 		.4byte	.LASF22
 578 0201 01       		.byte	0x1
 579 0202 0D01     		.2byte	0x10d
 580 0204 84000000 		.4byte	0x84
 581 0208 00       		.byte	0
 582 0209 12       		.uleb128 0x12
 583 020a 90000000 		.4byte	.LASF23
 584 020e 01       		.byte	0x1
 585 020f 0E01     		.2byte	0x10e
 586 0211 99000000 		.4byte	0x99
 587 0215 04       		.byte	0x4
 588 0216 00       		.byte	0
 589 0217 06       		.uleb128 0x6
 590 0218 E2010000 		.4byte	.LASF24
 591 021c 01       		.byte	0x1
 592 021d 0F01     		.2byte	0x10f
 593 021f F3010000 		.4byte	0x1f3
 594 0223 13       		.uleb128 0x13
 595 0224 33020000 		.4byte	0x233
 596 0228 33020000 		.4byte	0x233
 597 022c 14       		.uleb128 0x14
 598 022d 7D000000 		.4byte	0x7d
 599 0231 01       		.byte	0x1
 600 0232 00       		.byte	0
 601 0233 15       		.uleb128 0x15
 602 0234 17020000 		.4byte	0x217
 603 0238 16       		.uleb128 0x16
 604 0239 2D000000 		.4byte	.LASF25
 605 023d 01       		.byte	0x1
 606 023e 1101     		.2byte	0x111
 607 0240 4A020000 		.4byte	0x24a
 608 0244 05       		.uleb128 0x5
 609 0245 03       		.byte	0x3
 610 0246 00000000 		.4byte	cfg_memset_list.4893
 611 024a 15       		.uleb128 0x15
 612 024b 23020000 		.4byte	0x223
 613 024f 17       		.uleb128 0x17
 614 0250 6900     		.ascii	"i\000"
 615 0252 01       		.byte	0x1
 616 0253 1701     		.2byte	0x117
 617 0255 8D000000 		.4byte	0x8d
 618 0259 4D000000 		.4byte	.LLST2
 619 025d 18       		.uleb128 0x18
 620 025e B2000000 		.4byte	.LBB3
 621 0262 1C000000 		.4byte	.LBE3-.LBB3
 622 0266 17       		.uleb128 0x17
 623 0267 6D7300   		.ascii	"ms\000"
 624 026a 01       		.byte	0x1
 625 026b 1C01     		.2byte	0x11c
 626 026d 75020000 		.4byte	0x275
 627 0271 77000000 		.4byte	.LLST3
 628 0275 19       		.uleb128 0x19
 629 0276 04       		.byte	0x4
 630 0277 33020000 		.4byte	0x233
ARM GAS  C:\Users\vanil\AppData\Local\Temp\cc2nsrZo.s 			page 18


 631 027b 0B       		.uleb128 0xb
 632 027c CE000000 		.4byte	.LVL12
 633 0280 F2000000 		.4byte	0xf2
 634 0284 0C       		.uleb128 0xc
 635 0285 01       		.uleb128 0x1
 636 0286 51       		.byte	0x51
 637 0287 15       		.uleb128 0x15
 638 0288 74       		.byte	0x74
 639 0289 00       		.sleb128 0
 640 028a 31       		.byte	0x31
 641 028b 24       		.byte	0x24
 642 028c 74       		.byte	0x74
 643 028d 00       		.sleb128 0
 644 028e 22       		.byte	0x22
 645 028f 31       		.byte	0x31
 646 0290 24       		.byte	0x24
 647 0291 03       		.byte	0x3
 648 0292 04000000 		.4byte	.LANCHOR0+4
 649 0296 22       		.byte	0x22
 650 0297 94       		.byte	0x94
 651 0298 02       		.byte	0x2
 652 0299 0A       		.byte	0xa
 653 029a FFFF     		.2byte	0xffff
 654 029c 1A       		.byte	0x1a
 655 029d 00       		.byte	0
 656 029e 00       		.byte	0
 657 029f 00       		.byte	0
 658 02a0 0D       		.uleb128 0xd
 659 02a1 06010000 		.4byte	.LVL15
 660 02a5 3F010000 		.4byte	0x13f
 661 02a9 0D       		.uleb128 0xd
 662 02aa 0A010000 		.4byte	.LVL16
 663 02ae E1000000 		.4byte	0xe1
 664 02b2 00       		.byte	0
 665 02b3 1A       		.uleb128 0x1a
 666 02b4 F3000000 		.4byte	.LASF38
 667 02b8 F3000000 		.4byte	.LASF38
 668 02bc 1B       		.uleb128 0x1b
 669 02bd CA000000 		.4byte	.LASF26
 670 02c1 CA000000 		.4byte	.LASF26
 671 02c5 04       		.byte	0x4
 672 02c6 4E       		.byte	0x4e
 673 02c7 1B       		.uleb128 0x1b
 674 02c8 95000000 		.4byte	.LASF27
 675 02cc 95000000 		.4byte	.LASF27
 676 02d0 04       		.byte	0x4
 677 02d1 50       		.byte	0x50
 678 02d2 1B       		.uleb128 0x1b
 679 02d3 30020000 		.4byte	.LASF28
 680 02d7 30020000 		.4byte	.LASF28
 681 02db 05       		.byte	0x5
 682 02dc 6C       		.byte	0x6c
 683 02dd 1B       		.uleb128 0x1b
 684 02de 15020000 		.4byte	.LASF29
 685 02e2 15020000 		.4byte	.LASF29
 686 02e6 05       		.byte	0x5
 687 02e7 84       		.byte	0x84
ARM GAS  C:\Users\vanil\AppData\Local\Temp\cc2nsrZo.s 			page 19


 688 02e8 1B       		.uleb128 0x1b
 689 02e9 06020000 		.4byte	.LASF30
 690 02ed 06020000 		.4byte	.LASF30
 691 02f1 05       		.byte	0x5
 692 02f2 DA       		.byte	0xda
 693 02f3 1B       		.uleb128 0x1b
 694 02f4 1E000000 		.4byte	.LASF31
 695 02f8 1E000000 		.4byte	.LASF31
 696 02fc 05       		.byte	0x5
 697 02fd BD       		.byte	0xbd
 698 02fe 1B       		.uleb128 0x1b
 699 02ff 01010000 		.4byte	.LASF32
 700 0303 01010000 		.4byte	.LASF32
 701 0307 05       		.byte	0x5
 702 0308 C3       		.byte	0xc3
 703 0309 00       		.byte	0
 704              		.section	.debug_abbrev,"",%progbits
 705              	.Ldebug_abbrev0:
 706 0000 01       		.uleb128 0x1
 707 0001 11       		.uleb128 0x11
 708 0002 01       		.byte	0x1
 709 0003 25       		.uleb128 0x25
 710 0004 0E       		.uleb128 0xe
 711 0005 13       		.uleb128 0x13
 712 0006 0B       		.uleb128 0xb
 713 0007 03       		.uleb128 0x3
 714 0008 0E       		.uleb128 0xe
 715 0009 1B       		.uleb128 0x1b
 716 000a 0E       		.uleb128 0xe
 717 000b 55       		.uleb128 0x55
 718 000c 17       		.uleb128 0x17
 719 000d 11       		.uleb128 0x11
 720 000e 01       		.uleb128 0x1
 721 000f 10       		.uleb128 0x10
 722 0010 17       		.uleb128 0x17
 723 0011 00       		.byte	0
 724 0012 00       		.byte	0
 725 0013 02       		.uleb128 0x2
 726 0014 24       		.uleb128 0x24
 727 0015 00       		.byte	0
 728 0016 0B       		.uleb128 0xb
 729 0017 0B       		.uleb128 0xb
 730 0018 3E       		.uleb128 0x3e
 731 0019 0B       		.uleb128 0xb
 732 001a 03       		.uleb128 0x3
 733 001b 08       		.uleb128 0x8
 734 001c 00       		.byte	0
 735 001d 00       		.byte	0
 736 001e 03       		.uleb128 0x3
 737 001f 16       		.uleb128 0x16
 738 0020 00       		.byte	0
 739 0021 03       		.uleb128 0x3
 740 0022 0E       		.uleb128 0xe
 741 0023 3A       		.uleb128 0x3a
 742 0024 0B       		.uleb128 0xb
 743 0025 3B       		.uleb128 0x3b
 744 0026 0B       		.uleb128 0xb
ARM GAS  C:\Users\vanil\AppData\Local\Temp\cc2nsrZo.s 			page 20


 745 0027 49       		.uleb128 0x49
 746 0028 13       		.uleb128 0x13
 747 0029 00       		.byte	0
 748 002a 00       		.byte	0
 749 002b 04       		.uleb128 0x4
 750 002c 24       		.uleb128 0x24
 751 002d 00       		.byte	0
 752 002e 0B       		.uleb128 0xb
 753 002f 0B       		.uleb128 0xb
 754 0030 3E       		.uleb128 0x3e
 755 0031 0B       		.uleb128 0xb
 756 0032 03       		.uleb128 0x3
 757 0033 0E       		.uleb128 0xe
 758 0034 00       		.byte	0
 759 0035 00       		.byte	0
 760 0036 05       		.uleb128 0x5
 761 0037 0F       		.uleb128 0xf
 762 0038 00       		.byte	0
 763 0039 0B       		.uleb128 0xb
 764 003a 0B       		.uleb128 0xb
 765 003b 00       		.byte	0
 766 003c 00       		.byte	0
 767 003d 06       		.uleb128 0x6
 768 003e 16       		.uleb128 0x16
 769 003f 00       		.byte	0
 770 0040 03       		.uleb128 0x3
 771 0041 0E       		.uleb128 0xe
 772 0042 3A       		.uleb128 0x3a
 773 0043 0B       		.uleb128 0xb
 774 0044 3B       		.uleb128 0x3b
 775 0045 05       		.uleb128 0x5
 776 0046 49       		.uleb128 0x49
 777 0047 13       		.uleb128 0x13
 778 0048 00       		.byte	0
 779 0049 00       		.byte	0
 780 004a 07       		.uleb128 0x7
 781 004b 35       		.uleb128 0x35
 782 004c 00       		.byte	0
 783 004d 49       		.uleb128 0x49
 784 004e 13       		.uleb128 0x13
 785 004f 00       		.byte	0
 786 0050 00       		.byte	0
 787 0051 08       		.uleb128 0x8
 788 0052 2E       		.uleb128 0x2e
 789 0053 00       		.byte	0
 790 0054 03       		.uleb128 0x3
 791 0055 0E       		.uleb128 0xe
 792 0056 3A       		.uleb128 0x3a
 793 0057 0B       		.uleb128 0xb
 794 0058 3B       		.uleb128 0x3b
 795 0059 0B       		.uleb128 0xb
 796 005a 27       		.uleb128 0x27
 797 005b 19       		.uleb128 0x19
 798 005c 11       		.uleb128 0x11
 799 005d 01       		.uleb128 0x1
 800 005e 12       		.uleb128 0x12
 801 005f 06       		.uleb128 0x6
ARM GAS  C:\Users\vanil\AppData\Local\Temp\cc2nsrZo.s 			page 21


 802 0060 40       		.uleb128 0x40
 803 0061 18       		.uleb128 0x18
 804 0062 9742     		.uleb128 0x2117
 805 0064 19       		.uleb128 0x19
 806 0065 00       		.byte	0
 807 0066 00       		.byte	0
 808 0067 09       		.uleb128 0x9
 809 0068 2E       		.uleb128 0x2e
 810 0069 01       		.byte	0x1
 811 006a 03       		.uleb128 0x3
 812 006b 0E       		.uleb128 0xe
 813 006c 3A       		.uleb128 0x3a
 814 006d 0B       		.uleb128 0xb
 815 006e 3B       		.uleb128 0x3b
 816 006f 0B       		.uleb128 0xb
 817 0070 27       		.uleb128 0x27
 818 0071 19       		.uleb128 0x19
 819 0072 11       		.uleb128 0x11
 820 0073 01       		.uleb128 0x1
 821 0074 12       		.uleb128 0x12
 822 0075 06       		.uleb128 0x6
 823 0076 40       		.uleb128 0x40
 824 0077 18       		.uleb128 0x18
 825 0078 9742     		.uleb128 0x2117
 826 007a 19       		.uleb128 0x19
 827 007b 01       		.uleb128 0x1
 828 007c 13       		.uleb128 0x13
 829 007d 00       		.byte	0
 830 007e 00       		.byte	0
 831 007f 0A       		.uleb128 0xa
 832 0080 05       		.uleb128 0x5
 833 0081 00       		.byte	0
 834 0082 03       		.uleb128 0x3
 835 0083 08       		.uleb128 0x8
 836 0084 3A       		.uleb128 0x3a
 837 0085 0B       		.uleb128 0xb
 838 0086 3B       		.uleb128 0x3b
 839 0087 0B       		.uleb128 0xb
 840 0088 49       		.uleb128 0x49
 841 0089 13       		.uleb128 0x13
 842 008a 02       		.uleb128 0x2
 843 008b 17       		.uleb128 0x17
 844 008c 00       		.byte	0
 845 008d 00       		.byte	0
 846 008e 0B       		.uleb128 0xb
 847 008f 898201   		.uleb128 0x4109
 848 0092 01       		.byte	0x1
 849 0093 11       		.uleb128 0x11
 850 0094 01       		.uleb128 0x1
 851 0095 31       		.uleb128 0x31
 852 0096 13       		.uleb128 0x13
 853 0097 00       		.byte	0
 854 0098 00       		.byte	0
 855 0099 0C       		.uleb128 0xc
 856 009a 8A8201   		.uleb128 0x410a
 857 009d 00       		.byte	0
 858 009e 02       		.uleb128 0x2
ARM GAS  C:\Users\vanil\AppData\Local\Temp\cc2nsrZo.s 			page 22


 859 009f 18       		.uleb128 0x18
 860 00a0 9142     		.uleb128 0x2111
 861 00a2 18       		.uleb128 0x18
 862 00a3 00       		.byte	0
 863 00a4 00       		.byte	0
 864 00a5 0D       		.uleb128 0xd
 865 00a6 898201   		.uleb128 0x4109
 866 00a9 00       		.byte	0
 867 00aa 11       		.uleb128 0x11
 868 00ab 01       		.uleb128 0x1
 869 00ac 31       		.uleb128 0x31
 870 00ad 13       		.uleb128 0x13
 871 00ae 00       		.byte	0
 872 00af 00       		.byte	0
 873 00b0 0E       		.uleb128 0xe
 874 00b1 898201   		.uleb128 0x4109
 875 00b4 01       		.byte	0x1
 876 00b5 11       		.uleb128 0x11
 877 00b6 01       		.uleb128 0x1
 878 00b7 31       		.uleb128 0x31
 879 00b8 13       		.uleb128 0x13
 880 00b9 01       		.uleb128 0x1
 881 00ba 13       		.uleb128 0x13
 882 00bb 00       		.byte	0
 883 00bc 00       		.byte	0
 884 00bd 0F       		.uleb128 0xf
 885 00be 2E       		.uleb128 0x2e
 886 00bf 01       		.byte	0x1
 887 00c0 3F       		.uleb128 0x3f
 888 00c1 19       		.uleb128 0x19
 889 00c2 03       		.uleb128 0x3
 890 00c3 0E       		.uleb128 0xe
 891 00c4 3A       		.uleb128 0x3a
 892 00c5 0B       		.uleb128 0xb
 893 00c6 3B       		.uleb128 0x3b
 894 00c7 05       		.uleb128 0x5
 895 00c8 27       		.uleb128 0x27
 896 00c9 19       		.uleb128 0x19
 897 00ca 11       		.uleb128 0x11
 898 00cb 01       		.uleb128 0x1
 899 00cc 12       		.uleb128 0x12
 900 00cd 06       		.uleb128 0x6
 901 00ce 40       		.uleb128 0x40
 902 00cf 18       		.uleb128 0x18
 903 00d0 9742     		.uleb128 0x2117
 904 00d2 19       		.uleb128 0x19
 905 00d3 01       		.uleb128 0x1
 906 00d4 13       		.uleb128 0x13
 907 00d5 00       		.byte	0
 908 00d6 00       		.byte	0
 909 00d7 10       		.uleb128 0x10
 910 00d8 0B       		.uleb128 0xb
 911 00d9 01       		.byte	0x1
 912 00da 11       		.uleb128 0x11
 913 00db 01       		.uleb128 0x1
 914 00dc 12       		.uleb128 0x12
 915 00dd 06       		.uleb128 0x6
ARM GAS  C:\Users\vanil\AppData\Local\Temp\cc2nsrZo.s 			page 23


 916 00de 01       		.uleb128 0x1
 917 00df 13       		.uleb128 0x13
 918 00e0 00       		.byte	0
 919 00e1 00       		.byte	0
 920 00e2 11       		.uleb128 0x11
 921 00e3 13       		.uleb128 0x13
 922 00e4 01       		.byte	0x1
 923 00e5 0B       		.uleb128 0xb
 924 00e6 0B       		.uleb128 0xb
 925 00e7 3A       		.uleb128 0x3a
 926 00e8 0B       		.uleb128 0xb
 927 00e9 3B       		.uleb128 0x3b
 928 00ea 05       		.uleb128 0x5
 929 00eb 01       		.uleb128 0x1
 930 00ec 13       		.uleb128 0x13
 931 00ed 00       		.byte	0
 932 00ee 00       		.byte	0
 933 00ef 12       		.uleb128 0x12
 934 00f0 0D       		.uleb128 0xd
 935 00f1 00       		.byte	0
 936 00f2 03       		.uleb128 0x3
 937 00f3 0E       		.uleb128 0xe
 938 00f4 3A       		.uleb128 0x3a
 939 00f5 0B       		.uleb128 0xb
 940 00f6 3B       		.uleb128 0x3b
 941 00f7 05       		.uleb128 0x5
 942 00f8 49       		.uleb128 0x49
 943 00f9 13       		.uleb128 0x13
 944 00fa 38       		.uleb128 0x38
 945 00fb 0B       		.uleb128 0xb
 946 00fc 00       		.byte	0
 947 00fd 00       		.byte	0
 948 00fe 13       		.uleb128 0x13
 949 00ff 01       		.uleb128 0x1
 950 0100 01       		.byte	0x1
 951 0101 49       		.uleb128 0x49
 952 0102 13       		.uleb128 0x13
 953 0103 01       		.uleb128 0x1
 954 0104 13       		.uleb128 0x13
 955 0105 00       		.byte	0
 956 0106 00       		.byte	0
 957 0107 14       		.uleb128 0x14
 958 0108 21       		.uleb128 0x21
 959 0109 00       		.byte	0
 960 010a 49       		.uleb128 0x49
 961 010b 13       		.uleb128 0x13
 962 010c 2F       		.uleb128 0x2f
 963 010d 0B       		.uleb128 0xb
 964 010e 00       		.byte	0
 965 010f 00       		.byte	0
 966 0110 15       		.uleb128 0x15
 967 0111 26       		.uleb128 0x26
 968 0112 00       		.byte	0
 969 0113 49       		.uleb128 0x49
 970 0114 13       		.uleb128 0x13
 971 0115 00       		.byte	0
 972 0116 00       		.byte	0
ARM GAS  C:\Users\vanil\AppData\Local\Temp\cc2nsrZo.s 			page 24


 973 0117 16       		.uleb128 0x16
 974 0118 34       		.uleb128 0x34
 975 0119 00       		.byte	0
 976 011a 03       		.uleb128 0x3
 977 011b 0E       		.uleb128 0xe
 978 011c 3A       		.uleb128 0x3a
 979 011d 0B       		.uleb128 0xb
 980 011e 3B       		.uleb128 0x3b
 981 011f 05       		.uleb128 0x5
 982 0120 49       		.uleb128 0x49
 983 0121 13       		.uleb128 0x13
 984 0122 02       		.uleb128 0x2
 985 0123 18       		.uleb128 0x18
 986 0124 00       		.byte	0
 987 0125 00       		.byte	0
 988 0126 17       		.uleb128 0x17
 989 0127 34       		.uleb128 0x34
 990 0128 00       		.byte	0
 991 0129 03       		.uleb128 0x3
 992 012a 08       		.uleb128 0x8
 993 012b 3A       		.uleb128 0x3a
 994 012c 0B       		.uleb128 0xb
 995 012d 3B       		.uleb128 0x3b
 996 012e 05       		.uleb128 0x5
 997 012f 49       		.uleb128 0x49
 998 0130 13       		.uleb128 0x13
 999 0131 02       		.uleb128 0x2
 1000 0132 17       		.uleb128 0x17
 1001 0133 00       		.byte	0
 1002 0134 00       		.byte	0
 1003 0135 18       		.uleb128 0x18
 1004 0136 0B       		.uleb128 0xb
 1005 0137 01       		.byte	0x1
 1006 0138 11       		.uleb128 0x11
 1007 0139 01       		.uleb128 0x1
 1008 013a 12       		.uleb128 0x12
 1009 013b 06       		.uleb128 0x6
 1010 013c 00       		.byte	0
 1011 013d 00       		.byte	0
 1012 013e 19       		.uleb128 0x19
 1013 013f 0F       		.uleb128 0xf
 1014 0140 00       		.byte	0
 1015 0141 0B       		.uleb128 0xb
 1016 0142 0B       		.uleb128 0xb
 1017 0143 49       		.uleb128 0x49
 1018 0144 13       		.uleb128 0x13
 1019 0145 00       		.byte	0
 1020 0146 00       		.byte	0
 1021 0147 1A       		.uleb128 0x1a
 1022 0148 2E       		.uleb128 0x2e
 1023 0149 00       		.byte	0
 1024 014a 3F       		.uleb128 0x3f
 1025 014b 19       		.uleb128 0x19
 1026 014c 3C       		.uleb128 0x3c
 1027 014d 19       		.uleb128 0x19
 1028 014e 6E       		.uleb128 0x6e
 1029 014f 0E       		.uleb128 0xe
ARM GAS  C:\Users\vanil\AppData\Local\Temp\cc2nsrZo.s 			page 25


 1030 0150 03       		.uleb128 0x3
 1031 0151 0E       		.uleb128 0xe
 1032 0152 00       		.byte	0
 1033 0153 00       		.byte	0
 1034 0154 1B       		.uleb128 0x1b
 1035 0155 2E       		.uleb128 0x2e
 1036 0156 00       		.byte	0
 1037 0157 3F       		.uleb128 0x3f
 1038 0158 19       		.uleb128 0x19
 1039 0159 3C       		.uleb128 0x3c
 1040 015a 19       		.uleb128 0x19
 1041 015b 6E       		.uleb128 0x6e
 1042 015c 0E       		.uleb128 0xe
 1043 015d 03       		.uleb128 0x3
 1044 015e 0E       		.uleb128 0xe
 1045 015f 3A       		.uleb128 0x3a
 1046 0160 0B       		.uleb128 0xb
 1047 0161 3B       		.uleb128 0x3b
 1048 0162 0B       		.uleb128 0xb
 1049 0163 00       		.byte	0
 1050 0164 00       		.byte	0
 1051 0165 00       		.byte	0
 1052              		.section	.debug_loc,"",%progbits
 1053              	.Ldebug_loc0:
 1054              	.LLST0:
 1055 0000 00000000 		.4byte	.LVL0
 1056 0004 09000000 		.4byte	.LVL2-1
 1057 0008 0100     		.2byte	0x1
 1058 000a 50       		.byte	0x50
 1059 000b 09000000 		.4byte	.LVL2-1
 1060 000f 0C000000 		.4byte	.LFE2
 1061 0013 0400     		.2byte	0x4
 1062 0015 F3       		.byte	0xf3
 1063 0016 01       		.uleb128 0x1
 1064 0017 50       		.byte	0x50
 1065 0018 9F       		.byte	0x9f
 1066 0019 00000000 		.4byte	0
 1067 001d 00000000 		.4byte	0
 1068              	.LLST1:
 1069 0021 00000000 		.4byte	.LVL0
 1070 0025 06000000 		.4byte	.LVL1
 1071 0029 0100     		.2byte	0x1
 1072 002b 51       		.byte	0x51
 1073 002c 06000000 		.4byte	.LVL1
 1074 0030 09000000 		.4byte	.LVL2-1
 1075 0034 0100     		.2byte	0x1
 1076 0036 52       		.byte	0x52
 1077 0037 09000000 		.4byte	.LVL2-1
 1078 003b 0C000000 		.4byte	.LFE2
 1079 003f 0400     		.2byte	0x4
 1080 0041 F3       		.byte	0xf3
 1081 0042 01       		.uleb128 0x1
 1082 0043 51       		.byte	0x51
 1083 0044 9F       		.byte	0x9f
 1084 0045 00000000 		.4byte	0
 1085 0049 00000000 		.4byte	0
 1086              	.LLST2:
ARM GAS  C:\Users\vanil\AppData\Local\Temp\cc2nsrZo.s 			page 26


 1087 004d AE000000 		.4byte	.LVL10
 1088 0051 B2000000 		.4byte	.LVL11
 1089 0055 0200     		.2byte	0x2
 1090 0057 30       		.byte	0x30
 1091 0058 9F       		.byte	0x9f
 1092 0059 B2000000 		.4byte	.LVL11
 1093 005d D0000000 		.4byte	.LVL13
 1094 0061 0100     		.2byte	0x1
 1095 0063 54       		.byte	0x54
 1096 0064 D2000000 		.4byte	.LVL14
 1097 0068 0A010000 		.4byte	.LVL17
 1098 006c 0100     		.2byte	0x1
 1099 006e 54       		.byte	0x54
 1100 006f 00000000 		.4byte	0
 1101 0073 00000000 		.4byte	0
 1102              	.LLST3:
 1103 0077 B2000000 		.4byte	.LVL11
 1104 007b D0000000 		.4byte	.LVL13
 1105 007f 0B00     		.2byte	0xb
 1106 0081 74       		.byte	0x74
 1107 0082 00       		.sleb128 0
 1108 0083 36       		.byte	0x36
 1109 0084 1E       		.byte	0x1e
 1110 0085 03       		.byte	0x3
 1111 0086 00000000 		.4byte	cfg_memset_list.4893
 1112 008a 22       		.byte	0x22
 1113 008b 9F       		.byte	0x9f
 1114 008c D0000000 		.4byte	.LVL13
 1115 0090 D2000000 		.4byte	.LVL14
 1116 0094 0B00     		.2byte	0xb
 1117 0096 74       		.byte	0x74
 1118 0097 7F       		.sleb128 -1
 1119 0098 36       		.byte	0x36
 1120 0099 1E       		.byte	0x1e
 1121 009a 03       		.byte	0x3
 1122 009b 00000000 		.4byte	cfg_memset_list.4893
 1123 009f 22       		.byte	0x22
 1124 00a0 9F       		.byte	0x9f
 1125 00a1 00000000 		.4byte	0
 1126 00a5 00000000 		.4byte	0
 1127              		.section	.debug_aranges,"",%progbits
 1128 0000 34000000 		.4byte	0x34
 1129 0004 0200     		.2byte	0x2
 1130 0006 00000000 		.4byte	.Ldebug_info0
 1131 000a 04       		.byte	0x4
 1132 000b 00       		.byte	0
 1133 000c 0000     		.2byte	0
 1134 000e 0000     		.2byte	0
 1135 0010 00000000 		.4byte	.LFB6
 1136 0014 20000000 		.4byte	.LFE6-.LFB6
 1137 0018 00000000 		.4byte	.LFB2
 1138 001c 0C000000 		.4byte	.LFE2-.LFB2
 1139 0020 00000000 		.4byte	.LFB5
 1140 0024 A4000000 		.4byte	.LFE5-.LFB5
 1141 0028 A4000000 		.4byte	.LFB7
 1142 002c 88000000 		.4byte	.LFE7-.LFB7
 1143 0030 00000000 		.4byte	0
ARM GAS  C:\Users\vanil\AppData\Local\Temp\cc2nsrZo.s 			page 27


 1144 0034 00000000 		.4byte	0
 1145              		.section	.debug_ranges,"",%progbits
 1146              	.Ldebug_ranges0:
 1147 0000 00000000 		.4byte	.LFB6
 1148 0004 20000000 		.4byte	.LFE6
 1149 0008 00000000 		.4byte	.LFB2
 1150 000c 0C000000 		.4byte	.LFE2
 1151 0010 00000000 		.4byte	.LFB5
 1152 0014 A4000000 		.4byte	.LFE5
 1153 0018 A4000000 		.4byte	.LFB7
 1154 001c 2C010000 		.4byte	.LFE7
 1155 0020 00000000 		.4byte	0
 1156 0024 00000000 		.4byte	0
 1157              		.section	.debug_line,"",%progbits
 1158              	.Ldebug_line0:
 1159 0000 4C010000 		.section	.debug_str,"MS",%progbits,1
 1159      0200DC00 
 1159      00000201 
 1159      FB0E0D00 
 1159      01010101 
 1160              	.LASF19:
 1161 0000 72656733 		.ascii	"reg32\000"
 1161      3200
 1162              	.LASF12:
 1163 0006 73697A65 		.ascii	"size_t\000"
 1163      5F7400
 1164              	.LASF36:
 1165 000d 416E616C 		.ascii	"AnalogSetDefault\000"
 1165      6F675365 
 1165      74446566 
 1165      61756C74 
 1165      00
 1166              	.LASF31:
 1167 001e 4379496E 		.ascii	"CyIntSetVector\000"
 1167      74536574 
 1167      56656374 
 1167      6F7200
 1168              	.LASF25:
 1169 002d 6366675F 		.ascii	"cfg_memset_list\000"
 1169      6D656D73 
 1169      65745F6C 
 1169      69737400 
 1170              	.LASF21:
 1171 003d 436C6F63 		.ascii	"ClockSetup\000"
 1171      6B536574 
 1171      757000
 1172              	.LASF6:
 1173 0048 73686F72 		.ascii	"short unsigned int\000"
 1173      7420756E 
 1173      7369676E 
 1173      65642069 
 1173      6E7400
 1174              	.LASF16:
 1175 005b 666C6F61 		.ascii	"float\000"
 1175      7400
 1176              	.LASF35:
 1177 0061 443A5C50 		.ascii	"D:\\POK_project\\PsoC\\LABs_BLE\\Lab_1_2_LED.cydsn\000"
ARM GAS  C:\Users\vanil\AppData\Local\Temp\cc2nsrZo.s 			page 28


 1177      4F4B5F70 
 1177      726F6A65 
 1177      63745C50 
 1177      736F435C 
 1178              	.LASF23:
 1179 0090 73697A65 		.ascii	"size\000"
 1179      00
 1180              	.LASF27:
 1181 0095 43795379 		.ascii	"CySysClkWcoSetPowerMode\000"
 1181      73436C6B 
 1181      57636F53 
 1181      6574506F 
 1181      7765724D 
 1182              	.LASF18:
 1183 00ad 72656738 		.ascii	"reg8\000"
 1183      00
 1184              	.LASF8:
 1185 00b2 6C6F6E67 		.ascii	"long unsigned int\000"
 1185      20756E73 
 1185      69676E65 
 1185      6420696E 
 1185      7400
 1186              	.LASF13:
 1187 00c4 75696E74 		.ascii	"uint8\000"
 1187      3800
 1188              	.LASF26:
 1189 00ca 43795379 		.ascii	"CySysClkWcoStart\000"
 1189      73436C6B 
 1189      57636F53 
 1189      74617274 
 1189      00
 1190              	.LASF20:
 1191 00db 43594D45 		.ascii	"CYMEMZERO\000"
 1191      4D5A4552 
 1191      4F00
 1192              	.LASF4:
 1193 00e5 756E7369 		.ascii	"unsigned char\000"
 1193      676E6564 
 1193      20636861 
 1193      7200
 1194              	.LASF38:
 1195 00f3 6D656D73 		.ascii	"memset\000"
 1195      657400
 1196              	.LASF17:
 1197 00fa 646F7562 		.ascii	"double\000"
 1197      6C6500
 1198              	.LASF32:
 1199 0101 4379496E 		.ascii	"CyIntEnable\000"
 1199      74456E61 
 1199      626C6500 
 1200              	.LASF14:
 1201 010d 75696E74 		.ascii	"uint16\000"
 1201      313600
 1202              	.LASF15:
 1203 0114 75696E74 		.ascii	"uint32\000"
 1203      333200
 1204              	.LASF0:
ARM GAS  C:\Users\vanil\AppData\Local\Temp\cc2nsrZo.s 			page 29


 1205 011b 756E7369 		.ascii	"unsigned int\000"
 1205      676E6564 
 1205      20696E74 
 1205      00
 1206              	.LASF37:
 1207 0128 63796669 		.ascii	"cyfitter_cfg\000"
 1207      74746572 
 1207      5F636667 
 1207      00
 1208              	.LASF22:
 1209 0135 61646472 		.ascii	"address\000"
 1209      65737300 
 1210              	.LASF9:
 1211 013d 6C6F6E67 		.ascii	"long long unsigned int\000"
 1211      206C6F6E 
 1211      6720756E 
 1211      7369676E 
 1211      65642069 
 1212              	.LASF33:
 1213 0154 474E5520 		.ascii	"GNU C11 5.4.1 20160609 (release) [ARM/embedded-5-br"
 1213      43313120 
 1213      352E342E 
 1213      31203230 
 1213      31363036 
 1214 0187 616E6368 		.ascii	"anch revision 237715] -mcpu=cortex-m0 -mthumb -g -O"
 1214      20726576 
 1214      6973696F 
 1214      6E203233 
 1214      37373135 
 1215 01ba 67202D66 		.ascii	"g -ffunction-sections -ffat-lto-objects\000"
 1215      66756E63 
 1215      74696F6E 
 1215      2D736563 
 1215      74696F6E 
 1216              	.LASF24:
 1217 01e2 6366675F 		.ascii	"cfg_memset_t\000"
 1217      6D656D73 
 1217      65745F74 
 1217      00
 1218              	.LASF10:
 1219 01ef 73697A65 		.ascii	"sizetype\000"
 1219      74797065 
 1219      00
 1220              	.LASF1:
 1221 01f8 6C6F6E67 		.ascii	"long long int\000"
 1221      206C6F6E 
 1221      6720696E 
 1221      7400
 1222              	.LASF30:
 1223 0206 43794465 		.ascii	"CyDelayUs\000"
 1223      6C617955 
 1223      7300
 1224              	.LASF11:
 1225 0210 63686172 		.ascii	"char\000"
 1225      00
 1226              	.LASF29:
 1227 0215 43795379 		.ascii	"CySysClkEcoStart\000"
ARM GAS  C:\Users\vanil\AppData\Local\Temp\cc2nsrZo.s 			page 30


 1227      73436C6B 
 1227      45636F53 
 1227      74617274 
 1227      00
 1228              	.LASF5:
 1229 0226 73686F72 		.ascii	"short int\000"
 1229      7420696E 
 1229      7400
 1230              	.LASF28:
 1231 0230 43795379 		.ascii	"CySysClkWriteImoFreq\000"
 1231      73436C6B 
 1231      57726974 
 1231      65496D6F 
 1231      46726571 
 1232              	.LASF7:
 1233 0245 6C6F6E67 		.ascii	"long int\000"
 1233      20696E74 
 1233      00
 1234              	.LASF2:
 1235 024e 6C6F6E67 		.ascii	"long double\000"
 1235      20646F75 
 1235      626C6500 
 1236              	.LASF3:
 1237 025a 7369676E 		.ascii	"signed char\000"
 1237      65642063 
 1237      68617200 
 1238              	.LASF34:
 1239 0266 47656E65 		.ascii	"Generated_Source\\PSoC4\\cyfitter_cfg.c\000"
 1239      72617465 
 1239      645F536F 
 1239      75726365 
 1239      5C50536F 
 1240              		.ident	"GCC: (GNU Tools for ARM Embedded Processors) 5.4.1 20160609 (release) [ARM/embedded-5-bran
