ARM GAS  C:\Users\vanil\AppData\Local\Temp\ccNA1U8i.s 			page 1


   1              		.syntax unified
   2              		.cpu cortex-m0
   3              		.fpu softvfp
   4              		.eabi_attribute 20, 1
   5              		.eabi_attribute 21, 1
   6              		.eabi_attribute 23, 3
   7              		.eabi_attribute 24, 1
   8              		.eabi_attribute 25, 1
   9              		.eabi_attribute 26, 1
  10              		.eabi_attribute 30, 1
  11              		.eabi_attribute 34, 0
  12              		.eabi_attribute 18, 4
  13              		.thumb
  14              		.syntax unified
  15              		.file	"main.c"
  16              		.text
  17              	.Ltext0:
  18              		.cfi_sections	.debug_frame
  19              		.section	.text.main,"ax",%progbits
  20              		.align	2
  21              		.global	main
  22              		.code	16
  23              		.thumb_func
  24              		.type	main, %function
  25              	main:
  26              	.LFB35:
  27              		.file 1 "main.c"
   1:main.c        **** /* ========================================
   2:main.c        ****  *
   3:main.c        ****  * Copyright YOUR COMPANY, THE YEAR
   4:main.c        ****  * All Rights Reserved
   5:main.c        ****  * UNPUBLISHED, LICENSED SOFTWARE.
   6:main.c        ****  *
   7:main.c        ****  * CONFIDENTIAL AND PROPRIETARY INFORMATION
   8:main.c        ****  * WHICH IS THE PROPERTY OF your company.
   9:main.c        ****  *
  10:main.c        ****  * ========================================
  11:main.c        **** */
  12:main.c        **** #include <project.h>
  13:main.c        **** 
  14:main.c        **** int main()
  15:main.c        **** {
  28              		.loc 1 15 0
  29              		.cfi_startproc
  30              		@ Volatile: function does not return.
  31              		@ args = 0, pretend = 0, frame = 0
  32              		@ frame_needed = 0, uses_anonymous_args = 0
  33 0000 10B5     		push	{r4, lr}
  34              		.cfi_def_cfa_offset 8
  35              		.cfi_offset 4, -8
  36              		.cfi_offset 14, -4
  16:main.c        ****     CyGlobalIntEnable;
  37              		.loc 1 16 0
  38              		.syntax divided
  39              	@ 16 "main.c" 1
  40 0002 62B6     		CPSIE   i
  41              	@ 0 "" 2
ARM GAS  C:\Users\vanil\AppData\Local\Temp\ccNA1U8i.s 			page 2


  17:main.c        ****     LED_B_Write(1);
  42              		.loc 1 17 0
  43              		.thumb
  44              		.syntax unified
  45 0004 0120     		movs	r0, #1
  46 0006 FFF7FEFF 		bl	LED_B_Write
  47              	.LVL0:
  18:main.c        ****     LED_G_Write(1);
  48              		.loc 1 18 0
  49 000a 0120     		movs	r0, #1
  50 000c FFF7FEFF 		bl	LED_G_Write
  51              	.LVL1:
  52              	.L2:
  19:main.c        **** 
  20:main.c        ****     for(;;)
  21:main.c        ****     {
  22:main.c        ****         LED_B_Write(1);
  53              		.loc 1 22 0 discriminator 1
  54 0010 0120     		movs	r0, #1
  55 0012 FFF7FEFF 		bl	LED_B_Write
  56              	.LVL2:
  23:main.c        ****         LED_G_Write(0);
  57              		.loc 1 23 0 discriminator 1
  58 0016 0020     		movs	r0, #0
  59 0018 FFF7FEFF 		bl	LED_G_Write
  60              	.LVL3:
  24:main.c        ****         CyDelay(300);
  61              		.loc 1 24 0 discriminator 1
  62 001c 9624     		movs	r4, #150
  63 001e 6400     		lsls	r4, r4, #1
  64 0020 2000     		movs	r0, r4
  65 0022 FFF7FEFF 		bl	CyDelay
  66              	.LVL4:
  25:main.c        ****         
  26:main.c        ****         LED_G_Write(1);
  67              		.loc 1 26 0 discriminator 1
  68 0026 0120     		movs	r0, #1
  69 0028 FFF7FEFF 		bl	LED_G_Write
  70              	.LVL5:
  27:main.c        ****         LED_B_Write(0);
  71              		.loc 1 27 0 discriminator 1
  72 002c 0020     		movs	r0, #0
  73 002e FFF7FEFF 		bl	LED_B_Write
  74              	.LVL6:
  28:main.c        ****         CyDelay(300);
  75              		.loc 1 28 0 discriminator 1
  76 0032 2000     		movs	r0, r4
  77 0034 FFF7FEFF 		bl	CyDelay
  78              	.LVL7:
  79 0038 EAE7     		b	.L2
  80              		.cfi_endproc
  81              	.LFE35:
  82              		.size	main, .-main
  83 003a C046     		.text
  84              	.Letext0:
  85              		.file 2 "Generated_Source\\PSoC4/LED_B.h"
  86              		.file 3 "Generated_Source\\PSoC4/LED_G.h"
ARM GAS  C:\Users\vanil\AppData\Local\Temp\ccNA1U8i.s 			page 3


  87              		.file 4 "Generated_Source\\PSoC4/CyLib.h"
  88              		.section	.debug_info,"",%progbits
  89              	.Ldebug_info0:
  90 0000 5C010000 		.4byte	0x15c
  91 0004 0400     		.2byte	0x4
  92 0006 00000000 		.4byte	.Ldebug_abbrev0
  93 000a 04       		.byte	0x4
  94 000b 01       		.uleb128 0x1
  95 000c 94000000 		.4byte	.LASF17
  96 0010 0C       		.byte	0xc
  97 0011 1B000000 		.4byte	.LASF18
  98 0015 52010000 		.4byte	.LASF19
  99 0019 00000000 		.4byte	.Ldebug_ranges0+0
 100 001d 00000000 		.4byte	0
 101 0021 00000000 		.4byte	.Ldebug_line0
 102 0025 02       		.uleb128 0x2
 103 0026 01       		.byte	0x1
 104 0027 06       		.byte	0x6
 105 0028 35010000 		.4byte	.LASF0
 106 002c 02       		.uleb128 0x2
 107 002d 01       		.byte	0x1
 108 002e 08       		.byte	0x8
 109 002f 65000000 		.4byte	.LASF1
 110 0033 02       		.uleb128 0x2
 111 0034 02       		.byte	0x2
 112 0035 05       		.byte	0x5
 113 0036 81010000 		.4byte	.LASF2
 114 003a 02       		.uleb128 0x2
 115 003b 02       		.byte	0x2
 116 003c 07       		.byte	0x7
 117 003d 22010000 		.4byte	.LASF3
 118 0041 02       		.uleb128 0x2
 119 0042 04       		.byte	0x4
 120 0043 05       		.byte	0x5
 121 0044 78000000 		.4byte	.LASF4
 122 0048 02       		.uleb128 0x2
 123 0049 04       		.byte	0x4
 124 004a 07       		.byte	0x7
 125 004b 36000000 		.4byte	.LASF5
 126 004f 02       		.uleb128 0x2
 127 0050 08       		.byte	0x8
 128 0051 05       		.byte	0x5
 129 0052 00000000 		.4byte	.LASF6
 130 0056 02       		.uleb128 0x2
 131 0057 08       		.byte	0x8
 132 0058 07       		.byte	0x7
 133 0059 48000000 		.4byte	.LASF7
 134 005d 03       		.uleb128 0x3
 135 005e 04       		.byte	0x4
 136 005f 05       		.byte	0x5
 137 0060 696E7400 		.ascii	"int\000"
 138 0064 02       		.uleb128 0x2
 139 0065 04       		.byte	0x4
 140 0066 07       		.byte	0x7
 141 0067 0E000000 		.4byte	.LASF8
 142 006b 02       		.uleb128 0x2
 143 006c 04       		.byte	0x4
ARM GAS  C:\Users\vanil\AppData\Local\Temp\ccNA1U8i.s 			page 4


 144 006d 04       		.byte	0x4
 145 006e 5F000000 		.4byte	.LASF9
 146 0072 02       		.uleb128 0x2
 147 0073 08       		.byte	0x8
 148 0074 04       		.byte	0x4
 149 0075 8D000000 		.4byte	.LASF10
 150 0079 02       		.uleb128 0x2
 151 007a 01       		.byte	0x1
 152 007b 08       		.byte	0x8
 153 007c 73000000 		.4byte	.LASF11
 154 0080 02       		.uleb128 0x2
 155 0081 08       		.byte	0x8
 156 0082 04       		.byte	0x4
 157 0083 46010000 		.4byte	.LASF12
 158 0087 02       		.uleb128 0x2
 159 0088 04       		.byte	0x4
 160 0089 07       		.byte	0x7
 161 008a 8B010000 		.4byte	.LASF13
 162 008e 04       		.uleb128 0x4
 163 008f 41010000 		.4byte	.LASF20
 164 0093 01       		.byte	0x1
 165 0094 0E       		.byte	0xe
 166 0095 5D000000 		.4byte	0x5d
 167 0099 00000000 		.4byte	.LFB35
 168 009d 3A000000 		.4byte	.LFE35-.LFB35
 169 00a1 01       		.uleb128 0x1
 170 00a2 9C       		.byte	0x9c
 171 00a3 3E010000 		.4byte	0x13e
 172 00a7 05       		.uleb128 0x5
 173 00a8 0A000000 		.4byte	.LVL0
 174 00ac 3E010000 		.4byte	0x13e
 175 00b0 BA000000 		.4byte	0xba
 176 00b4 06       		.uleb128 0x6
 177 00b5 01       		.uleb128 0x1
 178 00b6 50       		.byte	0x50
 179 00b7 01       		.uleb128 0x1
 180 00b8 31       		.byte	0x31
 181 00b9 00       		.byte	0
 182 00ba 05       		.uleb128 0x5
 183 00bb 10000000 		.4byte	.LVL1
 184 00bf 49010000 		.4byte	0x149
 185 00c3 CD000000 		.4byte	0xcd
 186 00c7 06       		.uleb128 0x6
 187 00c8 01       		.uleb128 0x1
 188 00c9 50       		.byte	0x50
 189 00ca 01       		.uleb128 0x1
 190 00cb 31       		.byte	0x31
 191 00cc 00       		.byte	0
 192 00cd 05       		.uleb128 0x5
 193 00ce 16000000 		.4byte	.LVL2
 194 00d2 3E010000 		.4byte	0x13e
 195 00d6 E0000000 		.4byte	0xe0
 196 00da 06       		.uleb128 0x6
 197 00db 01       		.uleb128 0x1
 198 00dc 50       		.byte	0x50
 199 00dd 01       		.uleb128 0x1
 200 00de 31       		.byte	0x31
ARM GAS  C:\Users\vanil\AppData\Local\Temp\ccNA1U8i.s 			page 5


 201 00df 00       		.byte	0
 202 00e0 05       		.uleb128 0x5
 203 00e1 1C000000 		.4byte	.LVL3
 204 00e5 49010000 		.4byte	0x149
 205 00e9 F3000000 		.4byte	0xf3
 206 00ed 06       		.uleb128 0x6
 207 00ee 01       		.uleb128 0x1
 208 00ef 50       		.byte	0x50
 209 00f0 01       		.uleb128 0x1
 210 00f1 30       		.byte	0x30
 211 00f2 00       		.byte	0
 212 00f3 05       		.uleb128 0x5
 213 00f4 26000000 		.4byte	.LVL4
 214 00f8 54010000 		.4byte	0x154
 215 00fc 07010000 		.4byte	0x107
 216 0100 06       		.uleb128 0x6
 217 0101 01       		.uleb128 0x1
 218 0102 50       		.byte	0x50
 219 0103 02       		.uleb128 0x2
 220 0104 74       		.byte	0x74
 221 0105 00       		.sleb128 0
 222 0106 00       		.byte	0
 223 0107 05       		.uleb128 0x5
 224 0108 2C000000 		.4byte	.LVL5
 225 010c 49010000 		.4byte	0x149
 226 0110 1A010000 		.4byte	0x11a
 227 0114 06       		.uleb128 0x6
 228 0115 01       		.uleb128 0x1
 229 0116 50       		.byte	0x50
 230 0117 01       		.uleb128 0x1
 231 0118 31       		.byte	0x31
 232 0119 00       		.byte	0
 233 011a 05       		.uleb128 0x5
 234 011b 32000000 		.4byte	.LVL6
 235 011f 3E010000 		.4byte	0x13e
 236 0123 2D010000 		.4byte	0x12d
 237 0127 06       		.uleb128 0x6
 238 0128 01       		.uleb128 0x1
 239 0129 50       		.byte	0x50
 240 012a 01       		.uleb128 0x1
 241 012b 30       		.byte	0x30
 242 012c 00       		.byte	0
 243 012d 07       		.uleb128 0x7
 244 012e 38000000 		.4byte	.LVL7
 245 0132 54010000 		.4byte	0x154
 246 0136 06       		.uleb128 0x6
 247 0137 01       		.uleb128 0x1
 248 0138 50       		.byte	0x50
 249 0139 02       		.uleb128 0x2
 250 013a 74       		.byte	0x74
 251 013b 00       		.sleb128 0
 252 013c 00       		.byte	0
 253 013d 00       		.byte	0
 254 013e 08       		.uleb128 0x8
 255 013f 22000000 		.4byte	.LASF14
 256 0143 22000000 		.4byte	.LASF14
 257 0147 02       		.byte	0x2
ARM GAS  C:\Users\vanil\AppData\Local\Temp\ccNA1U8i.s 			page 6


 258 0148 33       		.byte	0x33
 259 0149 08       		.uleb128 0x8
 260 014a 81000000 		.4byte	.LASF15
 261 014e 81000000 		.4byte	.LASF15
 262 0152 03       		.byte	0x3
 263 0153 33       		.byte	0x33
 264 0154 08       		.uleb128 0x8
 265 0155 2E000000 		.4byte	.LASF16
 266 0159 2E000000 		.4byte	.LASF16
 267 015d 04       		.byte	0x4
 268 015e D9       		.byte	0xd9
 269 015f 00       		.byte	0
 270              		.section	.debug_abbrev,"",%progbits
 271              	.Ldebug_abbrev0:
 272 0000 01       		.uleb128 0x1
 273 0001 11       		.uleb128 0x11
 274 0002 01       		.byte	0x1
 275 0003 25       		.uleb128 0x25
 276 0004 0E       		.uleb128 0xe
 277 0005 13       		.uleb128 0x13
 278 0006 0B       		.uleb128 0xb
 279 0007 03       		.uleb128 0x3
 280 0008 0E       		.uleb128 0xe
 281 0009 1B       		.uleb128 0x1b
 282 000a 0E       		.uleb128 0xe
 283 000b 55       		.uleb128 0x55
 284 000c 17       		.uleb128 0x17
 285 000d 11       		.uleb128 0x11
 286 000e 01       		.uleb128 0x1
 287 000f 10       		.uleb128 0x10
 288 0010 17       		.uleb128 0x17
 289 0011 00       		.byte	0
 290 0012 00       		.byte	0
 291 0013 02       		.uleb128 0x2
 292 0014 24       		.uleb128 0x24
 293 0015 00       		.byte	0
 294 0016 0B       		.uleb128 0xb
 295 0017 0B       		.uleb128 0xb
 296 0018 3E       		.uleb128 0x3e
 297 0019 0B       		.uleb128 0xb
 298 001a 03       		.uleb128 0x3
 299 001b 0E       		.uleb128 0xe
 300 001c 00       		.byte	0
 301 001d 00       		.byte	0
 302 001e 03       		.uleb128 0x3
 303 001f 24       		.uleb128 0x24
 304 0020 00       		.byte	0
 305 0021 0B       		.uleb128 0xb
 306 0022 0B       		.uleb128 0xb
 307 0023 3E       		.uleb128 0x3e
 308 0024 0B       		.uleb128 0xb
 309 0025 03       		.uleb128 0x3
 310 0026 08       		.uleb128 0x8
 311 0027 00       		.byte	0
 312 0028 00       		.byte	0
 313 0029 04       		.uleb128 0x4
 314 002a 2E       		.uleb128 0x2e
ARM GAS  C:\Users\vanil\AppData\Local\Temp\ccNA1U8i.s 			page 7


 315 002b 01       		.byte	0x1
 316 002c 3F       		.uleb128 0x3f
 317 002d 19       		.uleb128 0x19
 318 002e 03       		.uleb128 0x3
 319 002f 0E       		.uleb128 0xe
 320 0030 3A       		.uleb128 0x3a
 321 0031 0B       		.uleb128 0xb
 322 0032 3B       		.uleb128 0x3b
 323 0033 0B       		.uleb128 0xb
 324 0034 49       		.uleb128 0x49
 325 0035 13       		.uleb128 0x13
 326 0036 8701     		.uleb128 0x87
 327 0038 19       		.uleb128 0x19
 328 0039 11       		.uleb128 0x11
 329 003a 01       		.uleb128 0x1
 330 003b 12       		.uleb128 0x12
 331 003c 06       		.uleb128 0x6
 332 003d 40       		.uleb128 0x40
 333 003e 18       		.uleb128 0x18
 334 003f 9742     		.uleb128 0x2117
 335 0041 19       		.uleb128 0x19
 336 0042 01       		.uleb128 0x1
 337 0043 13       		.uleb128 0x13
 338 0044 00       		.byte	0
 339 0045 00       		.byte	0
 340 0046 05       		.uleb128 0x5
 341 0047 898201   		.uleb128 0x4109
 342 004a 01       		.byte	0x1
 343 004b 11       		.uleb128 0x11
 344 004c 01       		.uleb128 0x1
 345 004d 31       		.uleb128 0x31
 346 004e 13       		.uleb128 0x13
 347 004f 01       		.uleb128 0x1
 348 0050 13       		.uleb128 0x13
 349 0051 00       		.byte	0
 350 0052 00       		.byte	0
 351 0053 06       		.uleb128 0x6
 352 0054 8A8201   		.uleb128 0x410a
 353 0057 00       		.byte	0
 354 0058 02       		.uleb128 0x2
 355 0059 18       		.uleb128 0x18
 356 005a 9142     		.uleb128 0x2111
 357 005c 18       		.uleb128 0x18
 358 005d 00       		.byte	0
 359 005e 00       		.byte	0
 360 005f 07       		.uleb128 0x7
 361 0060 898201   		.uleb128 0x4109
 362 0063 01       		.byte	0x1
 363 0064 11       		.uleb128 0x11
 364 0065 01       		.uleb128 0x1
 365 0066 31       		.uleb128 0x31
 366 0067 13       		.uleb128 0x13
 367 0068 00       		.byte	0
 368 0069 00       		.byte	0
 369 006a 08       		.uleb128 0x8
 370 006b 2E       		.uleb128 0x2e
 371 006c 00       		.byte	0
ARM GAS  C:\Users\vanil\AppData\Local\Temp\ccNA1U8i.s 			page 8


 372 006d 3F       		.uleb128 0x3f
 373 006e 19       		.uleb128 0x19
 374 006f 3C       		.uleb128 0x3c
 375 0070 19       		.uleb128 0x19
 376 0071 6E       		.uleb128 0x6e
 377 0072 0E       		.uleb128 0xe
 378 0073 03       		.uleb128 0x3
 379 0074 0E       		.uleb128 0xe
 380 0075 3A       		.uleb128 0x3a
 381 0076 0B       		.uleb128 0xb
 382 0077 3B       		.uleb128 0x3b
 383 0078 0B       		.uleb128 0xb
 384 0079 00       		.byte	0
 385 007a 00       		.byte	0
 386 007b 00       		.byte	0
 387              		.section	.debug_aranges,"",%progbits
 388 0000 1C000000 		.4byte	0x1c
 389 0004 0200     		.2byte	0x2
 390 0006 00000000 		.4byte	.Ldebug_info0
 391 000a 04       		.byte	0x4
 392 000b 00       		.byte	0
 393 000c 0000     		.2byte	0
 394 000e 0000     		.2byte	0
 395 0010 00000000 		.4byte	.LFB35
 396 0014 3A000000 		.4byte	.LFE35-.LFB35
 397 0018 00000000 		.4byte	0
 398 001c 00000000 		.4byte	0
 399              		.section	.debug_ranges,"",%progbits
 400              	.Ldebug_ranges0:
 401 0000 00000000 		.4byte	.LFB35
 402 0004 3A000000 		.4byte	.LFE35
 403 0008 00000000 		.4byte	0
 404 000c 00000000 		.4byte	0
 405              		.section	.debug_line,"",%progbits
 406              	.Ldebug_line0:
 407 0000 8B000000 		.section	.debug_str,"MS",%progbits,1
 407      02005500 
 407      00000201 
 407      FB0E0D00 
 407      01010101 
 408              	.LASF6:
 409 0000 6C6F6E67 		.ascii	"long long int\000"
 409      206C6F6E 
 409      6720696E 
 409      7400
 410              	.LASF8:
 411 000e 756E7369 		.ascii	"unsigned int\000"
 411      676E6564 
 411      20696E74 
 411      00
 412              	.LASF18:
 413 001b 6D61696E 		.ascii	"main.c\000"
 413      2E6300
 414              	.LASF14:
 415 0022 4C45445F 		.ascii	"LED_B_Write\000"
 415      425F5772 
 415      69746500 
ARM GAS  C:\Users\vanil\AppData\Local\Temp\ccNA1U8i.s 			page 9


 416              	.LASF16:
 417 002e 43794465 		.ascii	"CyDelay\000"
 417      6C617900 
 418              	.LASF5:
 419 0036 6C6F6E67 		.ascii	"long unsigned int\000"
 419      20756E73 
 419      69676E65 
 419      6420696E 
 419      7400
 420              	.LASF7:
 421 0048 6C6F6E67 		.ascii	"long long unsigned int\000"
 421      206C6F6E 
 421      6720756E 
 421      7369676E 
 421      65642069 
 422              	.LASF9:
 423 005f 666C6F61 		.ascii	"float\000"
 423      7400
 424              	.LASF1:
 425 0065 756E7369 		.ascii	"unsigned char\000"
 425      676E6564 
 425      20636861 
 425      7200
 426              	.LASF11:
 427 0073 63686172 		.ascii	"char\000"
 427      00
 428              	.LASF4:
 429 0078 6C6F6E67 		.ascii	"long int\000"
 429      20696E74 
 429      00
 430              	.LASF15:
 431 0081 4C45445F 		.ascii	"LED_G_Write\000"
 431      475F5772 
 431      69746500 
 432              	.LASF10:
 433 008d 646F7562 		.ascii	"double\000"
 433      6C6500
 434              	.LASF17:
 435 0094 474E5520 		.ascii	"GNU C11 5.4.1 20160609 (release) [ARM/embedded-5-br"
 435      43313120 
 435      352E342E 
 435      31203230 
 435      31363036 
 436 00c7 616E6368 		.ascii	"anch revision 237715] -mcpu=cortex-m0 -mthumb -g -O"
 436      20726576 
 436      6973696F 
 436      6E203233 
 436      37373135 
 437 00fa 67202D66 		.ascii	"g -ffunction-sections -ffat-lto-objects\000"
 437      66756E63 
 437      74696F6E 
 437      2D736563 
 437      74696F6E 
 438              	.LASF3:
 439 0122 73686F72 		.ascii	"short unsigned int\000"
 439      7420756E 
 439      7369676E 
ARM GAS  C:\Users\vanil\AppData\Local\Temp\ccNA1U8i.s 			page 10


 439      65642069 
 439      6E7400
 440              	.LASF0:
 441 0135 7369676E 		.ascii	"signed char\000"
 441      65642063 
 441      68617200 
 442              	.LASF20:
 443 0141 6D61696E 		.ascii	"main\000"
 443      00
 444              	.LASF12:
 445 0146 6C6F6E67 		.ascii	"long double\000"
 445      20646F75 
 445      626C6500 
 446              	.LASF19:
 447 0152 443A5C50 		.ascii	"D:\\POK_project\\PsoC\\LABs_BLE\\Lab_1_2_LED.cydsn\000"
 447      4F4B5F70 
 447      726F6A65 
 447      63745C50 
 447      736F435C 
 448              	.LASF2:
 449 0181 73686F72 		.ascii	"short int\000"
 449      7420696E 
 449      7400
 450              	.LASF13:
 451 018b 73697A65 		.ascii	"sizetype\000"
 451      74797065 
 451      00
 452              		.ident	"GCC: (GNU Tools for ARM Embedded Processors) 5.4.1 20160609 (release) [ARM/embedded-5-bran
