ARM GAS  C:\Users\vanil\AppData\Local\Temp\ccxzSzNX.s 			page 1


   1              		.syntax unified
   2              		.cpu cortex-m0
   3              		.fpu softvfp
   4              		.eabi_attribute 20, 1
   5              		.eabi_attribute 21, 1
   6              		.eabi_attribute 23, 3
   7              		.eabi_attribute 24, 1
   8              		.eabi_attribute 25, 1
   9              		.eabi_attribute 26, 1
  10              		.eabi_attribute 30, 1
  11              		.eabi_attribute 34, 0
  12              		.eabi_attribute 18, 4
  13              		.thumb
  14              		.syntax unified
  15              		.file	"cyfitter_cfg.c"
  16              		.text
  17              	.Ltext0:
  18              		.cfi_sections	.debug_frame
  19              		.section	.text.AnalogSetDefault,"ax",%progbits
  20              		.align	2
  21              		.code	16
  22              		.thumb_func
  23              		.type	AnalogSetDefault, %function
  24              	AnalogSetDefault:
  25              	.LFB6:
  26              		.file 1 "Generated_Source\\PSoC4\\cyfitter_cfg.c"
   1:Generated_Source\PSoC4/cyfitter_cfg.c **** 
   2:Generated_Source\PSoC4/cyfitter_cfg.c **** /*******************************************************************************
   3:Generated_Source\PSoC4/cyfitter_cfg.c **** * File Name: cyfitter_cfg.c
   4:Generated_Source\PSoC4/cyfitter_cfg.c **** * 
   5:Generated_Source\PSoC4/cyfitter_cfg.c **** * PSoC Creator  4.2
   6:Generated_Source\PSoC4/cyfitter_cfg.c **** *
   7:Generated_Source\PSoC4/cyfitter_cfg.c **** * Description:
   8:Generated_Source\PSoC4/cyfitter_cfg.c **** * This file contains device initialization code.
   9:Generated_Source\PSoC4/cyfitter_cfg.c **** * Except for the user defined sections in CyClockStartupError(), this file should not be modified.
  10:Generated_Source\PSoC4/cyfitter_cfg.c **** * This file is automatically generated by PSoC Creator.
  11:Generated_Source\PSoC4/cyfitter_cfg.c **** *
  12:Generated_Source\PSoC4/cyfitter_cfg.c **** ********************************************************************************
  13:Generated_Source\PSoC4/cyfitter_cfg.c **** * Copyright (c) 2007-2018 Cypress Semiconductor.  All rights reserved.
  14:Generated_Source\PSoC4/cyfitter_cfg.c **** * You may use this file only in accordance with the license, terms, conditions, 
  15:Generated_Source\PSoC4/cyfitter_cfg.c **** * disclaimers, and limitations in the end user license agreement accompanying 
  16:Generated_Source\PSoC4/cyfitter_cfg.c **** * the software package with which this file was provided.
  17:Generated_Source\PSoC4/cyfitter_cfg.c **** ********************************************************************************/
  18:Generated_Source\PSoC4/cyfitter_cfg.c **** 
  19:Generated_Source\PSoC4/cyfitter_cfg.c **** #include <string.h>
  20:Generated_Source\PSoC4/cyfitter_cfg.c **** #include "cytypes.h"
  21:Generated_Source\PSoC4/cyfitter_cfg.c **** #include "cydevice_trm.h"
  22:Generated_Source\PSoC4/cyfitter_cfg.c **** #include "cyfitter.h"
  23:Generated_Source\PSoC4/cyfitter_cfg.c **** #include "CyLib.h"
  24:Generated_Source\PSoC4/cyfitter_cfg.c **** #include "CyLFClk.h"
  25:Generated_Source\PSoC4/cyfitter_cfg.c **** #include "cyfitter_cfg.h"
  26:Generated_Source\PSoC4/cyfitter_cfg.c **** #include "cyapicallbacks.h"
  27:Generated_Source\PSoC4/cyfitter_cfg.c **** 
  28:Generated_Source\PSoC4/cyfitter_cfg.c **** 
  29:Generated_Source\PSoC4/cyfitter_cfg.c **** #if defined(__GNUC__) || defined(__ARMCC_VERSION)
  30:Generated_Source\PSoC4/cyfitter_cfg.c ****     #define CYPACKED 
  31:Generated_Source\PSoC4/cyfitter_cfg.c ****     #define CYPACKED_ATTR __attribute__ ((packed))
ARM GAS  C:\Users\vanil\AppData\Local\Temp\ccxzSzNX.s 			page 2


  32:Generated_Source\PSoC4/cyfitter_cfg.c ****     #define CYALIGNED __attribute__ ((aligned))
  33:Generated_Source\PSoC4/cyfitter_cfg.c ****     #define CY_CFG_UNUSED __attribute__ ((unused))
  34:Generated_Source\PSoC4/cyfitter_cfg.c ****     #ifndef CY_CFG_SECTION
  35:Generated_Source\PSoC4/cyfitter_cfg.c ****         #define CY_CFG_SECTION __attribute__ ((section(".psocinit")))
  36:Generated_Source\PSoC4/cyfitter_cfg.c ****     #endif
  37:Generated_Source\PSoC4/cyfitter_cfg.c ****     
  38:Generated_Source\PSoC4/cyfitter_cfg.c ****     #if defined(__ARMCC_VERSION)
  39:Generated_Source\PSoC4/cyfitter_cfg.c ****         #define CY_CFG_MEMORY_BARRIER() __memory_changed()
  40:Generated_Source\PSoC4/cyfitter_cfg.c ****     #else
  41:Generated_Source\PSoC4/cyfitter_cfg.c ****         #define CY_CFG_MEMORY_BARRIER() __sync_synchronize()
  42:Generated_Source\PSoC4/cyfitter_cfg.c ****     #endif
  43:Generated_Source\PSoC4/cyfitter_cfg.c ****     
  44:Generated_Source\PSoC4/cyfitter_cfg.c **** #elif defined(__ICCARM__)
  45:Generated_Source\PSoC4/cyfitter_cfg.c ****     #include <intrinsics.h>
  46:Generated_Source\PSoC4/cyfitter_cfg.c **** 
  47:Generated_Source\PSoC4/cyfitter_cfg.c ****     #define CYPACKED __packed
  48:Generated_Source\PSoC4/cyfitter_cfg.c ****     #define CYPACKED_ATTR 
  49:Generated_Source\PSoC4/cyfitter_cfg.c ****     #define CYALIGNED _Pragma("data_alignment=4")
  50:Generated_Source\PSoC4/cyfitter_cfg.c ****     #define CY_CFG_UNUSED _Pragma("diag_suppress=Pe177")
  51:Generated_Source\PSoC4/cyfitter_cfg.c ****     #define CY_CFG_SECTION _Pragma("location=\".psocinit\"")
  52:Generated_Source\PSoC4/cyfitter_cfg.c ****     
  53:Generated_Source\PSoC4/cyfitter_cfg.c ****     #define CY_CFG_MEMORY_BARRIER() __DMB()
  54:Generated_Source\PSoC4/cyfitter_cfg.c ****     
  55:Generated_Source\PSoC4/cyfitter_cfg.c **** #else
  56:Generated_Source\PSoC4/cyfitter_cfg.c ****     #error Unsupported toolchain
  57:Generated_Source\PSoC4/cyfitter_cfg.c **** #endif
  58:Generated_Source\PSoC4/cyfitter_cfg.c **** 
  59:Generated_Source\PSoC4/cyfitter_cfg.c **** #ifndef CYCODE
  60:Generated_Source\PSoC4/cyfitter_cfg.c ****     #define CYCODE
  61:Generated_Source\PSoC4/cyfitter_cfg.c **** #endif
  62:Generated_Source\PSoC4/cyfitter_cfg.c **** #ifndef CYDATA
  63:Generated_Source\PSoC4/cyfitter_cfg.c ****     #define CYDATA
  64:Generated_Source\PSoC4/cyfitter_cfg.c **** #endif
  65:Generated_Source\PSoC4/cyfitter_cfg.c **** #ifndef CYFAR
  66:Generated_Source\PSoC4/cyfitter_cfg.c ****     #define CYFAR
  67:Generated_Source\PSoC4/cyfitter_cfg.c **** #endif
  68:Generated_Source\PSoC4/cyfitter_cfg.c **** #ifndef CYXDATA
  69:Generated_Source\PSoC4/cyfitter_cfg.c ****     #define CYXDATA
  70:Generated_Source\PSoC4/cyfitter_cfg.c **** #endif
  71:Generated_Source\PSoC4/cyfitter_cfg.c **** 
  72:Generated_Source\PSoC4/cyfitter_cfg.c **** 
  73:Generated_Source\PSoC4/cyfitter_cfg.c **** CY_CFG_UNUSED
  74:Generated_Source\PSoC4/cyfitter_cfg.c **** static void CYMEMZERO(void *s, size_t n);
  75:Generated_Source\PSoC4/cyfitter_cfg.c **** CY_CFG_UNUSED
  76:Generated_Source\PSoC4/cyfitter_cfg.c **** static void CYMEMZERO(void *s, size_t n)
  77:Generated_Source\PSoC4/cyfitter_cfg.c **** {
  78:Generated_Source\PSoC4/cyfitter_cfg.c **** 	(void)memset(s, 0, n);
  79:Generated_Source\PSoC4/cyfitter_cfg.c **** }
  80:Generated_Source\PSoC4/cyfitter_cfg.c **** CY_CFG_UNUSED
  81:Generated_Source\PSoC4/cyfitter_cfg.c **** static void CYCONFIGCPY(void *dest, const void *src, size_t n);
  82:Generated_Source\PSoC4/cyfitter_cfg.c **** CY_CFG_UNUSED
  83:Generated_Source\PSoC4/cyfitter_cfg.c **** static void CYCONFIGCPY(void *dest, const void *src, size_t n)
  84:Generated_Source\PSoC4/cyfitter_cfg.c **** {
  85:Generated_Source\PSoC4/cyfitter_cfg.c **** 	(void)memcpy(dest, src, n);
  86:Generated_Source\PSoC4/cyfitter_cfg.c **** }
  87:Generated_Source\PSoC4/cyfitter_cfg.c **** CY_CFG_UNUSED
  88:Generated_Source\PSoC4/cyfitter_cfg.c **** static void CYCONFIGCPYCODE(void *dest, const void *src, size_t n);
ARM GAS  C:\Users\vanil\AppData\Local\Temp\ccxzSzNX.s 			page 3


  89:Generated_Source\PSoC4/cyfitter_cfg.c **** CY_CFG_UNUSED
  90:Generated_Source\PSoC4/cyfitter_cfg.c **** static void CYCONFIGCPYCODE(void *dest, const void *src, size_t n)
  91:Generated_Source\PSoC4/cyfitter_cfg.c **** {
  92:Generated_Source\PSoC4/cyfitter_cfg.c **** 	(void)memcpy(dest, src, n);
  93:Generated_Source\PSoC4/cyfitter_cfg.c **** }
  94:Generated_Source\PSoC4/cyfitter_cfg.c **** 
  95:Generated_Source\PSoC4/cyfitter_cfg.c **** 
  96:Generated_Source\PSoC4/cyfitter_cfg.c **** 
  97:Generated_Source\PSoC4/cyfitter_cfg.c **** 
  98:Generated_Source\PSoC4/cyfitter_cfg.c **** /* Clock startup error codes                                                   */
  99:Generated_Source\PSoC4/cyfitter_cfg.c **** #define CYCLOCKSTART_NO_ERROR    0u
 100:Generated_Source\PSoC4/cyfitter_cfg.c **** #define CYCLOCKSTART_XTAL_ERROR  1u
 101:Generated_Source\PSoC4/cyfitter_cfg.c **** #define CYCLOCKSTART_32KHZ_ERROR 2u
 102:Generated_Source\PSoC4/cyfitter_cfg.c **** #define CYCLOCKSTART_PLL_ERROR   3u
 103:Generated_Source\PSoC4/cyfitter_cfg.c **** #define CYCLOCKSTART_FLL_ERROR   4u
 104:Generated_Source\PSoC4/cyfitter_cfg.c **** #define CYCLOCKSTART_WCO_ERROR   5u
 105:Generated_Source\PSoC4/cyfitter_cfg.c **** 
 106:Generated_Source\PSoC4/cyfitter_cfg.c **** 
 107:Generated_Source\PSoC4/cyfitter_cfg.c **** #ifdef CY_NEED_CYCLOCKSTARTUPERROR
 108:Generated_Source\PSoC4/cyfitter_cfg.c **** /*******************************************************************************
 109:Generated_Source\PSoC4/cyfitter_cfg.c **** * Function Name: CyClockStartupError
 110:Generated_Source\PSoC4/cyfitter_cfg.c **** ********************************************************************************
 111:Generated_Source\PSoC4/cyfitter_cfg.c **** * Summary:
 112:Generated_Source\PSoC4/cyfitter_cfg.c **** *  If an error is encountered during clock configuration (crystal startup error,
 113:Generated_Source\PSoC4/cyfitter_cfg.c **** *  PLL lock error, etc.), the system will end up here.  Unless reimplemented by
 114:Generated_Source\PSoC4/cyfitter_cfg.c **** *  the customer, this function will stop in an infinite loop.
 115:Generated_Source\PSoC4/cyfitter_cfg.c **** *
 116:Generated_Source\PSoC4/cyfitter_cfg.c **** * Parameters:
 117:Generated_Source\PSoC4/cyfitter_cfg.c **** *   void
 118:Generated_Source\PSoC4/cyfitter_cfg.c **** *
 119:Generated_Source\PSoC4/cyfitter_cfg.c **** * Return:
 120:Generated_Source\PSoC4/cyfitter_cfg.c **** *   void
 121:Generated_Source\PSoC4/cyfitter_cfg.c **** *
 122:Generated_Source\PSoC4/cyfitter_cfg.c **** *******************************************************************************/
 123:Generated_Source\PSoC4/cyfitter_cfg.c **** CY_CFG_UNUSED
 124:Generated_Source\PSoC4/cyfitter_cfg.c **** static void CyClockStartupError(uint8 errorCode);
 125:Generated_Source\PSoC4/cyfitter_cfg.c **** CY_CFG_UNUSED
 126:Generated_Source\PSoC4/cyfitter_cfg.c **** static void CyClockStartupError(uint8 errorCode)
 127:Generated_Source\PSoC4/cyfitter_cfg.c **** {
 128:Generated_Source\PSoC4/cyfitter_cfg.c ****     /* To remove the compiler warning if errorCode not used.                */
 129:Generated_Source\PSoC4/cyfitter_cfg.c ****     errorCode = errorCode;
 130:Generated_Source\PSoC4/cyfitter_cfg.c **** 
 131:Generated_Source\PSoC4/cyfitter_cfg.c ****     /* If we have a clock startup error (bad MHz crystal, PLL lock, etc.),  */
 132:Generated_Source\PSoC4/cyfitter_cfg.c ****     /* we will end up here to allow the customer to implement something to  */
 133:Generated_Source\PSoC4/cyfitter_cfg.c ****     /* deal with the clock condition.                                       */
 134:Generated_Source\PSoC4/cyfitter_cfg.c **** 
 135:Generated_Source\PSoC4/cyfitter_cfg.c **** #ifdef CY_CFG_CLOCK_STARTUP_ERROR_CALLBACK
 136:Generated_Source\PSoC4/cyfitter_cfg.c ****     CY_CFG_Clock_Startup_ErrorCallback();
 137:Generated_Source\PSoC4/cyfitter_cfg.c **** #else
 138:Generated_Source\PSoC4/cyfitter_cfg.c ****     /*  If not using CY_CFG_CLOCK_STARTUP_ERROR_CALLBACK, place your clock startup code here. */
 139:Generated_Source\PSoC4/cyfitter_cfg.c ****     /* `#START CyClockStartupError` */
 140:Generated_Source\PSoC4/cyfitter_cfg.c **** 
 141:Generated_Source\PSoC4/cyfitter_cfg.c **** 
 142:Generated_Source\PSoC4/cyfitter_cfg.c **** 
 143:Generated_Source\PSoC4/cyfitter_cfg.c ****     /* `#END` */
 144:Generated_Source\PSoC4/cyfitter_cfg.c **** 
 145:Generated_Source\PSoC4/cyfitter_cfg.c ****     while(1) {}
ARM GAS  C:\Users\vanil\AppData\Local\Temp\ccxzSzNX.s 			page 4


 146:Generated_Source\PSoC4/cyfitter_cfg.c **** #endif /* CY_CFG_CLOCK_STARTUP_ERROR_CALLBACK */
 147:Generated_Source\PSoC4/cyfitter_cfg.c **** }
 148:Generated_Source\PSoC4/cyfitter_cfg.c **** #endif
 149:Generated_Source\PSoC4/cyfitter_cfg.c **** 
 150:Generated_Source\PSoC4/cyfitter_cfg.c **** 
 151:Generated_Source\PSoC4/cyfitter_cfg.c **** 
 152:Generated_Source\PSoC4/cyfitter_cfg.c **** /*******************************************************************************
 153:Generated_Source\PSoC4/cyfitter_cfg.c **** * Function Name: ClockSetup
 154:Generated_Source\PSoC4/cyfitter_cfg.c **** ********************************************************************************
 155:Generated_Source\PSoC4/cyfitter_cfg.c **** *
 156:Generated_Source\PSoC4/cyfitter_cfg.c **** * Summary:
 157:Generated_Source\PSoC4/cyfitter_cfg.c **** *   Performs the initialization of all of the clocks in the device based on the
 158:Generated_Source\PSoC4/cyfitter_cfg.c **** *   settings in the Clock tab of the DWR.  This includes enabling the requested
 159:Generated_Source\PSoC4/cyfitter_cfg.c **** *   clocks and setting the necessary dividers to produce the desired frequency. 
 160:Generated_Source\PSoC4/cyfitter_cfg.c **** *
 161:Generated_Source\PSoC4/cyfitter_cfg.c **** * Parameters:
 162:Generated_Source\PSoC4/cyfitter_cfg.c **** *   void
 163:Generated_Source\PSoC4/cyfitter_cfg.c **** *
 164:Generated_Source\PSoC4/cyfitter_cfg.c **** * Return:
 165:Generated_Source\PSoC4/cyfitter_cfg.c **** *   void
 166:Generated_Source\PSoC4/cyfitter_cfg.c **** *
 167:Generated_Source\PSoC4/cyfitter_cfg.c **** *******************************************************************************/
 168:Generated_Source\PSoC4/cyfitter_cfg.c **** static void ClockSetup(void);
 169:Generated_Source\PSoC4/cyfitter_cfg.c **** CY_CFG_SECTION
 170:Generated_Source\PSoC4/cyfitter_cfg.c **** static void ClockSetup(void)
 171:Generated_Source\PSoC4/cyfitter_cfg.c **** {
 172:Generated_Source\PSoC4/cyfitter_cfg.c **** 
 173:Generated_Source\PSoC4/cyfitter_cfg.c **** 	/* Set Flash Cycles based on max possible frequency in case a glitch occurs during ClockSetup(). *
 174:Generated_Source\PSoC4/cyfitter_cfg.c **** 	CY_SET_REG32((void CYXDATA *)(CYREG_CPUSS_FLASH_CTL), (0x0012u));
 175:Generated_Source\PSoC4/cyfitter_cfg.c **** 
 176:Generated_Source\PSoC4/cyfitter_cfg.c **** 	/* Start the WCO */
 177:Generated_Source\PSoC4/cyfitter_cfg.c **** 	CySysClkWcoStart();
 178:Generated_Source\PSoC4/cyfitter_cfg.c **** 	(void)CySysClkWcoSetPowerMode(CY_SYS_CLK_WCO_LPM);    /* Switch to the low power mode */
 179:Generated_Source\PSoC4/cyfitter_cfg.c **** 
 180:Generated_Source\PSoC4/cyfitter_cfg.c **** 	/* Setup and trim IMO based on desired frequency. */
 181:Generated_Source\PSoC4/cyfitter_cfg.c **** 	CySysClkWriteImoFreq(24u);
 182:Generated_Source\PSoC4/cyfitter_cfg.c **** 	/* CYDEV_CLK_ILO_CONFIG Starting address: CYDEV_CLK_ILO_CONFIG */
 183:Generated_Source\PSoC4/cyfitter_cfg.c **** 	CY_SET_REG32((void *)(CYREG_CLK_ILO_CONFIG), 0x80000006u);
 184:Generated_Source\PSoC4/cyfitter_cfg.c **** 
 185:Generated_Source\PSoC4/cyfitter_cfg.c **** 
 186:Generated_Source\PSoC4/cyfitter_cfg.c **** 	/* Enable fast start mode for XO */
 187:Generated_Source\PSoC4/cyfitter_cfg.c **** 	CY_SET_REG32((void*)CYREG_BLE_BLERD_BB_XO, CY_GET_REG32((void*)CYREG_BLE_BLERD_BB_XO) | (uint32)0x
 188:Generated_Source\PSoC4/cyfitter_cfg.c **** 	CY_SET_REG32((void *)(CYREG_BLE_BLERD_BB_XO_CAPTRIM), 0x00003E2Du);
 189:Generated_Source\PSoC4/cyfitter_cfg.c **** 	/*Set XTAL(ECO) divider*/
 190:Generated_Source\PSoC4/cyfitter_cfg.c **** 	CY_SET_REG32((void *)(CYREG_BLE_BLESS_XTAL_CLK_DIV_CONFIG), 0x00000000u);
 191:Generated_Source\PSoC4/cyfitter_cfg.c **** 	/* Disable Crystal Stable Interrupt before enabling ECO */
 192:Generated_Source\PSoC4/cyfitter_cfg.c **** 	CY_SET_REG32((void*)CYREG_BLE_BLESS_LL_DSM_CTRL, CY_GET_REG32((void*)CYREG_BLE_BLESS_LL_DSM_CTRL) 
 193:Generated_Source\PSoC4/cyfitter_cfg.c **** 	/* Start the ECO and do not check status since it is not needed for HFCLK */
 194:Generated_Source\PSoC4/cyfitter_cfg.c **** 	(void)CySysClkEcoStart(2000u);
 195:Generated_Source\PSoC4/cyfitter_cfg.c **** 	CyDelayUs(1500u); /* Wait to stabilize */
 196:Generated_Source\PSoC4/cyfitter_cfg.c **** 
 197:Generated_Source\PSoC4/cyfitter_cfg.c **** 	/* Setup phase aligned clocks */
 198:Generated_Source\PSoC4/cyfitter_cfg.c **** 	CY_SET_REG32((void *)CYREG_PERI_DIV_16_CTL0, 0x00000C00u);
 199:Generated_Source\PSoC4/cyfitter_cfg.c **** 	CY_SET_REG32((void *)CYREG_PERI_DIV_CMD, 0x8000FF40u);
 200:Generated_Source\PSoC4/cyfitter_cfg.c **** 
 201:Generated_Source\PSoC4/cyfitter_cfg.c **** 	/* CYDEV_CLK_IMO_CONFIG Starting address: CYDEV_CLK_IMO_CONFIG */
 202:Generated_Source\PSoC4/cyfitter_cfg.c **** 	CY_SET_REG32((void *)(CYREG_CLK_IMO_CONFIG), 0x80000000u);
ARM GAS  C:\Users\vanil\AppData\Local\Temp\ccxzSzNX.s 			page 5


 203:Generated_Source\PSoC4/cyfitter_cfg.c **** 
 204:Generated_Source\PSoC4/cyfitter_cfg.c **** 	/* CYDEV_CLK_SELECT Starting address: CYDEV_CLK_SELECT */
 205:Generated_Source\PSoC4/cyfitter_cfg.c **** 	CY_SET_REG32((void *)(CYREG_CLK_SELECT), 0x00000000u);
 206:Generated_Source\PSoC4/cyfitter_cfg.c **** 
 207:Generated_Source\PSoC4/cyfitter_cfg.c **** 	/* CYDEV_PERI_PCLK_CTL1 Starting address: CYDEV_PERI_PCLK_CTL1 */
 208:Generated_Source\PSoC4/cyfitter_cfg.c **** 	CY_SET_REG32((void *)(CYREG_PERI_PCLK_CTL1), 0x00000040u);
 209:Generated_Source\PSoC4/cyfitter_cfg.c **** 
 210:Generated_Source\PSoC4/cyfitter_cfg.c **** 	(void)CyIntSetVector(8u, &CySysWdtIsr);
 211:Generated_Source\PSoC4/cyfitter_cfg.c **** 	CyIntEnable(8u);
 212:Generated_Source\PSoC4/cyfitter_cfg.c **** 	CY_SET_REG32((void *)(CYREG_WDT_CONFIG), 0x00000000u);
 213:Generated_Source\PSoC4/cyfitter_cfg.c **** 	/* Set Flash Cycles based on newly configured 24.00MHz HFCLK. */
 214:Generated_Source\PSoC4/cyfitter_cfg.c **** 	CY_SET_REG32((void CYXDATA *)(CYREG_CPUSS_FLASH_CTL), (0x0011u));
 215:Generated_Source\PSoC4/cyfitter_cfg.c **** }
 216:Generated_Source\PSoC4/cyfitter_cfg.c **** 
 217:Generated_Source\PSoC4/cyfitter_cfg.c **** 
 218:Generated_Source\PSoC4/cyfitter_cfg.c **** /* Analog API Functions */
 219:Generated_Source\PSoC4/cyfitter_cfg.c **** 
 220:Generated_Source\PSoC4/cyfitter_cfg.c **** 
 221:Generated_Source\PSoC4/cyfitter_cfg.c **** /*******************************************************************************
 222:Generated_Source\PSoC4/cyfitter_cfg.c **** * Function Name: AnalogSetDefault
 223:Generated_Source\PSoC4/cyfitter_cfg.c **** ********************************************************************************
 224:Generated_Source\PSoC4/cyfitter_cfg.c **** *
 225:Generated_Source\PSoC4/cyfitter_cfg.c **** * Summary:
 226:Generated_Source\PSoC4/cyfitter_cfg.c **** *  Sets up the analog portions of the chip to default values based on chip
 227:Generated_Source\PSoC4/cyfitter_cfg.c **** *  configuration options from the project.
 228:Generated_Source\PSoC4/cyfitter_cfg.c **** *
 229:Generated_Source\PSoC4/cyfitter_cfg.c **** * Parameters:
 230:Generated_Source\PSoC4/cyfitter_cfg.c **** *  void
 231:Generated_Source\PSoC4/cyfitter_cfg.c **** *
 232:Generated_Source\PSoC4/cyfitter_cfg.c **** * Return:
 233:Generated_Source\PSoC4/cyfitter_cfg.c **** *  void
 234:Generated_Source\PSoC4/cyfitter_cfg.c **** *
 235:Generated_Source\PSoC4/cyfitter_cfg.c **** *******************************************************************************/
 236:Generated_Source\PSoC4/cyfitter_cfg.c **** static void AnalogSetDefault(void);
 237:Generated_Source\PSoC4/cyfitter_cfg.c **** static void AnalogSetDefault(void)
 238:Generated_Source\PSoC4/cyfitter_cfg.c **** {
  27              		.loc 1 238 0
  28              		.cfi_startproc
  29              		@ args = 0, pretend = 0, frame = 0
  30              		@ frame_needed = 0, uses_anonymous_args = 0
  31              		@ link register save eliminated.
 239:Generated_Source\PSoC4/cyfitter_cfg.c **** 	CY_SET_XTND_REG32((void CYFAR *)CYREG_CTBM0_DFT_CTRL, 0x00000003u);
  32              		.loc 1 239 0
  33 0000 0323     		movs	r3, #3
  34 0002 044A     		ldr	r2, .L2
  35 0004 1360     		str	r3, [r2]
 240:Generated_Source\PSoC4/cyfitter_cfg.c **** 	CY_SET_XTND_REG32((void CYFAR *)CYREG_CTBM1_DFT_CTRL, 0x00000003u);
  36              		.loc 1 240 0
  37 0006 044A     		ldr	r2, .L2+4
  38 0008 1360     		str	r3, [r2]
 241:Generated_Source\PSoC4/cyfitter_cfg.c **** 	CY_SET_XTND_REG32((void CYFAR *)CYREG_PASS_DSAB_DSAB_CTRL, 0x00000000u);
  39              		.loc 1 241 0
  40 000a 0022     		movs	r2, #0
  41 000c 034B     		ldr	r3, .L2+8
  42 000e 1A60     		str	r2, [r3]
 242:Generated_Source\PSoC4/cyfitter_cfg.c **** }
  43              		.loc 1 242 0
ARM GAS  C:\Users\vanil\AppData\Local\Temp\ccxzSzNX.s 			page 6


  44              		@ sp needed
  45 0010 7047     		bx	lr
  46              	.L3:
  47 0012 C046     		.align	2
  48              	.L2:
  49 0014 30003040 		.word	1076887600
  50 0018 30003140 		.word	1076953136
  51 001c 000E3F40 		.word	1077874176
  52              		.cfi_endproc
  53              	.LFE6:
  54              		.size	AnalogSetDefault, .-AnalogSetDefault
  55              		.section	.text.CYMEMZERO,"ax",%progbits
  56              		.align	2
  57              		.code	16
  58              		.thumb_func
  59              		.type	CYMEMZERO, %function
  60              	CYMEMZERO:
  61              	.LFB2:
  77:Generated_Source\PSoC4/cyfitter_cfg.c **** 	(void)memset(s, 0, n);
  62              		.loc 1 77 0
  63              		.cfi_startproc
  64              		@ args = 0, pretend = 0, frame = 0
  65              		@ frame_needed = 0, uses_anonymous_args = 0
  66              	.LVL0:
  67 0000 10B5     		push	{r4, lr}
  68              		.cfi_def_cfa_offset 8
  69              		.cfi_offset 4, -8
  70              		.cfi_offset 14, -4
  71 0002 0A00     		movs	r2, r1
  78:Generated_Source\PSoC4/cyfitter_cfg.c **** }
  72              		.loc 1 78 0
  73 0004 0021     		movs	r1, #0
  74              	.LVL1:
  75 0006 FFF7FEFF 		bl	memset
  76              	.LVL2:
  79:Generated_Source\PSoC4/cyfitter_cfg.c **** CY_CFG_UNUSED
  77              		.loc 1 79 0
  78              		@ sp needed
  79 000a 10BD     		pop	{r4, pc}
  80              		.cfi_endproc
  81              	.LFE2:
  82              		.size	CYMEMZERO, .-CYMEMZERO
  83              		.section	.psocinit,"ax",%progbits
  84              		.align	2
  85              		.code	16
  86              		.thumb_func
  87              		.type	ClockSetup, %function
  88              	ClockSetup:
  89              	.LFB5:
 171:Generated_Source\PSoC4/cyfitter_cfg.c **** 
  90              		.loc 1 171 0
  91              		.cfi_startproc
  92              		@ args = 0, pretend = 0, frame = 0
  93              		@ frame_needed = 0, uses_anonymous_args = 0
  94 0000 70B5     		push	{r4, r5, r6, lr}
  95              		.cfi_def_cfa_offset 16
  96              		.cfi_offset 4, -16
ARM GAS  C:\Users\vanil\AppData\Local\Temp\ccxzSzNX.s 			page 7


  97              		.cfi_offset 5, -12
  98              		.cfi_offset 6, -8
  99              		.cfi_offset 14, -4
 174:Generated_Source\PSoC4/cyfitter_cfg.c **** 
 100              		.loc 1 174 0
 101 0002 204D     		ldr	r5, .L6
 102 0004 1223     		movs	r3, #18
 103 0006 2B60     		str	r3, [r5]
 177:Generated_Source\PSoC4/cyfitter_cfg.c **** 	(void)CySysClkWcoSetPowerMode(CY_SYS_CLK_WCO_LPM);    /* Switch to the low power mode */
 104              		.loc 1 177 0
 105 0008 FFF7FEFF 		bl	CySysClkWcoStart
 106              	.LVL3:
 178:Generated_Source\PSoC4/cyfitter_cfg.c **** 
 107              		.loc 1 178 0
 108 000c 0120     		movs	r0, #1
 109 000e FFF7FEFF 		bl	CySysClkWcoSetPowerMode
 110              	.LVL4:
 181:Generated_Source\PSoC4/cyfitter_cfg.c **** 	/* CYDEV_CLK_ILO_CONFIG Starting address: CYDEV_CLK_ILO_CONFIG */
 111              		.loc 1 181 0
 112 0012 1820     		movs	r0, #24
 113 0014 FFF7FEFF 		bl	CySysClkWriteImoFreq
 114              	.LVL5:
 183:Generated_Source\PSoC4/cyfitter_cfg.c **** 
 115              		.loc 1 183 0
 116 0018 1B4A     		ldr	r2, .L6+4
 117 001a 1C4B     		ldr	r3, .L6+8
 118 001c 1A60     		str	r2, [r3]
 187:Generated_Source\PSoC4/cyfitter_cfg.c **** 	CY_SET_REG32((void *)(CYREG_BLE_BLERD_BB_XO_CAPTRIM), 0x00003E2Du);
 119              		.loc 1 187 0
 120 001e 1C4A     		ldr	r2, .L6+12
 121 0020 1168     		ldr	r1, [r2]
 122 0022 0223     		movs	r3, #2
 123 0024 0B43     		orrs	r3, r1
 124 0026 1360     		str	r3, [r2]
 188:Generated_Source\PSoC4/cyfitter_cfg.c **** 	/*Set XTAL(ECO) divider*/
 125              		.loc 1 188 0
 126 0028 1A4A     		ldr	r2, .L6+16
 127 002a 1B4B     		ldr	r3, .L6+20
 128 002c 1A60     		str	r2, [r3]
 190:Generated_Source\PSoC4/cyfitter_cfg.c **** 	/* Disable Crystal Stable Interrupt before enabling ECO */
 129              		.loc 1 190 0
 130 002e 0024     		movs	r4, #0
 131 0030 1A4B     		ldr	r3, .L6+24
 132 0032 1C60     		str	r4, [r3]
 192:Generated_Source\PSoC4/cyfitter_cfg.c **** 	/* Start the ECO and do not check status since it is not needed for HFCLK */
 133              		.loc 1 192 0
 134 0034 1A4A     		ldr	r2, .L6+28
 135 0036 1368     		ldr	r3, [r2]
 136 0038 0821     		movs	r1, #8
 137 003a 8B43     		bics	r3, r1
 138 003c 1360     		str	r3, [r2]
 194:Generated_Source\PSoC4/cyfitter_cfg.c **** 	CyDelayUs(1500u); /* Wait to stabilize */
 139              		.loc 1 194 0
 140 003e FA20     		movs	r0, #250
 141 0040 C000     		lsls	r0, r0, #3
 142 0042 FFF7FEFF 		bl	CySysClkEcoStart
 143              	.LVL6:
ARM GAS  C:\Users\vanil\AppData\Local\Temp\ccxzSzNX.s 			page 8


 195:Generated_Source\PSoC4/cyfitter_cfg.c **** 
 144              		.loc 1 195 0
 145 0046 1748     		ldr	r0, .L6+32
 146 0048 FFF7FEFF 		bl	CyDelayUs
 147              	.LVL7:
 198:Generated_Source\PSoC4/cyfitter_cfg.c **** 	CY_SET_REG32((void *)CYREG_PERI_DIV_CMD, 0x8000FF40u);
 148              		.loc 1 198 0
 149 004c C022     		movs	r2, #192
 150 004e 1201     		lsls	r2, r2, #4
 151 0050 154B     		ldr	r3, .L6+36
 152 0052 1A60     		str	r2, [r3]
 199:Generated_Source\PSoC4/cyfitter_cfg.c **** 
 153              		.loc 1 199 0
 154 0054 154A     		ldr	r2, .L6+40
 155 0056 164B     		ldr	r3, .L6+44
 156 0058 1A60     		str	r2, [r3]
 202:Generated_Source\PSoC4/cyfitter_cfg.c **** 
 157              		.loc 1 202 0
 158 005a 8022     		movs	r2, #128
 159 005c 1206     		lsls	r2, r2, #24
 160 005e 154B     		ldr	r3, .L6+48
 161 0060 1A60     		str	r2, [r3]
 205:Generated_Source\PSoC4/cyfitter_cfg.c **** 
 162              		.loc 1 205 0
 163 0062 154B     		ldr	r3, .L6+52
 164 0064 1C60     		str	r4, [r3]
 208:Generated_Source\PSoC4/cyfitter_cfg.c **** 
 165              		.loc 1 208 0
 166 0066 4022     		movs	r2, #64
 167 0068 144B     		ldr	r3, .L6+56
 168 006a 1A60     		str	r2, [r3]
 210:Generated_Source\PSoC4/cyfitter_cfg.c **** 	CyIntEnable(8u);
 169              		.loc 1 210 0
 170 006c 1449     		ldr	r1, .L6+60
 171 006e 0820     		movs	r0, #8
 172 0070 FFF7FEFF 		bl	CyIntSetVector
 173              	.LVL8:
 211:Generated_Source\PSoC4/cyfitter_cfg.c **** 	CY_SET_REG32((void *)(CYREG_WDT_CONFIG), 0x00000000u);
 174              		.loc 1 211 0
 175 0074 0820     		movs	r0, #8
 176 0076 FFF7FEFF 		bl	CyIntEnable
 177              	.LVL9:
 212:Generated_Source\PSoC4/cyfitter_cfg.c **** 	/* Set Flash Cycles based on newly configured 24.00MHz HFCLK. */
 178              		.loc 1 212 0
 179 007a 124B     		ldr	r3, .L6+64
 180 007c 1C60     		str	r4, [r3]
 214:Generated_Source\PSoC4/cyfitter_cfg.c **** }
 181              		.loc 1 214 0
 182 007e 1123     		movs	r3, #17
 183 0080 2B60     		str	r3, [r5]
 215:Generated_Source\PSoC4/cyfitter_cfg.c **** 
 184              		.loc 1 215 0
 185              		@ sp needed
 186 0082 70BD     		pop	{r4, r5, r6, pc}
 187              	.L7:
 188              		.align	2
 189              	.L6:
ARM GAS  C:\Users\vanil\AppData\Local\Temp\ccxzSzNX.s 			page 9


 190 0084 30001040 		.word	1074790448
 191 0088 06000080 		.word	-2147483642
 192 008c 04010B40 		.word	1074462980
 193 0090 78002E40 		.word	1076756600
 194 0094 2D3E0000 		.word	15917
 195 0098 7C002E40 		.word	1076756604
 196 009c 64F02E40 		.word	1076818020
 197 00a0 6CF02E40 		.word	1076818028
 198 00a4 DC050000 		.word	1500
 199 00a8 00030140 		.word	1073808128
 200 00ac 40FF0080 		.word	-2147418304
 201 00b0 00000140 		.word	1073807360
 202 00b4 08010B40 		.word	1074462984
 203 00b8 00010B40 		.word	1074462976
 204 00bc 04010140 		.word	1073807620
 205 00c0 00000000 		.word	CySysWdtIsr
 206 00c4 0C020B40 		.word	1074463244
 207              		.cfi_endproc
 208              	.LFE5:
 209              		.size	ClockSetup, .-ClockSetup
 210              		.align	2
 211              		.global	cyfitter_cfg
 212              		.code	16
 213              		.thumb_func
 214              		.type	cyfitter_cfg, %function
 215              	cyfitter_cfg:
 216              	.LFB7:
 243:Generated_Source\PSoC4/cyfitter_cfg.c **** 
 244:Generated_Source\PSoC4/cyfitter_cfg.c **** 
 245:Generated_Source\PSoC4/cyfitter_cfg.c **** 
 246:Generated_Source\PSoC4/cyfitter_cfg.c **** 
 247:Generated_Source\PSoC4/cyfitter_cfg.c **** /*******************************************************************************
 248:Generated_Source\PSoC4/cyfitter_cfg.c **** * Function Name: cyfitter_cfg
 249:Generated_Source\PSoC4/cyfitter_cfg.c **** ********************************************************************************
 250:Generated_Source\PSoC4/cyfitter_cfg.c **** * Summary:
 251:Generated_Source\PSoC4/cyfitter_cfg.c **** *  This function is called by the start-up code for the selected device. It
 252:Generated_Source\PSoC4/cyfitter_cfg.c **** *  performs all of the necessary device configuration based on the design
 253:Generated_Source\PSoC4/cyfitter_cfg.c **** *  settings.  This includes settings from the Design Wide Resources (DWR) such
 254:Generated_Source\PSoC4/cyfitter_cfg.c **** *  as Clocks and Pins as well as any component configuration that is necessary.
 255:Generated_Source\PSoC4/cyfitter_cfg.c **** *
 256:Generated_Source\PSoC4/cyfitter_cfg.c **** * Parameters:
 257:Generated_Source\PSoC4/cyfitter_cfg.c **** *   void
 258:Generated_Source\PSoC4/cyfitter_cfg.c **** *
 259:Generated_Source\PSoC4/cyfitter_cfg.c **** * Return:
 260:Generated_Source\PSoC4/cyfitter_cfg.c **** *   void
 261:Generated_Source\PSoC4/cyfitter_cfg.c **** *
 262:Generated_Source\PSoC4/cyfitter_cfg.c **** *******************************************************************************/
 263:Generated_Source\PSoC4/cyfitter_cfg.c **** CY_CFG_SECTION
 264:Generated_Source\PSoC4/cyfitter_cfg.c **** void cyfitter_cfg(void)
 265:Generated_Source\PSoC4/cyfitter_cfg.c **** {
 217              		.loc 1 265 0
 218              		.cfi_startproc
 219              		@ args = 0, pretend = 0, frame = 0
 220              		@ frame_needed = 0, uses_anonymous_args = 0
 221 00c8 10B5     		push	{r4, lr}
 222              		.cfi_def_cfa_offset 8
 223              		.cfi_offset 4, -8
ARM GAS  C:\Users\vanil\AppData\Local\Temp\ccxzSzNX.s 			page 10


 224              		.cfi_offset 14, -4
 266:Generated_Source\PSoC4/cyfitter_cfg.c **** 	/* Disable interrupts by default. Let user enable if/when they want. */
 267:Generated_Source\PSoC4/cyfitter_cfg.c **** 	CyGlobalIntDisable;
 225              		.loc 1 267 0
 226              		.syntax divided
 227              	@ 267 "Generated_Source\PSoC4\cyfitter_cfg.c" 1
 228 00ca 72B6     		CPSID   i
 229              	@ 0 "" 2
 268:Generated_Source\PSoC4/cyfitter_cfg.c **** 
 269:Generated_Source\PSoC4/cyfitter_cfg.c **** 	CY_SET_REG32((void *)(CYREG_BLE_BLESS_LL_DSM_CTRL), 0x00000000u);
 230              		.loc 1 269 0
 231              		.thumb
 232              		.syntax unified
 233 00cc 0022     		movs	r2, #0
 234 00ce 1D4B     		ldr	r3, .L11
 235 00d0 1A60     		str	r2, [r3]
 236              	.LVL10:
 237              	.LBB2:
 270:Generated_Source\PSoC4/cyfitter_cfg.c **** 
 271:Generated_Source\PSoC4/cyfitter_cfg.c **** 	{
 272:Generated_Source\PSoC4/cyfitter_cfg.c **** 
 273:Generated_Source\PSoC4/cyfitter_cfg.c **** 		CYPACKED typedef struct {
 274:Generated_Source\PSoC4/cyfitter_cfg.c **** 			void CYFAR *address;
 275:Generated_Source\PSoC4/cyfitter_cfg.c **** 			uint16 size;
 276:Generated_Source\PSoC4/cyfitter_cfg.c **** 		} CYPACKED_ATTR cfg_memset_t;
 277:Generated_Source\PSoC4/cyfitter_cfg.c **** 
 278:Generated_Source\PSoC4/cyfitter_cfg.c **** 		static const cfg_memset_t CYCODE cfg_memset_list[] = {
 279:Generated_Source\PSoC4/cyfitter_cfg.c **** 			/* address, size */
 280:Generated_Source\PSoC4/cyfitter_cfg.c **** 			{(void CYFAR *)(CYDEV_UDB_P0_U0_BASE), 1024u},
 281:Generated_Source\PSoC4/cyfitter_cfg.c **** 			{(void CYFAR *)(CYDEV_UDB_DSI0_BASE), 1024u},
 282:Generated_Source\PSoC4/cyfitter_cfg.c **** 		};
 283:Generated_Source\PSoC4/cyfitter_cfg.c **** 
 284:Generated_Source\PSoC4/cyfitter_cfg.c **** 		uint8 CYDATA i;
 285:Generated_Source\PSoC4/cyfitter_cfg.c **** 
 286:Generated_Source\PSoC4/cyfitter_cfg.c **** 		/* Zero out critical memory blocks before beginning configuration */
 287:Generated_Source\PSoC4/cyfitter_cfg.c **** 		for (i = 0u; i < (sizeof(cfg_memset_list)/sizeof(cfg_memset_list[0])); i++)
 238              		.loc 1 287 0
 239 00d2 0024     		movs	r4, #0
 240 00d4 0FE0     		b	.L9
 241              	.LVL11:
 242              	.L10:
 243              	.LBB3:
 288:Generated_Source\PSoC4/cyfitter_cfg.c **** 		{
 289:Generated_Source\PSoC4/cyfitter_cfg.c **** 			const cfg_memset_t CYCODE * CYDATA ms = &cfg_memset_list[i];
 290:Generated_Source\PSoC4/cyfitter_cfg.c **** 			CYMEMZERO(ms->address, (size_t)(uint32)(ms->size));
 244              		.loc 1 290 0 discriminator 3
 245 00d6 1C48     		ldr	r0, .L11+4
 246 00d8 6200     		lsls	r2, r4, #1
 247 00da 1319     		adds	r3, r2, r4
 248 00dc 5900     		lsls	r1, r3, #1
 249 00de 0B00     		movs	r3, r1
 250 00e0 4118     		adds	r1, r0, r1
 251 00e2 8988     		ldrh	r1, [r1, #4]
 252 00e4 1A5A     		ldrh	r2, [r3, r0]
 253 00e6 C318     		adds	r3, r0, r3
 254 00e8 5888     		ldrh	r0, [r3, #2]
 255 00ea 0004     		lsls	r0, r0, #16
ARM GAS  C:\Users\vanil\AppData\Local\Temp\ccxzSzNX.s 			page 11


 256 00ec 1043     		orrs	r0, r2
 257 00ee FFF7FEFF 		bl	CYMEMZERO
 258              	.LVL12:
 259              	.LBE3:
 287:Generated_Source\PSoC4/cyfitter_cfg.c **** 		{
 260              		.loc 1 287 0 discriminator 3
 261 00f2 0134     		adds	r4, r4, #1
 262              	.LVL13:
 263 00f4 E4B2     		uxtb	r4, r4
 264              	.LVL14:
 265              	.L9:
 287:Generated_Source\PSoC4/cyfitter_cfg.c **** 		{
 266              		.loc 1 287 0 is_stmt 0 discriminator 1
 267 00f6 012C     		cmp	r4, #1
 268 00f8 EDD9     		bls	.L10
 291:Generated_Source\PSoC4/cyfitter_cfg.c **** 		}
 292:Generated_Source\PSoC4/cyfitter_cfg.c **** 
 293:Generated_Source\PSoC4/cyfitter_cfg.c **** 		/* HSIOM Starting address: CYDEV_HSIOM_BASE */
 294:Generated_Source\PSoC4/cyfitter_cfg.c **** 		CY_SET_REG32((void *)(CYDEV_HSIOM_BASE), 0xEE000000u);
 269              		.loc 1 294 0 is_stmt 1
 270 00fa EE22     		movs	r2, #238
 271 00fc 1206     		lsls	r2, r2, #24
 272 00fe 134B     		ldr	r3, .L11+8
 273 0100 1A60     		str	r2, [r3]
 295:Generated_Source\PSoC4/cyfitter_cfg.c **** 		CY_SET_REG32((void *)(CYREG_HSIOM_PORT_SEL1), 0x00990000u);
 274              		.loc 1 295 0
 275 0102 9923     		movs	r3, #153
 276 0104 1B04     		lsls	r3, r3, #16
 277 0106 124A     		ldr	r2, .L11+12
 278 0108 1360     		str	r3, [r2]
 296:Generated_Source\PSoC4/cyfitter_cfg.c **** 
 297:Generated_Source\PSoC4/cyfitter_cfg.c **** 		/* UDB_PA_0 Starting address: CYDEV_UDB_PA0_BASE */
 298:Generated_Source\PSoC4/cyfitter_cfg.c **** 		CY_SET_REG32((void *)(CYDEV_UDB_PA0_BASE), 0x00990000u);
 279              		.loc 1 298 0
 280 010a 124A     		ldr	r2, .L11+16
 281 010c 1360     		str	r3, [r2]
 299:Generated_Source\PSoC4/cyfitter_cfg.c **** 
 300:Generated_Source\PSoC4/cyfitter_cfg.c **** 		/* UDB_PA_1 Starting address: CYDEV_UDB_PA1_BASE */
 301:Generated_Source\PSoC4/cyfitter_cfg.c **** 		CY_SET_REG32((void *)(CYDEV_UDB_PA1_BASE), 0x00990000u);
 282              		.loc 1 301 0
 283 010e 124A     		ldr	r2, .L11+20
 284 0110 1360     		str	r3, [r2]
 302:Generated_Source\PSoC4/cyfitter_cfg.c **** 
 303:Generated_Source\PSoC4/cyfitter_cfg.c **** 		/* Enable digital routing */
 304:Generated_Source\PSoC4/cyfitter_cfg.c **** 		CY_SET_XTND_REG8((void *)CYREG_UDB_UDBIF_BANK_CTL, (uint8)(CY_GET_XTND_REG8((void *)CYREG_UDB_UDB
 285              		.loc 1 304 0
 286 0112 124A     		ldr	r2, .L11+24
 287 0114 1178     		ldrb	r1, [r2]
 288 0116 0623     		movs	r3, #6
 289 0118 0B43     		orrs	r3, r1
 290 011a DBB2     		uxtb	r3, r3
 291 011c 1370     		strb	r3, [r2]
 292              	.LBE2:
 305:Generated_Source\PSoC4/cyfitter_cfg.c **** 	}
 306:Generated_Source\PSoC4/cyfitter_cfg.c **** 
 307:Generated_Source\PSoC4/cyfitter_cfg.c **** 	/* Perform second pass device configuration. These items must be configured in specific order afte
 308:Generated_Source\PSoC4/cyfitter_cfg.c **** 	/* IOPINS0_0 Starting address: CYDEV_GPIO_PRT0_BASE */
ARM GAS  C:\Users\vanil\AppData\Local\Temp\ccxzSzNX.s 			page 12


 309:Generated_Source\PSoC4/cyfitter_cfg.c **** 	CY_SET_REG32((void *)(CYREG_GPIO_PRT0_PC), 0x00D80000u);
 293              		.loc 1 309 0
 294 011e D822     		movs	r2, #216
 295 0120 1204     		lsls	r2, r2, #16
 296 0122 0F4B     		ldr	r3, .L11+28
 297 0124 1A60     		str	r2, [r3]
 310:Generated_Source\PSoC4/cyfitter_cfg.c **** 
 311:Generated_Source\PSoC4/cyfitter_cfg.c **** 	/* IOPINS0_1 Starting address: CYDEV_GPIO_PRT1_BASE */
 312:Generated_Source\PSoC4/cyfitter_cfg.c **** 	CY_SET_REG32((void *)(CYDEV_GPIO_PRT1_BASE), 0x00000020u);
 298              		.loc 1 312 0
 299 0126 2023     		movs	r3, #32
 300 0128 0E4A     		ldr	r2, .L11+32
 301 012a 1360     		str	r3, [r2]
 313:Generated_Source\PSoC4/cyfitter_cfg.c **** 	CY_SET_REG32((void *)(CYREG_GPIO_PRT1_PC), 0x00031000u);
 302              		.loc 1 313 0
 303 012c C421     		movs	r1, #196
 304 012e 8902     		lsls	r1, r1, #10
 305 0130 0D4A     		ldr	r2, .L11+36
 306 0132 1160     		str	r1, [r2]
 314:Generated_Source\PSoC4/cyfitter_cfg.c **** 	CY_SET_REG32((void *)(CYREG_GPIO_PRT1_PC2), 0x00000020u);
 307              		.loc 1 314 0
 308 0134 0D4A     		ldr	r2, .L11+40
 309 0136 1360     		str	r3, [r2]
 315:Generated_Source\PSoC4/cyfitter_cfg.c **** 
 316:Generated_Source\PSoC4/cyfitter_cfg.c **** 
 317:Generated_Source\PSoC4/cyfitter_cfg.c **** 	/* Setup clocks based on selections from Clock DWR */
 318:Generated_Source\PSoC4/cyfitter_cfg.c **** 	ClockSetup();
 310              		.loc 1 318 0
 311 0138 FFF762FF 		bl	ClockSetup
 312              	.LVL15:
 319:Generated_Source\PSoC4/cyfitter_cfg.c **** 
 320:Generated_Source\PSoC4/cyfitter_cfg.c **** 	/* Perform basic analog initialization to defaults */
 321:Generated_Source\PSoC4/cyfitter_cfg.c **** 	AnalogSetDefault();
 313              		.loc 1 321 0
 314 013c FFF7FEFF 		bl	AnalogSetDefault
 315              	.LVL16:
 322:Generated_Source\PSoC4/cyfitter_cfg.c **** 
 323:Generated_Source\PSoC4/cyfitter_cfg.c **** }
 316              		.loc 1 323 0
 317              		@ sp needed
 318              	.LVL17:
 319 0140 10BD     		pop	{r4, pc}
 320              	.L12:
 321 0142 C046     		.align	2
 322              	.L11:
 323 0144 6CF02E40 		.word	1076818028
 324 0148 00000000 		.word	.LANCHOR0
 325 014c 00000240 		.word	1073872896
 326 0150 00010240 		.word	1073873152
 327 0154 00500F40 		.word	1074745344
 328 0158 10500F40 		.word	1074745360
 329 015c 00700F40 		.word	1074753536
 330 0160 08000440 		.word	1074003976
 331 0164 00010440 		.word	1074004224
 332 0168 08010440 		.word	1074004232
 333 016c 18010440 		.word	1074004248
 334              		.cfi_endproc
ARM GAS  C:\Users\vanil\AppData\Local\Temp\ccxzSzNX.s 			page 13


 335              	.LFE7:
 336              		.size	cyfitter_cfg, .-cyfitter_cfg
 337              		.section	.rodata
 338              		.align	2
 339              		.set	.LANCHOR0,. + 0
 340              		.type	cfg_memset_list.4893, %object
 341              		.size	cfg_memset_list.4893, 12
 342              	cfg_memset_list.4893:
 343 0000 00300F40 		.word	1074737152
 344 0004 0004     		.short	1024
 345 0006 00400F40 		.4byte	1074741248
 346 000a 0004     		.short	1024
 347              		.text
 348              	.Letext0:
 349              		.file 2 "d:\\programs\\psoccreator\\psoc creator\\4.2\\psoc creator\\import\\gnu\\arm\\5.4.1\\lib\
 350              		.file 3 "Generated_Source\\PSoC4\\cytypes.h"
 351              		.file 4 "Generated_Source\\PSoC4\\CyLFClk.h"
 352              		.file 5 "Generated_Source\\PSoC4\\CyLib.h"
 353              		.section	.debug_info,"",%progbits
 354              	.Ldebug_info0:
 355 0000 06030000 		.4byte	0x306
 356 0004 0400     		.2byte	0x4
 357 0006 00000000 		.4byte	.Ldebug_abbrev0
 358 000a 04       		.byte	0x4
 359 000b 01       		.uleb128 0x1
 360 000c 62010000 		.4byte	.LASF33
 361 0010 0C       		.byte	0xc
 362 0011 74020000 		.4byte	.LASF34
 363 0015 83000000 		.4byte	.LASF35
 364 0019 00000000 		.4byte	.Ldebug_ranges0+0
 365 001d 00000000 		.4byte	0
 366 0021 00000000 		.4byte	.Ldebug_line0
 367 0025 02       		.uleb128 0x2
 368 0026 04       		.byte	0x4
 369 0027 05       		.byte	0x5
 370 0028 696E7400 		.ascii	"int\000"
 371 002c 03       		.uleb128 0x3
 372 002d 06000000 		.4byte	.LASF12
 373 0031 02       		.byte	0x2
 374 0032 D8       		.byte	0xd8
 375 0033 37000000 		.4byte	0x37
 376 0037 04       		.uleb128 0x4
 377 0038 04       		.byte	0x4
 378 0039 07       		.byte	0x7
 379 003a 29010000 		.4byte	.LASF0
 380 003e 04       		.uleb128 0x4
 381 003f 08       		.byte	0x8
 382 0040 05       		.byte	0x5
 383 0041 06020000 		.4byte	.LASF1
 384 0045 04       		.uleb128 0x4
 385 0046 08       		.byte	0x8
 386 0047 04       		.byte	0x4
 387 0048 5C020000 		.4byte	.LASF2
 388 004c 04       		.uleb128 0x4
 389 004d 01       		.byte	0x1
 390 004e 06       		.byte	0x6
 391 004f 68020000 		.4byte	.LASF3
ARM GAS  C:\Users\vanil\AppData\Local\Temp\ccxzSzNX.s 			page 14


 392 0053 04       		.uleb128 0x4
 393 0054 01       		.byte	0x1
 394 0055 08       		.byte	0x8
 395 0056 F3000000 		.4byte	.LASF4
 396 005a 04       		.uleb128 0x4
 397 005b 02       		.byte	0x2
 398 005c 05       		.byte	0x5
 399 005d 34020000 		.4byte	.LASF5
 400 0061 04       		.uleb128 0x4
 401 0062 02       		.byte	0x2
 402 0063 07       		.byte	0x7
 403 0064 4D000000 		.4byte	.LASF6
 404 0068 04       		.uleb128 0x4
 405 0069 04       		.byte	0x4
 406 006a 05       		.byte	0x5
 407 006b 53020000 		.4byte	.LASF7
 408 006f 04       		.uleb128 0x4
 409 0070 04       		.byte	0x4
 410 0071 07       		.byte	0x7
 411 0072 C0000000 		.4byte	.LASF8
 412 0076 04       		.uleb128 0x4
 413 0077 08       		.byte	0x8
 414 0078 07       		.byte	0x7
 415 0079 4B010000 		.4byte	.LASF9
 416 007d 04       		.uleb128 0x4
 417 007e 04       		.byte	0x4
 418 007f 07       		.byte	0x7
 419 0080 FD010000 		.4byte	.LASF10
 420 0084 05       		.uleb128 0x5
 421 0085 04       		.byte	0x4
 422 0086 04       		.uleb128 0x4
 423 0087 01       		.byte	0x1
 424 0088 08       		.byte	0x8
 425 0089 1E020000 		.4byte	.LASF11
 426 008d 06       		.uleb128 0x6
 427 008e D2000000 		.4byte	.LASF13
 428 0092 03       		.byte	0x3
 429 0093 E401     		.2byte	0x1e4
 430 0095 53000000 		.4byte	0x53
 431 0099 06       		.uleb128 0x6
 432 009a 1B010000 		.4byte	.LASF14
 433 009e 03       		.byte	0x3
 434 009f E501     		.2byte	0x1e5
 435 00a1 61000000 		.4byte	0x61
 436 00a5 06       		.uleb128 0x6
 437 00a6 22010000 		.4byte	.LASF15
 438 00aa 03       		.byte	0x3
 439 00ab E601     		.2byte	0x1e6
 440 00ad 6F000000 		.4byte	0x6f
 441 00b1 04       		.uleb128 0x4
 442 00b2 04       		.byte	0x4
 443 00b3 04       		.byte	0x4
 444 00b4 60000000 		.4byte	.LASF16
 445 00b8 04       		.uleb128 0x4
 446 00b9 08       		.byte	0x8
 447 00ba 04       		.byte	0x4
 448 00bb 08010000 		.4byte	.LASF17
ARM GAS  C:\Users\vanil\AppData\Local\Temp\ccxzSzNX.s 			page 15


 449 00bf 06       		.uleb128 0x6
 450 00c0 1E000000 		.4byte	.LASF18
 451 00c4 03       		.byte	0x3
 452 00c5 8E02     		.2byte	0x28e
 453 00c7 CB000000 		.4byte	0xcb
 454 00cb 07       		.uleb128 0x7
 455 00cc 8D000000 		.4byte	0x8d
 456 00d0 06       		.uleb128 0x6
 457 00d1 00000000 		.4byte	.LASF19
 458 00d5 03       		.byte	0x3
 459 00d6 9002     		.2byte	0x290
 460 00d8 DC000000 		.4byte	0xdc
 461 00dc 07       		.uleb128 0x7
 462 00dd A5000000 		.4byte	0xa5
 463 00e1 08       		.uleb128 0x8
 464 00e2 0D000000 		.4byte	.LASF36
 465 00e6 01       		.byte	0x1
 466 00e7 ED       		.byte	0xed
 467 00e8 00000000 		.4byte	.LFB6
 468 00ec 20000000 		.4byte	.LFE6-.LFB6
 469 00f0 01       		.uleb128 0x1
 470 00f1 9C       		.byte	0x9c
 471 00f2 09       		.uleb128 0x9
 472 00f3 E9000000 		.4byte	.LASF20
 473 00f7 01       		.byte	0x1
 474 00f8 4C       		.byte	0x4c
 475 00f9 00000000 		.4byte	.LFB2
 476 00fd 0C000000 		.4byte	.LFE2-.LFB2
 477 0101 01       		.uleb128 0x1
 478 0102 9C       		.byte	0x9c
 479 0103 3F010000 		.4byte	0x13f
 480 0107 0A       		.uleb128 0xa
 481 0108 7300     		.ascii	"s\000"
 482 010a 01       		.byte	0x1
 483 010b 4C       		.byte	0x4c
 484 010c 84000000 		.4byte	0x84
 485 0110 00000000 		.4byte	.LLST0
 486 0114 0A       		.uleb128 0xa
 487 0115 6E00     		.ascii	"n\000"
 488 0117 01       		.byte	0x1
 489 0118 4C       		.byte	0x4c
 490 0119 2C000000 		.4byte	0x2c
 491 011d 21000000 		.4byte	.LLST1
 492 0121 0B       		.uleb128 0xb
 493 0122 0A000000 		.4byte	.LVL2
 494 0126 B3020000 		.4byte	0x2b3
 495 012a 0C       		.uleb128 0xc
 496 012b 01       		.uleb128 0x1
 497 012c 50       		.byte	0x50
 498 012d 03       		.uleb128 0x3
 499 012e F3       		.byte	0xf3
 500 012f 01       		.uleb128 0x1
 501 0130 50       		.byte	0x50
 502 0131 0C       		.uleb128 0xc
 503 0132 01       		.uleb128 0x1
 504 0133 51       		.byte	0x51
 505 0134 01       		.uleb128 0x1
ARM GAS  C:\Users\vanil\AppData\Local\Temp\ccxzSzNX.s 			page 16


 506 0135 30       		.byte	0x30
 507 0136 0C       		.uleb128 0xc
 508 0137 01       		.uleb128 0x1
 509 0138 52       		.byte	0x52
 510 0139 03       		.uleb128 0x3
 511 013a F3       		.byte	0xf3
 512 013b 01       		.uleb128 0x1
 513 013c 51       		.byte	0x51
 514 013d 00       		.byte	0
 515 013e 00       		.byte	0
 516 013f 09       		.uleb128 0x9
 517 0140 42000000 		.4byte	.LASF21
 518 0144 01       		.byte	0x1
 519 0145 AA       		.byte	0xaa
 520 0146 00000000 		.4byte	.LFB5
 521 014a C8000000 		.4byte	.LFE5-.LFB5
 522 014e 01       		.uleb128 0x1
 523 014f 9C       		.byte	0x9c
 524 0150 D0010000 		.4byte	0x1d0
 525 0154 0D       		.uleb128 0xd
 526 0155 0C000000 		.4byte	.LVL3
 527 0159 BC020000 		.4byte	0x2bc
 528 015d 0E       		.uleb128 0xe
 529 015e 12000000 		.4byte	.LVL4
 530 0162 C7020000 		.4byte	0x2c7
 531 0166 70010000 		.4byte	0x170
 532 016a 0C       		.uleb128 0xc
 533 016b 01       		.uleb128 0x1
 534 016c 50       		.byte	0x50
 535 016d 01       		.uleb128 0x1
 536 016e 31       		.byte	0x31
 537 016f 00       		.byte	0
 538 0170 0E       		.uleb128 0xe
 539 0171 18000000 		.4byte	.LVL5
 540 0175 D2020000 		.4byte	0x2d2
 541 0179 83010000 		.4byte	0x183
 542 017d 0C       		.uleb128 0xc
 543 017e 01       		.uleb128 0x1
 544 017f 50       		.byte	0x50
 545 0180 01       		.uleb128 0x1
 546 0181 48       		.byte	0x48
 547 0182 00       		.byte	0
 548 0183 0E       		.uleb128 0xe
 549 0184 46000000 		.4byte	.LVL6
 550 0188 DD020000 		.4byte	0x2dd
 551 018c 98010000 		.4byte	0x198
 552 0190 0C       		.uleb128 0xc
 553 0191 01       		.uleb128 0x1
 554 0192 50       		.byte	0x50
 555 0193 03       		.uleb128 0x3
 556 0194 0A       		.byte	0xa
 557 0195 D007     		.2byte	0x7d0
 558 0197 00       		.byte	0
 559 0198 0E       		.uleb128 0xe
 560 0199 4C000000 		.4byte	.LVL7
 561 019d E8020000 		.4byte	0x2e8
 562 01a1 AD010000 		.4byte	0x1ad
ARM GAS  C:\Users\vanil\AppData\Local\Temp\ccxzSzNX.s 			page 17


 563 01a5 0C       		.uleb128 0xc
 564 01a6 01       		.uleb128 0x1
 565 01a7 50       		.byte	0x50
 566 01a8 03       		.uleb128 0x3
 567 01a9 0A       		.byte	0xa
 568 01aa DC05     		.2byte	0x5dc
 569 01ac 00       		.byte	0
 570 01ad 0E       		.uleb128 0xe
 571 01ae 74000000 		.4byte	.LVL8
 572 01b2 F3020000 		.4byte	0x2f3
 573 01b6 C0010000 		.4byte	0x1c0
 574 01ba 0C       		.uleb128 0xc
 575 01bb 01       		.uleb128 0x1
 576 01bc 50       		.byte	0x50
 577 01bd 01       		.uleb128 0x1
 578 01be 38       		.byte	0x38
 579 01bf 00       		.byte	0
 580 01c0 0B       		.uleb128 0xb
 581 01c1 7A000000 		.4byte	.LVL9
 582 01c5 FE020000 		.4byte	0x2fe
 583 01c9 0C       		.uleb128 0xc
 584 01ca 01       		.uleb128 0x1
 585 01cb 50       		.byte	0x50
 586 01cc 01       		.uleb128 0x1
 587 01cd 38       		.byte	0x38
 588 01ce 00       		.byte	0
 589 01cf 00       		.byte	0
 590 01d0 0F       		.uleb128 0xf
 591 01d1 36010000 		.4byte	.LASF37
 592 01d5 01       		.byte	0x1
 593 01d6 0801     		.2byte	0x108
 594 01d8 C8000000 		.4byte	.LFB7
 595 01dc A8000000 		.4byte	.LFE7-.LFB7
 596 01e0 01       		.uleb128 0x1
 597 01e1 9C       		.byte	0x9c
 598 01e2 B3020000 		.4byte	0x2b3
 599 01e6 10       		.uleb128 0x10
 600 01e7 D2000000 		.4byte	.LBB2
 601 01eb 4C000000 		.4byte	.LBE2-.LBB2
 602 01ef A0020000 		.4byte	0x2a0
 603 01f3 11       		.uleb128 0x11
 604 01f4 06       		.byte	0x6
 605 01f5 01       		.byte	0x1
 606 01f6 1101     		.2byte	0x111
 607 01f8 17020000 		.4byte	0x217
 608 01fc 12       		.uleb128 0x12
 609 01fd 43010000 		.4byte	.LASF22
 610 0201 01       		.byte	0x1
 611 0202 1201     		.2byte	0x112
 612 0204 84000000 		.4byte	0x84
 613 0208 00       		.byte	0
 614 0209 12       		.uleb128 0x12
 615 020a 66000000 		.4byte	.LASF23
 616 020e 01       		.byte	0x1
 617 020f 1301     		.2byte	0x113
 618 0211 99000000 		.4byte	0x99
 619 0215 04       		.byte	0x4
ARM GAS  C:\Users\vanil\AppData\Local\Temp\ccxzSzNX.s 			page 18


 620 0216 00       		.byte	0
 621 0217 06       		.uleb128 0x6
 622 0218 F0010000 		.4byte	.LASF24
 623 021c 01       		.byte	0x1
 624 021d 1401     		.2byte	0x114
 625 021f F3010000 		.4byte	0x1f3
 626 0223 13       		.uleb128 0x13
 627 0224 33020000 		.4byte	0x233
 628 0228 33020000 		.4byte	0x233
 629 022c 14       		.uleb128 0x14
 630 022d 7D000000 		.4byte	0x7d
 631 0231 01       		.byte	0x1
 632 0232 00       		.byte	0
 633 0233 15       		.uleb128 0x15
 634 0234 17020000 		.4byte	0x217
 635 0238 16       		.uleb128 0x16
 636 0239 32000000 		.4byte	.LASF25
 637 023d 01       		.byte	0x1
 638 023e 1601     		.2byte	0x116
 639 0240 4A020000 		.4byte	0x24a
 640 0244 05       		.uleb128 0x5
 641 0245 03       		.byte	0x3
 642 0246 00000000 		.4byte	cfg_memset_list.4893
 643 024a 15       		.uleb128 0x15
 644 024b 23020000 		.4byte	0x223
 645 024f 17       		.uleb128 0x17
 646 0250 6900     		.ascii	"i\000"
 647 0252 01       		.byte	0x1
 648 0253 1C01     		.2byte	0x11c
 649 0255 8D000000 		.4byte	0x8d
 650 0259 4D000000 		.4byte	.LLST2
 651 025d 18       		.uleb128 0x18
 652 025e D6000000 		.4byte	.LBB3
 653 0262 1C000000 		.4byte	.LBE3-.LBB3
 654 0266 17       		.uleb128 0x17
 655 0267 6D7300   		.ascii	"ms\000"
 656 026a 01       		.byte	0x1
 657 026b 2101     		.2byte	0x121
 658 026d 75020000 		.4byte	0x275
 659 0271 77000000 		.4byte	.LLST3
 660 0275 19       		.uleb128 0x19
 661 0276 04       		.byte	0x4
 662 0277 33020000 		.4byte	0x233
 663 027b 0B       		.uleb128 0xb
 664 027c F2000000 		.4byte	.LVL12
 665 0280 F2000000 		.4byte	0xf2
 666 0284 0C       		.uleb128 0xc
 667 0285 01       		.uleb128 0x1
 668 0286 51       		.byte	0x51
 669 0287 15       		.uleb128 0x15
 670 0288 74       		.byte	0x74
 671 0289 00       		.sleb128 0
 672 028a 31       		.byte	0x31
 673 028b 24       		.byte	0x24
 674 028c 74       		.byte	0x74
 675 028d 00       		.sleb128 0
 676 028e 22       		.byte	0x22
ARM GAS  C:\Users\vanil\AppData\Local\Temp\ccxzSzNX.s 			page 19


 677 028f 31       		.byte	0x31
 678 0290 24       		.byte	0x24
 679 0291 03       		.byte	0x3
 680 0292 04000000 		.4byte	.LANCHOR0+4
 681 0296 22       		.byte	0x22
 682 0297 94       		.byte	0x94
 683 0298 02       		.byte	0x2
 684 0299 0A       		.byte	0xa
 685 029a FFFF     		.2byte	0xffff
 686 029c 1A       		.byte	0x1a
 687 029d 00       		.byte	0
 688 029e 00       		.byte	0
 689 029f 00       		.byte	0
 690 02a0 0D       		.uleb128 0xd
 691 02a1 3C010000 		.4byte	.LVL15
 692 02a5 3F010000 		.4byte	0x13f
 693 02a9 0D       		.uleb128 0xd
 694 02aa 40010000 		.4byte	.LVL16
 695 02ae E1000000 		.4byte	0xe1
 696 02b2 00       		.byte	0
 697 02b3 1A       		.uleb128 0x1a
 698 02b4 01010000 		.4byte	.LASF38
 699 02b8 01010000 		.4byte	.LASF38
 700 02bc 1B       		.uleb128 0x1b
 701 02bd D8000000 		.4byte	.LASF26
 702 02c1 D8000000 		.4byte	.LASF26
 703 02c5 04       		.byte	0x4
 704 02c6 4E       		.byte	0x4e
 705 02c7 1B       		.uleb128 0x1b
 706 02c8 6B000000 		.4byte	.LASF27
 707 02cc 6B000000 		.4byte	.LASF27
 708 02d0 04       		.byte	0x4
 709 02d1 50       		.byte	0x50
 710 02d2 1B       		.uleb128 0x1b
 711 02d3 3E020000 		.4byte	.LASF28
 712 02d7 3E020000 		.4byte	.LASF28
 713 02db 05       		.byte	0x5
 714 02dc 6C       		.byte	0x6c
 715 02dd 1B       		.uleb128 0x1b
 716 02de 23020000 		.4byte	.LASF29
 717 02e2 23020000 		.4byte	.LASF29
 718 02e6 05       		.byte	0x5
 719 02e7 84       		.byte	0x84
 720 02e8 1B       		.uleb128 0x1b
 721 02e9 14020000 		.4byte	.LASF30
 722 02ed 14020000 		.4byte	.LASF30
 723 02f1 05       		.byte	0x5
 724 02f2 DA       		.byte	0xda
 725 02f3 1B       		.uleb128 0x1b
 726 02f4 23000000 		.4byte	.LASF31
 727 02f8 23000000 		.4byte	.LASF31
 728 02fc 05       		.byte	0x5
 729 02fd BD       		.byte	0xbd
 730 02fe 1B       		.uleb128 0x1b
 731 02ff 0F010000 		.4byte	.LASF32
 732 0303 0F010000 		.4byte	.LASF32
 733 0307 05       		.byte	0x5
ARM GAS  C:\Users\vanil\AppData\Local\Temp\ccxzSzNX.s 			page 20


 734 0308 C3       		.byte	0xc3
 735 0309 00       		.byte	0
 736              		.section	.debug_abbrev,"",%progbits
 737              	.Ldebug_abbrev0:
 738 0000 01       		.uleb128 0x1
 739 0001 11       		.uleb128 0x11
 740 0002 01       		.byte	0x1
 741 0003 25       		.uleb128 0x25
 742 0004 0E       		.uleb128 0xe
 743 0005 13       		.uleb128 0x13
 744 0006 0B       		.uleb128 0xb
 745 0007 03       		.uleb128 0x3
 746 0008 0E       		.uleb128 0xe
 747 0009 1B       		.uleb128 0x1b
 748 000a 0E       		.uleb128 0xe
 749 000b 55       		.uleb128 0x55
 750 000c 17       		.uleb128 0x17
 751 000d 11       		.uleb128 0x11
 752 000e 01       		.uleb128 0x1
 753 000f 10       		.uleb128 0x10
 754 0010 17       		.uleb128 0x17
 755 0011 00       		.byte	0
 756 0012 00       		.byte	0
 757 0013 02       		.uleb128 0x2
 758 0014 24       		.uleb128 0x24
 759 0015 00       		.byte	0
 760 0016 0B       		.uleb128 0xb
 761 0017 0B       		.uleb128 0xb
 762 0018 3E       		.uleb128 0x3e
 763 0019 0B       		.uleb128 0xb
 764 001a 03       		.uleb128 0x3
 765 001b 08       		.uleb128 0x8
 766 001c 00       		.byte	0
 767 001d 00       		.byte	0
 768 001e 03       		.uleb128 0x3
 769 001f 16       		.uleb128 0x16
 770 0020 00       		.byte	0
 771 0021 03       		.uleb128 0x3
 772 0022 0E       		.uleb128 0xe
 773 0023 3A       		.uleb128 0x3a
 774 0024 0B       		.uleb128 0xb
 775 0025 3B       		.uleb128 0x3b
 776 0026 0B       		.uleb128 0xb
 777 0027 49       		.uleb128 0x49
 778 0028 13       		.uleb128 0x13
 779 0029 00       		.byte	0
 780 002a 00       		.byte	0
 781 002b 04       		.uleb128 0x4
 782 002c 24       		.uleb128 0x24
 783 002d 00       		.byte	0
 784 002e 0B       		.uleb128 0xb
 785 002f 0B       		.uleb128 0xb
 786 0030 3E       		.uleb128 0x3e
 787 0031 0B       		.uleb128 0xb
 788 0032 03       		.uleb128 0x3
 789 0033 0E       		.uleb128 0xe
 790 0034 00       		.byte	0
ARM GAS  C:\Users\vanil\AppData\Local\Temp\ccxzSzNX.s 			page 21


 791 0035 00       		.byte	0
 792 0036 05       		.uleb128 0x5
 793 0037 0F       		.uleb128 0xf
 794 0038 00       		.byte	0
 795 0039 0B       		.uleb128 0xb
 796 003a 0B       		.uleb128 0xb
 797 003b 00       		.byte	0
 798 003c 00       		.byte	0
 799 003d 06       		.uleb128 0x6
 800 003e 16       		.uleb128 0x16
 801 003f 00       		.byte	0
 802 0040 03       		.uleb128 0x3
 803 0041 0E       		.uleb128 0xe
 804 0042 3A       		.uleb128 0x3a
 805 0043 0B       		.uleb128 0xb
 806 0044 3B       		.uleb128 0x3b
 807 0045 05       		.uleb128 0x5
 808 0046 49       		.uleb128 0x49
 809 0047 13       		.uleb128 0x13
 810 0048 00       		.byte	0
 811 0049 00       		.byte	0
 812 004a 07       		.uleb128 0x7
 813 004b 35       		.uleb128 0x35
 814 004c 00       		.byte	0
 815 004d 49       		.uleb128 0x49
 816 004e 13       		.uleb128 0x13
 817 004f 00       		.byte	0
 818 0050 00       		.byte	0
 819 0051 08       		.uleb128 0x8
 820 0052 2E       		.uleb128 0x2e
 821 0053 00       		.byte	0
 822 0054 03       		.uleb128 0x3
 823 0055 0E       		.uleb128 0xe
 824 0056 3A       		.uleb128 0x3a
 825 0057 0B       		.uleb128 0xb
 826 0058 3B       		.uleb128 0x3b
 827 0059 0B       		.uleb128 0xb
 828 005a 27       		.uleb128 0x27
 829 005b 19       		.uleb128 0x19
 830 005c 11       		.uleb128 0x11
 831 005d 01       		.uleb128 0x1
 832 005e 12       		.uleb128 0x12
 833 005f 06       		.uleb128 0x6
 834 0060 40       		.uleb128 0x40
 835 0061 18       		.uleb128 0x18
 836 0062 9742     		.uleb128 0x2117
 837 0064 19       		.uleb128 0x19
 838 0065 00       		.byte	0
 839 0066 00       		.byte	0
 840 0067 09       		.uleb128 0x9
 841 0068 2E       		.uleb128 0x2e
 842 0069 01       		.byte	0x1
 843 006a 03       		.uleb128 0x3
 844 006b 0E       		.uleb128 0xe
 845 006c 3A       		.uleb128 0x3a
 846 006d 0B       		.uleb128 0xb
 847 006e 3B       		.uleb128 0x3b
ARM GAS  C:\Users\vanil\AppData\Local\Temp\ccxzSzNX.s 			page 22


 848 006f 0B       		.uleb128 0xb
 849 0070 27       		.uleb128 0x27
 850 0071 19       		.uleb128 0x19
 851 0072 11       		.uleb128 0x11
 852 0073 01       		.uleb128 0x1
 853 0074 12       		.uleb128 0x12
 854 0075 06       		.uleb128 0x6
 855 0076 40       		.uleb128 0x40
 856 0077 18       		.uleb128 0x18
 857 0078 9742     		.uleb128 0x2117
 858 007a 19       		.uleb128 0x19
 859 007b 01       		.uleb128 0x1
 860 007c 13       		.uleb128 0x13
 861 007d 00       		.byte	0
 862 007e 00       		.byte	0
 863 007f 0A       		.uleb128 0xa
 864 0080 05       		.uleb128 0x5
 865 0081 00       		.byte	0
 866 0082 03       		.uleb128 0x3
 867 0083 08       		.uleb128 0x8
 868 0084 3A       		.uleb128 0x3a
 869 0085 0B       		.uleb128 0xb
 870 0086 3B       		.uleb128 0x3b
 871 0087 0B       		.uleb128 0xb
 872 0088 49       		.uleb128 0x49
 873 0089 13       		.uleb128 0x13
 874 008a 02       		.uleb128 0x2
 875 008b 17       		.uleb128 0x17
 876 008c 00       		.byte	0
 877 008d 00       		.byte	0
 878 008e 0B       		.uleb128 0xb
 879 008f 898201   		.uleb128 0x4109
 880 0092 01       		.byte	0x1
 881 0093 11       		.uleb128 0x11
 882 0094 01       		.uleb128 0x1
 883 0095 31       		.uleb128 0x31
 884 0096 13       		.uleb128 0x13
 885 0097 00       		.byte	0
 886 0098 00       		.byte	0
 887 0099 0C       		.uleb128 0xc
 888 009a 8A8201   		.uleb128 0x410a
 889 009d 00       		.byte	0
 890 009e 02       		.uleb128 0x2
 891 009f 18       		.uleb128 0x18
 892 00a0 9142     		.uleb128 0x2111
 893 00a2 18       		.uleb128 0x18
 894 00a3 00       		.byte	0
 895 00a4 00       		.byte	0
 896 00a5 0D       		.uleb128 0xd
 897 00a6 898201   		.uleb128 0x4109
 898 00a9 00       		.byte	0
 899 00aa 11       		.uleb128 0x11
 900 00ab 01       		.uleb128 0x1
 901 00ac 31       		.uleb128 0x31
 902 00ad 13       		.uleb128 0x13
 903 00ae 00       		.byte	0
 904 00af 00       		.byte	0
ARM GAS  C:\Users\vanil\AppData\Local\Temp\ccxzSzNX.s 			page 23


 905 00b0 0E       		.uleb128 0xe
 906 00b1 898201   		.uleb128 0x4109
 907 00b4 01       		.byte	0x1
 908 00b5 11       		.uleb128 0x11
 909 00b6 01       		.uleb128 0x1
 910 00b7 31       		.uleb128 0x31
 911 00b8 13       		.uleb128 0x13
 912 00b9 01       		.uleb128 0x1
 913 00ba 13       		.uleb128 0x13
 914 00bb 00       		.byte	0
 915 00bc 00       		.byte	0
 916 00bd 0F       		.uleb128 0xf
 917 00be 2E       		.uleb128 0x2e
 918 00bf 01       		.byte	0x1
 919 00c0 3F       		.uleb128 0x3f
 920 00c1 19       		.uleb128 0x19
 921 00c2 03       		.uleb128 0x3
 922 00c3 0E       		.uleb128 0xe
 923 00c4 3A       		.uleb128 0x3a
 924 00c5 0B       		.uleb128 0xb
 925 00c6 3B       		.uleb128 0x3b
 926 00c7 05       		.uleb128 0x5
 927 00c8 27       		.uleb128 0x27
 928 00c9 19       		.uleb128 0x19
 929 00ca 11       		.uleb128 0x11
 930 00cb 01       		.uleb128 0x1
 931 00cc 12       		.uleb128 0x12
 932 00cd 06       		.uleb128 0x6
 933 00ce 40       		.uleb128 0x40
 934 00cf 18       		.uleb128 0x18
 935 00d0 9742     		.uleb128 0x2117
 936 00d2 19       		.uleb128 0x19
 937 00d3 01       		.uleb128 0x1
 938 00d4 13       		.uleb128 0x13
 939 00d5 00       		.byte	0
 940 00d6 00       		.byte	0
 941 00d7 10       		.uleb128 0x10
 942 00d8 0B       		.uleb128 0xb
 943 00d9 01       		.byte	0x1
 944 00da 11       		.uleb128 0x11
 945 00db 01       		.uleb128 0x1
 946 00dc 12       		.uleb128 0x12
 947 00dd 06       		.uleb128 0x6
 948 00de 01       		.uleb128 0x1
 949 00df 13       		.uleb128 0x13
 950 00e0 00       		.byte	0
 951 00e1 00       		.byte	0
 952 00e2 11       		.uleb128 0x11
 953 00e3 13       		.uleb128 0x13
 954 00e4 01       		.byte	0x1
 955 00e5 0B       		.uleb128 0xb
 956 00e6 0B       		.uleb128 0xb
 957 00e7 3A       		.uleb128 0x3a
 958 00e8 0B       		.uleb128 0xb
 959 00e9 3B       		.uleb128 0x3b
 960 00ea 05       		.uleb128 0x5
 961 00eb 01       		.uleb128 0x1
ARM GAS  C:\Users\vanil\AppData\Local\Temp\ccxzSzNX.s 			page 24


 962 00ec 13       		.uleb128 0x13
 963 00ed 00       		.byte	0
 964 00ee 00       		.byte	0
 965 00ef 12       		.uleb128 0x12
 966 00f0 0D       		.uleb128 0xd
 967 00f1 00       		.byte	0
 968 00f2 03       		.uleb128 0x3
 969 00f3 0E       		.uleb128 0xe
 970 00f4 3A       		.uleb128 0x3a
 971 00f5 0B       		.uleb128 0xb
 972 00f6 3B       		.uleb128 0x3b
 973 00f7 05       		.uleb128 0x5
 974 00f8 49       		.uleb128 0x49
 975 00f9 13       		.uleb128 0x13
 976 00fa 38       		.uleb128 0x38
 977 00fb 0B       		.uleb128 0xb
 978 00fc 00       		.byte	0
 979 00fd 00       		.byte	0
 980 00fe 13       		.uleb128 0x13
 981 00ff 01       		.uleb128 0x1
 982 0100 01       		.byte	0x1
 983 0101 49       		.uleb128 0x49
 984 0102 13       		.uleb128 0x13
 985 0103 01       		.uleb128 0x1
 986 0104 13       		.uleb128 0x13
 987 0105 00       		.byte	0
 988 0106 00       		.byte	0
 989 0107 14       		.uleb128 0x14
 990 0108 21       		.uleb128 0x21
 991 0109 00       		.byte	0
 992 010a 49       		.uleb128 0x49
 993 010b 13       		.uleb128 0x13
 994 010c 2F       		.uleb128 0x2f
 995 010d 0B       		.uleb128 0xb
 996 010e 00       		.byte	0
 997 010f 00       		.byte	0
 998 0110 15       		.uleb128 0x15
 999 0111 26       		.uleb128 0x26
 1000 0112 00       		.byte	0
 1001 0113 49       		.uleb128 0x49
 1002 0114 13       		.uleb128 0x13
 1003 0115 00       		.byte	0
 1004 0116 00       		.byte	0
 1005 0117 16       		.uleb128 0x16
 1006 0118 34       		.uleb128 0x34
 1007 0119 00       		.byte	0
 1008 011a 03       		.uleb128 0x3
 1009 011b 0E       		.uleb128 0xe
 1010 011c 3A       		.uleb128 0x3a
 1011 011d 0B       		.uleb128 0xb
 1012 011e 3B       		.uleb128 0x3b
 1013 011f 05       		.uleb128 0x5
 1014 0120 49       		.uleb128 0x49
 1015 0121 13       		.uleb128 0x13
 1016 0122 02       		.uleb128 0x2
 1017 0123 18       		.uleb128 0x18
 1018 0124 00       		.byte	0
ARM GAS  C:\Users\vanil\AppData\Local\Temp\ccxzSzNX.s 			page 25


 1019 0125 00       		.byte	0
 1020 0126 17       		.uleb128 0x17
 1021 0127 34       		.uleb128 0x34
 1022 0128 00       		.byte	0
 1023 0129 03       		.uleb128 0x3
 1024 012a 08       		.uleb128 0x8
 1025 012b 3A       		.uleb128 0x3a
 1026 012c 0B       		.uleb128 0xb
 1027 012d 3B       		.uleb128 0x3b
 1028 012e 05       		.uleb128 0x5
 1029 012f 49       		.uleb128 0x49
 1030 0130 13       		.uleb128 0x13
 1031 0131 02       		.uleb128 0x2
 1032 0132 17       		.uleb128 0x17
 1033 0133 00       		.byte	0
 1034 0134 00       		.byte	0
 1035 0135 18       		.uleb128 0x18
 1036 0136 0B       		.uleb128 0xb
 1037 0137 01       		.byte	0x1
 1038 0138 11       		.uleb128 0x11
 1039 0139 01       		.uleb128 0x1
 1040 013a 12       		.uleb128 0x12
 1041 013b 06       		.uleb128 0x6
 1042 013c 00       		.byte	0
 1043 013d 00       		.byte	0
 1044 013e 19       		.uleb128 0x19
 1045 013f 0F       		.uleb128 0xf
 1046 0140 00       		.byte	0
 1047 0141 0B       		.uleb128 0xb
 1048 0142 0B       		.uleb128 0xb
 1049 0143 49       		.uleb128 0x49
 1050 0144 13       		.uleb128 0x13
 1051 0145 00       		.byte	0
 1052 0146 00       		.byte	0
 1053 0147 1A       		.uleb128 0x1a
 1054 0148 2E       		.uleb128 0x2e
 1055 0149 00       		.byte	0
 1056 014a 3F       		.uleb128 0x3f
 1057 014b 19       		.uleb128 0x19
 1058 014c 3C       		.uleb128 0x3c
 1059 014d 19       		.uleb128 0x19
 1060 014e 6E       		.uleb128 0x6e
 1061 014f 0E       		.uleb128 0xe
 1062 0150 03       		.uleb128 0x3
 1063 0151 0E       		.uleb128 0xe
 1064 0152 00       		.byte	0
 1065 0153 00       		.byte	0
 1066 0154 1B       		.uleb128 0x1b
 1067 0155 2E       		.uleb128 0x2e
 1068 0156 00       		.byte	0
 1069 0157 3F       		.uleb128 0x3f
 1070 0158 19       		.uleb128 0x19
 1071 0159 3C       		.uleb128 0x3c
 1072 015a 19       		.uleb128 0x19
 1073 015b 6E       		.uleb128 0x6e
 1074 015c 0E       		.uleb128 0xe
 1075 015d 03       		.uleb128 0x3
ARM GAS  C:\Users\vanil\AppData\Local\Temp\ccxzSzNX.s 			page 26


 1076 015e 0E       		.uleb128 0xe
 1077 015f 3A       		.uleb128 0x3a
 1078 0160 0B       		.uleb128 0xb
 1079 0161 3B       		.uleb128 0x3b
 1080 0162 0B       		.uleb128 0xb
 1081 0163 00       		.byte	0
 1082 0164 00       		.byte	0
 1083 0165 00       		.byte	0
 1084              		.section	.debug_loc,"",%progbits
 1085              	.Ldebug_loc0:
 1086              	.LLST0:
 1087 0000 00000000 		.4byte	.LVL0
 1088 0004 09000000 		.4byte	.LVL2-1
 1089 0008 0100     		.2byte	0x1
 1090 000a 50       		.byte	0x50
 1091 000b 09000000 		.4byte	.LVL2-1
 1092 000f 0C000000 		.4byte	.LFE2
 1093 0013 0400     		.2byte	0x4
 1094 0015 F3       		.byte	0xf3
 1095 0016 01       		.uleb128 0x1
 1096 0017 50       		.byte	0x50
 1097 0018 9F       		.byte	0x9f
 1098 0019 00000000 		.4byte	0
 1099 001d 00000000 		.4byte	0
 1100              	.LLST1:
 1101 0021 00000000 		.4byte	.LVL0
 1102 0025 06000000 		.4byte	.LVL1
 1103 0029 0100     		.2byte	0x1
 1104 002b 51       		.byte	0x51
 1105 002c 06000000 		.4byte	.LVL1
 1106 0030 09000000 		.4byte	.LVL2-1
 1107 0034 0100     		.2byte	0x1
 1108 0036 52       		.byte	0x52
 1109 0037 09000000 		.4byte	.LVL2-1
 1110 003b 0C000000 		.4byte	.LFE2
 1111 003f 0400     		.2byte	0x4
 1112 0041 F3       		.byte	0xf3
 1113 0042 01       		.uleb128 0x1
 1114 0043 51       		.byte	0x51
 1115 0044 9F       		.byte	0x9f
 1116 0045 00000000 		.4byte	0
 1117 0049 00000000 		.4byte	0
 1118              	.LLST2:
 1119 004d D2000000 		.4byte	.LVL10
 1120 0051 D6000000 		.4byte	.LVL11
 1121 0055 0200     		.2byte	0x2
 1122 0057 30       		.byte	0x30
 1123 0058 9F       		.byte	0x9f
 1124 0059 D6000000 		.4byte	.LVL11
 1125 005d F4000000 		.4byte	.LVL13
 1126 0061 0100     		.2byte	0x1
 1127 0063 54       		.byte	0x54
 1128 0064 F6000000 		.4byte	.LVL14
 1129 0068 40010000 		.4byte	.LVL17
 1130 006c 0100     		.2byte	0x1
 1131 006e 54       		.byte	0x54
 1132 006f 00000000 		.4byte	0
ARM GAS  C:\Users\vanil\AppData\Local\Temp\ccxzSzNX.s 			page 27


 1133 0073 00000000 		.4byte	0
 1134              	.LLST3:
 1135 0077 D6000000 		.4byte	.LVL11
 1136 007b F4000000 		.4byte	.LVL13
 1137 007f 0B00     		.2byte	0xb
 1138 0081 74       		.byte	0x74
 1139 0082 00       		.sleb128 0
 1140 0083 36       		.byte	0x36
 1141 0084 1E       		.byte	0x1e
 1142 0085 03       		.byte	0x3
 1143 0086 00000000 		.4byte	cfg_memset_list.4893
 1144 008a 22       		.byte	0x22
 1145 008b 9F       		.byte	0x9f
 1146 008c F4000000 		.4byte	.LVL13
 1147 0090 F6000000 		.4byte	.LVL14
 1148 0094 0B00     		.2byte	0xb
 1149 0096 74       		.byte	0x74
 1150 0097 7F       		.sleb128 -1
 1151 0098 36       		.byte	0x36
 1152 0099 1E       		.byte	0x1e
 1153 009a 03       		.byte	0x3
 1154 009b 00000000 		.4byte	cfg_memset_list.4893
 1155 009f 22       		.byte	0x22
 1156 00a0 9F       		.byte	0x9f
 1157 00a1 00000000 		.4byte	0
 1158 00a5 00000000 		.4byte	0
 1159              		.section	.debug_aranges,"",%progbits
 1160 0000 34000000 		.4byte	0x34
 1161 0004 0200     		.2byte	0x2
 1162 0006 00000000 		.4byte	.Ldebug_info0
 1163 000a 04       		.byte	0x4
 1164 000b 00       		.byte	0
 1165 000c 0000     		.2byte	0
 1166 000e 0000     		.2byte	0
 1167 0010 00000000 		.4byte	.LFB6
 1168 0014 20000000 		.4byte	.LFE6-.LFB6
 1169 0018 00000000 		.4byte	.LFB2
 1170 001c 0C000000 		.4byte	.LFE2-.LFB2
 1171 0020 00000000 		.4byte	.LFB5
 1172 0024 C8000000 		.4byte	.LFE5-.LFB5
 1173 0028 C8000000 		.4byte	.LFB7
 1174 002c A8000000 		.4byte	.LFE7-.LFB7
 1175 0030 00000000 		.4byte	0
 1176 0034 00000000 		.4byte	0
 1177              		.section	.debug_ranges,"",%progbits
 1178              	.Ldebug_ranges0:
 1179 0000 00000000 		.4byte	.LFB6
 1180 0004 20000000 		.4byte	.LFE6
 1181 0008 00000000 		.4byte	.LFB2
 1182 000c 0C000000 		.4byte	.LFE2
 1183 0010 00000000 		.4byte	.LFB5
 1184 0014 C8000000 		.4byte	.LFE5
 1185 0018 C8000000 		.4byte	.LFB7
 1186 001c 70010000 		.4byte	.LFE7
 1187 0020 00000000 		.4byte	0
 1188 0024 00000000 		.4byte	0
 1189              		.section	.debug_line,"",%progbits
ARM GAS  C:\Users\vanil\AppData\Local\Temp\ccxzSzNX.s 			page 28


 1190              	.Ldebug_line0:
 1191 0000 54010000 		.section	.debug_str,"MS",%progbits,1
 1191      0200DC00 
 1191      00000201 
 1191      FB0E0D00 
 1191      01010101 
 1192              	.LASF19:
 1193 0000 72656733 		.ascii	"reg32\000"
 1193      3200
 1194              	.LASF12:
 1195 0006 73697A65 		.ascii	"size_t\000"
 1195      5F7400
 1196              	.LASF36:
 1197 000d 416E616C 		.ascii	"AnalogSetDefault\000"
 1197      6F675365 
 1197      74446566 
 1197      61756C74 
 1197      00
 1198              	.LASF18:
 1199 001e 72656738 		.ascii	"reg8\000"
 1199      00
 1200              	.LASF31:
 1201 0023 4379496E 		.ascii	"CyIntSetVector\000"
 1201      74536574 
 1201      56656374 
 1201      6F7200
 1202              	.LASF25:
 1203 0032 6366675F 		.ascii	"cfg_memset_list\000"
 1203      6D656D73 
 1203      65745F6C 
 1203      69737400 
 1204              	.LASF21:
 1205 0042 436C6F63 		.ascii	"ClockSetup\000"
 1205      6B536574 
 1205      757000
 1206              	.LASF6:
 1207 004d 73686F72 		.ascii	"short unsigned int\000"
 1207      7420756E 
 1207      7369676E 
 1207      65642069 
 1207      6E7400
 1208              	.LASF16:
 1209 0060 666C6F61 		.ascii	"float\000"
 1209      7400
 1210              	.LASF23:
 1211 0066 73697A65 		.ascii	"size\000"
 1211      00
 1212              	.LASF27:
 1213 006b 43795379 		.ascii	"CySysClkWcoSetPowerMode\000"
 1213      73436C6B 
 1213      57636F53 
 1213      6574506F 
 1213      7765724D 
 1214              	.LASF35:
 1215 0083 443A5C50 		.ascii	"D:\\POK_project\\PsoC\\LABs_BLE\\Lab_3_1_UART_Trans"
 1215      4F4B5F70 
 1215      726F6A65 
ARM GAS  C:\Users\vanil\AppData\Local\Temp\ccxzSzNX.s 			page 29


 1215      63745C50 
 1215      736F435C 
 1216 00b2 6D697474 		.ascii	"mitting.cydsn\000"
 1216      696E672E 
 1216      63796473 
 1216      6E00
 1217              	.LASF8:
 1218 00c0 6C6F6E67 		.ascii	"long unsigned int\000"
 1218      20756E73 
 1218      69676E65 
 1218      6420696E 
 1218      7400
 1219              	.LASF13:
 1220 00d2 75696E74 		.ascii	"uint8\000"
 1220      3800
 1221              	.LASF26:
 1222 00d8 43795379 		.ascii	"CySysClkWcoStart\000"
 1222      73436C6B 
 1222      57636F53 
 1222      74617274 
 1222      00
 1223              	.LASF20:
 1224 00e9 43594D45 		.ascii	"CYMEMZERO\000"
 1224      4D5A4552 
 1224      4F00
 1225              	.LASF4:
 1226 00f3 756E7369 		.ascii	"unsigned char\000"
 1226      676E6564 
 1226      20636861 
 1226      7200
 1227              	.LASF38:
 1228 0101 6D656D73 		.ascii	"memset\000"
 1228      657400
 1229              	.LASF17:
 1230 0108 646F7562 		.ascii	"double\000"
 1230      6C6500
 1231              	.LASF32:
 1232 010f 4379496E 		.ascii	"CyIntEnable\000"
 1232      74456E61 
 1232      626C6500 
 1233              	.LASF14:
 1234 011b 75696E74 		.ascii	"uint16\000"
 1234      313600
 1235              	.LASF15:
 1236 0122 75696E74 		.ascii	"uint32\000"
 1236      333200
 1237              	.LASF0:
 1238 0129 756E7369 		.ascii	"unsigned int\000"
 1238      676E6564 
 1238      20696E74 
 1238      00
 1239              	.LASF37:
 1240 0136 63796669 		.ascii	"cyfitter_cfg\000"
 1240      74746572 
 1240      5F636667 
 1240      00
 1241              	.LASF22:
ARM GAS  C:\Users\vanil\AppData\Local\Temp\ccxzSzNX.s 			page 30


 1242 0143 61646472 		.ascii	"address\000"
 1242      65737300 
 1243              	.LASF9:
 1244 014b 6C6F6E67 		.ascii	"long long unsigned int\000"
 1244      206C6F6E 
 1244      6720756E 
 1244      7369676E 
 1244      65642069 
 1245              	.LASF33:
 1246 0162 474E5520 		.ascii	"GNU C11 5.4.1 20160609 (release) [ARM/embedded-5-br"
 1246      43313120 
 1246      352E342E 
 1246      31203230 
 1246      31363036 
 1247 0195 616E6368 		.ascii	"anch revision 237715] -mcpu=cortex-m0 -mthumb -g -O"
 1247      20726576 
 1247      6973696F 
 1247      6E203233 
 1247      37373135 
 1248 01c8 67202D66 		.ascii	"g -ffunction-sections -ffat-lto-objects\000"
 1248      66756E63 
 1248      74696F6E 
 1248      2D736563 
 1248      74696F6E 
 1249              	.LASF24:
 1250 01f0 6366675F 		.ascii	"cfg_memset_t\000"
 1250      6D656D73 
 1250      65745F74 
 1250      00
 1251              	.LASF10:
 1252 01fd 73697A65 		.ascii	"sizetype\000"
 1252      74797065 
 1252      00
 1253              	.LASF1:
 1254 0206 6C6F6E67 		.ascii	"long long int\000"
 1254      206C6F6E 
 1254      6720696E 
 1254      7400
 1255              	.LASF30:
 1256 0214 43794465 		.ascii	"CyDelayUs\000"
 1256      6C617955 
 1256      7300
 1257              	.LASF11:
 1258 021e 63686172 		.ascii	"char\000"
 1258      00
 1259              	.LASF29:
 1260 0223 43795379 		.ascii	"CySysClkEcoStart\000"
 1260      73436C6B 
 1260      45636F53 
 1260      74617274 
 1260      00
 1261              	.LASF5:
 1262 0234 73686F72 		.ascii	"short int\000"
 1262      7420696E 
 1262      7400
 1263              	.LASF28:
 1264 023e 43795379 		.ascii	"CySysClkWriteImoFreq\000"
ARM GAS  C:\Users\vanil\AppData\Local\Temp\ccxzSzNX.s 			page 31


 1264      73436C6B 
 1264      57726974 
 1264      65496D6F 
 1264      46726571 
 1265              	.LASF7:
 1266 0253 6C6F6E67 		.ascii	"long int\000"
 1266      20696E74 
 1266      00
 1267              	.LASF2:
 1268 025c 6C6F6E67 		.ascii	"long double\000"
 1268      20646F75 
 1268      626C6500 
 1269              	.LASF3:
 1270 0268 7369676E 		.ascii	"signed char\000"
 1270      65642063 
 1270      68617200 
 1271              	.LASF34:
 1272 0274 47656E65 		.ascii	"Generated_Source\\PSoC4\\cyfitter_cfg.c\000"
 1272      72617465 
 1272      645F536F 
 1272      75726365 
 1272      5C50536F 
 1273              		.ident	"GCC: (GNU Tools for ARM Embedded Processors) 5.4.1 20160609 (release) [ARM/embedded-5-bran
